# JRE version: OpenJDK Runtime Environment Temurin-21.0.12.1+1 (21.0.12.1+1) (build 21.0.12.1+1-LTS)
# Java VM: OpenJDK 64-Bit Server VM Temurin-21.0.12.1+1 (21.0.12.1+1-LTS, mixed mode, sharing, tiered, compressed oops, compressed class ptrs, g1 gc, windows-amd64)
GC Precious Log:
 CardTable entry size: 512
 Card Set container configuration: InlinePtr #cards 4 size 8 Array Of Cards #cards 32 size 80 Howl #buckets 8 coarsen threshold 7372 Howl Bitmap #cards 1024 size 144 coarsen threshold 921 Card regions per heap region 1 cards per card region 8192
 CPUs: 20 total, 20 available
 Memory: 16068M
 Large Page Support: Disabled
 NUMA Support: Disabled
 Compressed Oops: Enabled (Zero based)
 Heap Region Size: 4M
 Heap Min Capacity: 8M
 Heap Initial Capacity: 252M
 Heap Max Capacity: 8G
 Pre-touch: Disabled
 Parallel Workers: 15
 Concurrent Workers: 4
 Concurrent Refinement Workers: 15
 Periodic GC: Disabled
Heap:
 garbage-first heap   total 131072K, used 88519K [0x0000000600000000, 0x0000000800000000)
  region size 4096K, 12 young (49152K), 1 survivors (4096K)
 Metaspace       used 63131K, committed 65216K, reserved 1114112K
  class space    used 8973K, committed 10048K, reserved 1048576K
GC Heap History (20 events):
Event: 195.104 GC heap before
{Heap before GC invocations=20 (full 0):
 garbage-first heap   total 106496K, used 87971K [0x0000000600000000, 0x0000000800000000)
  region size 4096K, 10 young (40960K), 2 survivors (8192K)
 Metaspace       used 61136K, committed 63232K, reserved 1114112K
  class space    used 8925K, committed 9984K, reserved 1048576K
}
Event: 195.107 GC heap after
{Heap after GC invocations=21 (full 0):
 garbage-first heap   total 106496K, used 52084K [0x0000000600000000, 0x0000000800000000)
  region size 4096K, 1 young (4096K), 1 survivors (4096K)
 Metaspace       used 61136K, committed 63232K, reserved 1114112K
  class space    used 8925K, committed 9984K, reserved 1048576K
}
Event: 199.632 GC heap before
{Heap before GC invocations=22 (full 0):
 garbage-first heap   total 106496K, used 88948K [0x0000000600000000, 0x0000000800000000)
  region size 4096K, 10 young (40960K), 1 survivors (4096K)
 Metaspace       used 61457K, committed 63488K, reserved 1114112K
  class space    used 8927K, committed 9984K, reserved 1048576K
}
Event: 199.635 GC heap after
{Heap after GC invocations=23 (full 0):
 garbage-first heap   total 106496K, used 54120K [0x0000000600000000, 0x0000000800000000)
  region size 4096K, 1 young (4096K), 1 survivors (4096K)
 Metaspace       used 61457K, committed 63488K, reserved 1114112K
  class space    used 8927K, committed 9984K, reserved 1048576K
}
Event: 208.787 GC heap before
{Heap before GC invocations=23 (full 0):
 garbage-first heap   total 106496K, used 90984K [0x0000000600000000, 0x0000000800000000)
  region size 4096K, 10 young (40960K), 1 survivors (4096K)
 Metaspace       used 61652K, committed 63744K, reserved 1114112K
  class space    used 8930K, committed 9984K, reserved 1048576K
}
Event: 208.791 GC heap after
{Heap after GC invocations=24 (full 0):
 garbage-first heap   total 106496K, used 49592K [0x0000000600000000, 0x0000000800000000)
  region size 4096K, 1 young (4096K), 1 survivors (4096K)
 Metaspace       used 61652K, committed 63744K, reserved 1114112K
  class space    used 8930K, committed 9984K, reserved 1048576K
}
Event: 222.611 GC heap before
{Heap before GC invocations=24 (full 0):
 garbage-first heap   total 106496K, used 86456K [0x0000000600000000, 0x0000000800000000)
  region size 4096K, 11 young (45056K), 1 survivors (4096K)
 Metaspace       used 61906K, committed 64000K, reserved 1114112K
  class space    used 8931K, committed 9984K, reserved 1048576K
}
Event: 222.616 GC heap after
{Heap after GC invocations=25 (full 0):
 garbage-first heap   total 106496K, used 52096K [0x0000000600000000, 0x0000000800000000)
  region size 4096K, 1 young (4096K), 1 survivors (4096K)
 Metaspace       used 61906K, committed 64000K, reserved 1114112K
  class space    used 8931K, committed 9984K, reserved 1048576K
}
Event: 229.067 GC heap before
{Heap before GC invocations=26 (full 0):
 garbage-first heap   total 106496K, used 93056K [0x0000000600000000, 0x0000000800000000)
  region size 4096K, 11 young (45056K), 1 survivors (4096K)
 Metaspace       used 62123K, committed 64192K, reserved 1114112K
  class space    used 8932K, committed 9984K, reserved 1048576K
}
Event: 229.086 GC heap after
{Heap after GC invocations=27 (full 0):
 garbage-first heap   total 131072K, used 50995K [0x0000000600000000, 0x0000000800000000)
  region size 4096K, 1 young (4096K), 1 survivors (4096K)
 Metaspace       used 62123K, committed 64192K, reserved 1114112K
  class space    used 8932K, committed 9984K, reserved 1048576K
}
Event: 240.014 GC heap before
{Heap before GC invocations=27 (full 0):
 garbage-first heap   total 131072K, used 116531K [0x0000000600000000, 0x0000000800000000)
  region size 4096K, 17 young (69632K), 1 survivors (4096K)
 Metaspace       used 62360K, committed 64384K, reserved 1114112K
  class space    used 8935K, committed 9984K, reserved 1048576K
}
Event: 240.022 GC heap after
{Heap after GC invocations=28 (full 0):
 garbage-first heap   total 131072K, used 52140K [0x0000000600000000, 0x0000000800000000)
  region size 4096K, 2 young (8192K), 2 survivors (8192K)
 Metaspace       used 62360K, committed 64384K, reserved 1114112K
  class space    used 8935K, committed 9984K, reserved 1048576K
}
Event: 250.330 GC heap before
{Heap before GC invocations=28 (full 0):
 garbage-first heap   total 131072K, used 113580K [0x0000000600000000, 0x0000000800000000)
  region size 4096K, 17 young (69632K), 2 survivors (8192K)
 Metaspace       used 62709K, committed 64832K, reserved 1114112K
  class space    used 8968K, committed 10048K, reserved 1048576K
}
Event: 250.334 GC heap after
{Heap after GC invocations=29 (full 0):
 garbage-first heap   total 131072K, used 50433K [0x0000000600000000, 0x0000000800000000)
  region size 4096K, 1 young (4096K), 1 survivors (4096K)
 Metaspace       used 62709K, committed 64832K, reserved 1114112K
  class space    used 8968K, committed 10048K, reserved 1048576K
}
Event: 268.635 GC heap before
{Heap before GC invocations=30 (full 0):
 garbage-first heap   total 131072K, used 115969K [0x0000000600000000, 0x0000000800000000)
  region size 4096K, 17 young (69632K), 1 survivors (4096K)
 Metaspace       used 62861K, committed 64960K, reserved 1114112K
  class space    used 8969K, committed 10048K, reserved 1048576K
}
Event: 268.641 GC heap after
{Heap after GC invocations=31 (full 0):
 garbage-first heap   total 131072K, used 51911K [0x0000000600000000, 0x0000000800000000)
  region size 4096K, 2 young (8192K), 2 survivors (8192K)
 Metaspace       used 62861K, committed 64960K, reserved 1114112K
  class space    used 8969K, committed 10048K, reserved 1048576K
}
Event: 282.128 GC heap before
{Heap before GC invocations=31 (full 0):
 garbage-first heap   total 131072K, used 113351K [0x0000000600000000, 0x0000000800000000)
  region size 4096K, 17 young (69632K), 2 survivors (8192K)
 Metaspace       used 62964K, committed 65088K, reserved 1114112K
  class space    used 8971K, committed 10048K, reserved 1048576K
}
Event: 282.141 GC heap after
{Heap after GC invocations=32 (full 0):
 garbage-first heap   total 131072K, used 49453K [0x0000000600000000, 0x0000000800000000)
  region size 4096K, 1 young (4096K), 1 survivors (4096K)
 Metaspace       used 62964K, committed 65088K, reserved 1114112K
  class space    used 8971K, committed 10048K, reserved 1048576K
}
Event: 288.112 GC heap before
{Heap before GC invocations=32 (full 0):
 garbage-first heap   total 131072K, used 110893K [0x0000000600000000, 0x0000000800000000)
  region size 4096K, 17 young (69632K), 1 survivors (4096K)
 Metaspace       used 63074K, committed 65216K, reserved 1114112K
  class space    used 8973K, committed 10048K, reserved 1048576K
}
Event: 288.116 GC heap after
{Heap after GC invocations=33 (full 0):
 garbage-first heap   total 131072K, used 47559K [0x0000000600000000, 0x0000000800000000)
  region size 4096K, 1 young (4096K), 1 survivors (4096K)
 Metaspace       used 63074K, committed 65216K, reserved 1114112K
  class space    used 8973K, committed 10048K, reserved 1048576K
}

