# JRE version: OpenJDK Runtime Environment Temurin-21.0.12.1+1 (21.0.12.1+1) (build 21.0.12.1+1-LTS)
# Java VM: OpenJDK 64-Bit Server VM Temurin-21.0.12.1+1 (21.0.12.1+1-LTS, mixed mode, sharing, tiered, compressed oops, compressed class ptrs, g1 gc, windows-amd64)
GC Precious Log:
 CardTable entry size: 512
 Card Set container configuration: InlinePtr #cards 4 size 8 Array Of Cards #cards 32 size 80 Howl #buckets 8 coarsen threshold 7372 Howl Bitmap #cards 1024 size 144 coarsen threshold 921 Card regions per heap region 1 cards per card region 8192
 CPUs: 20 total, 20 available
 Memory: 16068M
 Large Page Support: Disabled
 NUMA Support: Disabled
 Compressed Oops: Enabled (Zero based)
 Heap Region Size: 4M
 Heap Min Capacity: 8M
 Heap Initial Capacity: 252M
 Heap Max Capacity: 8G
 Pre-touch: Disabled
 Parallel Workers: 15
 Concurrent Workers: 4
 Concurrent Refinement Workers: 15
 Periodic GC: Disabled
Heap:
 garbage-first heap   total 135168K, used 69020K [0x0000000600000000, 0x0000000800000000)
  region size 4096K, 7 young (28672K), 2 survivors (8192K)
 Metaspace       used 66327K, committed 68352K, reserved 1114112K
  class space    used 9755K, committed 10752K, reserved 1048576K
GC Heap History (20 events):
Event: 41.847 GC heap before
{Heap before GC invocations=7 (full 0):
 garbage-first heap   total 106496K, used 29793K [0x0000000600000000, 0x0000000800000000)
  region size 4096K, 3 young (12288K), 2 survivors (8192K)
 Metaspace       used 35019K, committed 36288K, reserved 1114112K
  class space    used 4983K, committed 5632K, reserved 1048576K
}
Event: 41.851 GC heap after
{Heap after GC invocations=8 (full 0):
 garbage-first heap   total 106496K, used 29971K [0x0000000600000000, 0x0000000800000000)
  region size 4096K, 1 young (4096K), 1 survivors (4096K)
 Metaspace       used 35019K, committed 36288K, reserved 1114112K
  class space    used 4983K, committed 5632K, reserved 1048576K
}
Event: 203.664 GC heap before
{Heap before GC invocations=9 (full 0):
 garbage-first heap   total 106496K, used 87315K [0x0000000600000000, 0x0000000800000000)
  region size 4096K, 15 young (61440K), 1 survivors (4096K)
 Metaspace       used 36933K, committed 38336K, reserved 1114112K
  class space    used 5301K, committed 5952K, reserved 1048576K
}
Event: 203.716 GC heap after
{Heap after GC invocations=10 (full 0):
 garbage-first heap   total 106496K, used 31522K [0x0000000600000000, 0x0000000800000000)
  region size 4096K, 2 young (8192K), 2 survivors (8192K)
 Metaspace       used 36933K, committed 38336K, reserved 1114112K
  class space    used 5301K, committed 5952K, reserved 1048576K
}
Event: 275.929 GC heap before
{Heap before GC invocations=10 (full 0):
 garbage-first heap   total 106496K, used 84770K [0x0000000600000000, 0x0000000800000000)
  region size 4096K, 15 young (61440K), 2 survivors (8192K)
 Metaspace       used 40519K, committed 42112K, reserved 1114112K
  class space    used 5897K, committed 6656K, reserved 1048576K
}
Event: 276.007 GC heap after
{Heap after GC invocations=11 (full 0):
 garbage-first heap   total 106496K, used 32708K [0x0000000600000000, 0x0000000800000000)
  region size 4096K, 2 young (8192K), 2 survivors (8192K)
 Metaspace       used 40519K, committed 42112K, reserved 1114112K
  class space    used 5897K, committed 6656K, reserved 1048576K
}
Event: 293.883 GC heap before
{Heap before GC invocations=11 (full 0):
 garbage-first heap   total 106496K, used 85956K [0x0000000600000000, 0x0000000800000000)
  region size 4096K, 15 young (61440K), 2 survivors (8192K)
 Metaspace       used 44461K, committed 46208K, reserved 1114112K
  class space    used 6568K, committed 7424K, reserved 1048576K
}
Event: 293.891 GC heap after
{Heap after GC invocations=12 (full 0):
 garbage-first heap   total 106496K, used 34778K [0x0000000600000000, 0x0000000800000000)
  region size 4096K, 2 young (8192K), 2 survivors (8192K)
 Metaspace       used 44461K, committed 46208K, reserved 1114112K
  class space    used 6568K, committed 7424K, reserved 1048576K
}
Event: 297.236 GC heap before
{Heap before GC invocations=12 (full 0):
 garbage-first heap   total 106496K, used 88026K [0x0000000600000000, 0x0000000800000000)
  region size 4096K, 15 young (61440K), 2 survivors (8192K)
 Metaspace       used 47691K, committed 49408K, reserved 1114112K
  class space    used 7045K, committed 7872K, reserved 1048576K
}
Event: 297.296 GC heap after
{Heap after GC invocations=13 (full 0):
 garbage-first heap   total 106496K, used 40370K [0x0000000600000000, 0x0000000800000000)
  region size 4096K, 2 young (8192K), 2 survivors (8192K)
 Metaspace       used 47691K, committed 49408K, reserved 1114112K
  class space    used 7045K, committed 7872K, reserved 1048576K
}
Event: 301.851 GC heap before
{Heap before GC invocations=13 (full 0):
 garbage-first heap   total 106496K, used 89522K [0x0000000600000000, 0x0000000800000000)
  region size 4096K, 15 young (61440K), 2 survivors (8192K)
 Metaspace       used 51006K, committed 52864K, reserved 1114112K
  class space    used 7615K, committed 8512K, reserved 1048576K
}
Event: 301.864 GC heap after
{Heap after GC invocations=14 (full 0):
 garbage-first heap   total 110592K, used 46379K [0x0000000600000000, 0x0000000800000000)
  region size 4096K, 2 young (8192K), 2 survivors (8192K)
 Metaspace       used 51006K, committed 52864K, reserved 1114112K
  class space    used 7615K, committed 8512K, reserved 1048576K
}
Event: 302.663 GC heap before
{Heap before GC invocations=14 (full 0):
 garbage-first heap   total 110592K, used 91435K [0x0000000600000000, 0x0000000800000000)
  region size 4096K, 13 young (53248K), 2 survivors (8192K)
 Metaspace       used 55746K, committed 57664K, reserved 1114112K
  class space    used 8239K, committed 9152K, reserved 1048576K
}
Event: 302.666 GC heap after
{Heap after GC invocations=15 (full 0):
 garbage-first heap   total 110592K, used 48897K [0x0000000600000000, 0x0000000800000000)
  region size 4096K, 1 young (4096K), 1 survivors (4096K)
 Metaspace       used 55746K, committed 57664K, reserved 1114112K
  class space    used 8239K, committed 9152K, reserved 1048576K
}
Event: 303.289 GC heap before
{Heap before GC invocations=15 (full 0):
 garbage-first heap   total 110592K, used 73473K [0x0000000600000000, 0x0000000800000000)
  region size 4096K, 8 young (32768K), 1 survivors (4096K)
 Metaspace       used 58836K, committed 60736K, reserved 1114112K
  class space    used 8676K, committed 9600K, reserved 1048576K
}
Event: 303.293 GC heap after
{Heap after GC invocations=16 (full 0):
 garbage-first heap   total 110592K, used 50105K [0x0000000600000000, 0x0000000800000000)
  region size 4096K, 1 young (4096K), 1 survivors (4096K)
 Metaspace       used 58836K, committed 60736K, reserved 1114112K
  class space    used 8676K, committed 9600K, reserved 1048576K
}
Event: 304.497 GC heap before
{Heap before GC invocations=17 (full 0):
 garbage-first heap   total 110592K, used 95161K [0x0000000600000000, 0x0000000800000000)
  region size 4096K, 12 young (49152K), 1 survivors (4096K)
 Metaspace       used 61704K, committed 63680K, reserved 1114112K
  class space    used 9088K, committed 10048K, reserved 1048576K
}
Event: 304.501 GC heap after
{Heap after GC invocations=18 (full 0):
 garbage-first heap   total 135168K, used 51289K [0x0000000600000000, 0x0000000800000000)
  region size 4096K, 2 young (8192K), 2 survivors (8192K)
 Metaspace       used 61704K, committed 63680K, reserved 1114112K
  class space    used 9088K, committed 10048K, reserved 1048576K
}
Event: 310.654 GC heap before
{Heap before GC invocations=18 (full 0):
 garbage-first heap   total 135168K, used 112729K [0x0000000600000000, 0x0000000800000000)
  region size 4096K, 17 young (69632K), 2 survivors (8192K)
 Metaspace       used 65151K, committed 67200K, reserved 1114112K
  class space    used 9576K, committed 10624K, reserved 1048576K
}
Event: 310.660 GC heap after
{Heap after GC invocations=19 (full 0):
 garbage-first heap   total 135168K, used 52636K [0x0000000600000000, 0x0000000800000000)
  region size 4096K, 2 young (8192K), 2 survivors (8192K)
 Metaspace       used 65151K, committed 67200K, reserved 1114112K
  class space    used 9576K, committed 10624K, reserved 1048576K
}

