# JRE version: OpenJDK Runtime Environment Temurin-21.0.12.1+1 (21.0.12.1+1) (build 21.0.12.1+1-LTS)
# Java VM: OpenJDK 64-Bit Server VM Temurin-21.0.12.1+1 (21.0.12.1+1-LTS, mixed mode, sharing, tiered, compressed oops, compressed class ptrs, g1 gc, windows-amd64)
GC Precious Log:
 CardTable entry size: 512
 Card Set container configuration: InlinePtr #cards 4 size 8 Array Of Cards #cards 32 size 80 Howl #buckets 8 coarsen threshold 7372 Howl Bitmap #cards 1024 size 144 coarsen threshold 921 Card regions per heap region 1 cards per card region 8192
 CPUs: 20 total, 20 available
 Memory: 16068M
 Large Page Support: Disabled
 NUMA Support: Disabled
 Compressed Oops: Enabled (Zero based)
 Heap Region Size: 4M
 Heap Min Capacity: 8M
 Heap Initial Capacity: 252M
 Heap Max Capacity: 8G
 Pre-touch: Disabled
 Parallel Workers: 15
 Concurrent Workers: 4
 Concurrent Refinement Workers: 15
 Periodic GC: Disabled
Heap:
 garbage-first heap   total 155648K, used 56793K [0x0000000600000000, 0x0000000800000000)
  region size 4096K, 9 young (36864K), 2 survivors (8192K)
 Metaspace       used 38521K, committed 40000K, reserved 1114112K
  class space    used 5575K, committed 6272K, reserved 1048576K
GC Heap History (16 events):
Event: 1.591 GC heap before
{Heap before GC invocations=0 (full 0):
 garbage-first heap   total 258048K, used 20480K [0x0000000600000000, 0x0000000800000000)
  region size 4096K, 5 young (20480K), 0 survivors (0K)
 Metaspace       used 882K, committed 1024K, reserved 1114112K
  class space    used 71K, committed 128K, reserved 1048576K
}
Event: 1.760 GC heap after
{Heap after GC invocations=1 (full 0):
 garbage-first heap   total 258048K, used 1440K [0x0000000600000000, 0x0000000800000000)
  region size 4096K, 1 young (4096K), 1 survivors (4096K)
 Metaspace       used 882K, committed 1024K, reserved 1114112K
  class space    used 71K, committed 128K, reserved 1048576K
}
Event: 3.955 GC heap before
{Heap before GC invocations=1 (full 0):
 garbage-first heap   total 258048K, used 42400K [0x0000000600000000, 0x0000000800000000)
  region size 4096K, 11 young (45056K), 1 survivors (4096K)
 Metaspace       used 4602K, committed 4800K, reserved 1114112K
  class space    used 584K, committed 704K, reserved 1048576K
}
Event: 3.960 GC heap after
{Heap after GC invocations=2 (full 0):
 garbage-first heap   total 258048K, used 11507K [0x0000000600000000, 0x0000000800000000)
  region size 4096K, 2 young (8192K), 2 survivors (8192K)
 Metaspace       used 4602K, committed 4800K, reserved 1114112K
  class space    used 584K, committed 704K, reserved 1048576K
}
Event: 7.581 GC heap before
{Heap before GC invocations=2 (full 0):
 garbage-first heap   total 258048K, used 81139K [0x0000000600000000, 0x0000000800000000)
  region size 4096K, 19 young (77824K), 2 survivors (8192K)
 Metaspace       used 10559K, committed 10816K, reserved 1114112K
  class space    used 1430K, committed 1536K, reserved 1048576K
}
Event: 7.649 GC heap after
{Heap after GC invocations=3 (full 0):
 garbage-first heap   total 258048K, used 20022K [0x0000000600000000, 0x0000000800000000)
  region size 4096K, 3 young (12288K), 3 survivors (12288K)
 Metaspace       used 10559K, committed 10816K, reserved 1114112K
  class space    used 1430K, committed 1536K, reserved 1048576K
}
Event: 12.027 GC heap before
{Heap before GC invocations=3 (full 0):
 garbage-first heap   total 258048K, used 89654K [0x0000000600000000, 0x0000000800000000)
  region size 4096K, 21 young (86016K), 3 survivors (12288K)
 Metaspace       used 20865K, committed 21504K, reserved 1114112K
  class space    used 2900K, committed 3200K, reserved 1048576K
}
Event: 12.040 GC heap after
{Heap after GC invocations=4 (full 0):
 garbage-first heap   total 258048K, used 23926K [0x0000000600000000, 0x0000000800000000)
  region size 4096K, 4 young (16384K), 4 survivors (16384K)
 Metaspace       used 20865K, committed 21504K, reserved 1114112K
  class space    used 2900K, committed 3200K, reserved 1048576K
}
Event: 14.733 GC heap before
{Heap before GC invocations=5 (full 0):
 garbage-first heap   total 98304K, used 93558K [0x0000000600000000, 0x0000000800000000)
  region size 4096K, 21 young (86016K), 4 survivors (16384K)
 Metaspace       used 29484K, committed 30592K, reserved 1114112K
  class space    used 4292K, committed 4864K, reserved 1048576K
}
Event: 14.741 GC heap after
{Heap after GC invocations=6 (full 0):
 garbage-first heap   total 118784K, used 27698K [0x0000000600000000, 0x0000000800000000)
  region size 4096K, 2 young (8192K), 2 survivors (8192K)
 Metaspace       used 29484K, committed 30592K, reserved 1114112K
  class space    used 4292K, committed 4864K, reserved 1048576K
}
Event: 15.683 GC heap before
{Heap before GC invocations=6 (full 0):
 garbage-first heap   total 118784K, used 60466K [0x0000000600000000, 0x0000000800000000)
  region size 4096K, 12 young (49152K), 2 survivors (8192K)
 Metaspace       used 34684K, committed 35968K, reserved 1114112K
  class space    used 4957K, committed 5568K, reserved 1048576K
}
Event: 15.689 GC heap after
{Heap after GC invocations=7 (full 0):
 garbage-first heap   total 118784K, used 30272K [0x0000000600000000, 0x0000000800000000)
  region size 4096K, 2 young (8192K), 2 survivors (8192K)
 Metaspace       used 34684K, committed 35968K, reserved 1114112K
  class space    used 4957K, committed 5568K, reserved 1048576K
}
Event: 15.724 GC heap before
{Heap before GC invocations=7 (full 0):
 garbage-first heap   total 118784K, used 30272K [0x0000000600000000, 0x0000000800000000)
  region size 4096K, 3 young (12288K), 2 survivors (8192K)
 Metaspace       used 34903K, committed 36288K, reserved 1114112K
  class space    used 4988K, committed 5696K, reserved 1048576K
}
Event: 15.729 GC heap after
{Heap after GC invocations=8 (full 0):
 garbage-first heap   total 118784K, used 30521K [0x0000000600000000, 0x0000000800000000)
  region size 4096K, 2 young (8192K), 2 survivors (8192K)
 Metaspace       used 34903K, committed 36288K, reserved 1114112K
  class space    used 4988K, committed 5696K, reserved 1048576K
}
Event: 167.444 GC heap before
{Heap before GC invocations=9 (full 0):
 garbage-first heap   total 110592K, used 87865K [0x0000000600000000, 0x0000000800000000)
  region size 4096K, 16 young (65536K), 2 survivors (8192K)
 Metaspace       used 36912K, committed 38336K, reserved 1114112K
  class space    used 5309K, committed 6016K, reserved 1048576K
}
Event: 167.554 GC heap after
{Heap after GC invocations=10 (full 0):
 garbage-first heap   total 155648K, used 32217K [0x0000000600000000, 0x0000000800000000)
  region size 4096K, 2 young (8192K), 2 survivors (8192K)
 Metaspace       used 36912K, committed 38336K, reserved 1114112K
  class space    used 5309K, committed 6016K, reserved 1048576K
}

