# JRE version: OpenJDK Runtime Environment Temurin-21.0.12.1+1 (21.0.12.1+1) (build 21.0.12.1+1-LTS)
# Java VM: OpenJDK 64-Bit Server VM Temurin-21.0.12.1+1 (21.0.12.1+1-LTS, mixed mode, sharing, tiered, compressed oops, compressed class ptrs, g1 gc, windows-amd64)
GC Precious Log:
 CardTable entry size: 512
 Card Set container configuration: InlinePtr #cards 4 size 8 Array Of Cards #cards 32 size 80 Howl #buckets 8 coarsen threshold 7372 Howl Bitmap #cards 1024 size 144 coarsen threshold 921 Card regions per heap region 1 cards per card region 8192
 CPUs: 20 total, 20 available
 Memory: 16068M
 Large Page Support: Disabled
 NUMA Support: Disabled
 Compressed Oops: Enabled (Zero based)
 Heap Region Size: 4M
 Heap Min Capacity: 8M
 Heap Initial Capacity: 252M
 Heap Max Capacity: 8G
 Pre-touch: Disabled
 Parallel Workers: 15
 Concurrent Workers: 4
 Concurrent Refinement Workers: 15
 Periodic GC: Disabled
Heap:
 garbage-first heap   total 102400K, used 80138K [0x0000000600000000, 0x0000000800000000)
  region size 4096K, 14 young (57344K), 1 survivors (4096K)
 Metaspace       used 36936K, committed 38400K, reserved 1114112K
  class space    used 5308K, committed 6016K, reserved 1048576K
GC Heap History (14 events):
Event: 0.292 GC heap before
{Heap before GC invocations=0 (full 0):
 garbage-first heap   total 258048K, used 20480K [0x0000000600000000, 0x0000000800000000)
  region size 4096K, 5 young (20480K), 0 survivors (0K)
 Metaspace       used 877K, committed 1024K, reserved 1114112K
  class space    used 71K, committed 128K, reserved 1048576K
}
Event: 0.298 GC heap after
{Heap after GC invocations=1 (full 0):
 garbage-first heap   total 258048K, used 1440K [0x0000000600000000, 0x0000000800000000)
  region size 4096K, 1 young (4096K), 1 survivors (4096K)
 Metaspace       used 877K, committed 1024K, reserved 1114112K
  class space    used 71K, committed 128K, reserved 1048576K
}
Event: 1.390 GC heap before
{Heap before GC invocations=1 (full 0):
 garbage-first heap   total 258048K, used 46496K [0x0000000600000000, 0x0000000800000000)
  region size 4096K, 11 young (45056K), 1 survivors (4096K)
 Metaspace       used 4612K, committed 4800K, reserved 1114112K
  class space    used 584K, committed 704K, reserved 1048576K
}
Event: 1.395 GC heap after
{Heap after GC invocations=2 (full 0):
 garbage-first heap   total 258048K, used 11526K [0x0000000600000000, 0x0000000800000000)
  region size 4096K, 2 young (8192K), 2 survivors (8192K)
 Metaspace       used 4612K, committed 4800K, reserved 1114112K
  class space    used 584K, committed 704K, reserved 1048576K
}
Event: 8.307 GC heap before
{Heap before GC invocations=2 (full 0):
 garbage-first heap   total 258048K, used 118022K [0x0000000600000000, 0x0000000800000000)
  region size 4096K, 29 young (118784K), 2 survivors (8192K)
 Metaspace       used 16500K, committed 16960K, reserved 1114112K
  class space    used 2278K, committed 2496K, reserved 1048576K
}
Event: 8.318 GC heap after
{Heap after GC invocations=3 (full 0):
 garbage-first heap   total 258048K, used 21605K [0x0000000600000000, 0x0000000800000000)
  region size 4096K, 4 young (16384K), 4 survivors (16384K)
 Metaspace       used 16500K, committed 16960K, reserved 1114112K
  class space    used 2278K, committed 2496K, reserved 1048576K
}
Event: 9.451 GC heap before
{Heap before GC invocations=3 (full 0):
 garbage-first heap   total 258048K, used 46181K [0x0000000600000000, 0x0000000800000000)
  region size 4096K, 12 young (49152K), 4 survivors (16384K)
 Metaspace       used 20883K, committed 21504K, reserved 1114112K
  class space    used 2893K, committed 3200K, reserved 1048576K
}
Event: 9.458 GC heap after
{Heap after GC invocations=4 (full 0):
 garbage-first heap   total 258048K, used 23866K [0x0000000600000000, 0x0000000800000000)
  region size 4096K, 3 young (12288K), 3 survivors (12288K)
 Metaspace       used 20883K, committed 21504K, reserved 1114112K
  class space    used 2893K, committed 3200K, reserved 1048576K
}
Event: 11.795 GC heap before
{Heap before GC invocations=5 (full 0):
 garbage-first heap   total 81920K, used 81210K [0x0000000600000000, 0x0000000800000000)
  region size 4096K, 17 young (69632K), 3 survivors (12288K)
 Metaspace       used 27988K, committed 29056K, reserved 1114112K
  class space    used 4018K, committed 4544K, reserved 1048576K
}
Event: 11.803 GC heap after
{Heap after GC invocations=6 (full 0):
 garbage-first heap   total 102400K, used 27518K [0x0000000600000000, 0x0000000800000000)
  region size 4096K, 2 young (8192K), 2 survivors (8192K)
 Metaspace       used 27988K, committed 29056K, reserved 1114112K
  class space    used 4018K, committed 4544K, reserved 1048576K
}
Event: 13.686 GC heap before
{Heap before GC invocations=6 (full 0):
 garbage-first heap   total 102400K, used 72574K [0x0000000600000000, 0x0000000800000000)
  region size 4096K, 14 young (57344K), 2 survivors (8192K)
 Metaspace       used 34264K, committed 35584K, reserved 1114112K
  class space    used 4921K, committed 5568K, reserved 1048576K
}
Event: 13.691 GC heap after
{Heap after GC invocations=7 (full 0):
 garbage-first heap   total 102400K, used 30590K [0x0000000600000000, 0x0000000800000000)
  region size 4096K, 2 young (8192K), 2 survivors (8192K)
 Metaspace       used 34264K, committed 35584K, reserved 1114112K
  class space    used 4921K, committed 5568K, reserved 1048576K
}
Event: 13.839 GC heap before
{Heap before GC invocations=7 (full 0):
 garbage-first heap   total 102400K, used 30590K [0x0000000600000000, 0x0000000800000000)
  region size 4096K, 3 young (12288K), 2 survivors (8192K)
 Metaspace       used 34731K, committed 35968K, reserved 1114112K
  class space    used 4960K, committed 5568K, reserved 1048576K
}
Event: 13.843 GC heap after
{Heap after GC invocations=8 (full 0):
 garbage-first heap   total 102400K, used 30986K [0x0000000600000000, 0x0000000800000000)
  region size 4096K, 1 young (4096K), 1 survivors (4096K)
 Metaspace       used 34731K, committed 35968K, reserved 1114112K
  class space    used 4960K, committed 5568K, reserved 1048576K
}

