# JRE version: OpenJDK Runtime Environment Temurin-21.0.12.1+1 (21.0.12.1+1) (build 21.0.12.1+1-LTS)
# Java VM: OpenJDK 64-Bit Server VM Temurin-21.0.12.1+1 (21.0.12.1+1-LTS, mixed mode, sharing, tiered, compressed oops, compressed class ptrs, g1 gc, windows-amd64)
GC Precious Log:
 CardTable entry size: 512
 Card Set container configuration: InlinePtr #cards 4 size 8 Array Of Cards #cards 32 size 80 Howl #buckets 8 coarsen threshold 7372 Howl Bitmap #cards 1024 size 144 coarsen threshold 921 Card regions per heap region 1 cards per card region 8192
 CPUs: 20 total, 20 available
 Memory: 16068M
 Large Page Support: Disabled
 NUMA Support: Disabled
 Compressed Oops: Enabled (Zero based)
 Heap Region Size: 4M
 Heap Min Capacity: 8M
 Heap Initial Capacity: 252M
 Heap Max Capacity: 8G
 Pre-touch: Disabled
 Parallel Workers: 15
 Concurrent Workers: 4
 Concurrent Refinement Workers: 15
 Periodic GC: Disabled
Heap:
 garbage-first heap   total 110592K, used 67082K [0x0000000600000000, 0x0000000800000000)
  region size 4096K, 12 young (49152K), 2 survivors (8192K)
 Metaspace       used 36814K, committed 38208K, reserved 1114112K
  class space    used 5297K, committed 5952K, reserved 1048576K
GC Heap History (14 events):
Event: 1.222 GC heap before
{Heap before GC invocations=0 (full 0):
 garbage-first heap   total 258048K, used 20480K [0x0000000600000000, 0x0000000800000000)
  region size 4096K, 5 young (20480K), 0 survivors (0K)
 Metaspace       used 882K, committed 1024K, reserved 1114112K
  class space    used 71K, committed 128K, reserved 1048576K
}
Event: 1.229 GC heap after
{Heap after GC invocations=1 (full 0):
 garbage-first heap   total 258048K, used 1600K [0x0000000600000000, 0x0000000800000000)
  region size 4096K, 1 young (4096K), 1 survivors (4096K)
 Metaspace       used 882K, committed 1024K, reserved 1114112K
  class space    used 71K, committed 128K, reserved 1048576K
}
Event: 2.466 GC heap before
{Heap before GC invocations=1 (full 0):
 garbage-first heap   total 258048K, used 46656K [0x0000000600000000, 0x0000000800000000)
  region size 4096K, 11 young (45056K), 1 survivors (4096K)
 Metaspace       used 4622K, committed 4800K, reserved 1114112K
  class space    used 584K, committed 704K, reserved 1048576K
}
Event: 2.471 GC heap after
{Heap after GC invocations=2 (full 0):
 garbage-first heap   total 258048K, used 11600K [0x0000000600000000, 0x0000000800000000)
  region size 4096K, 2 young (8192K), 2 survivors (8192K)
 Metaspace       used 4622K, committed 4800K, reserved 1114112K
  class space    used 584K, committed 704K, reserved 1048576K
}
Event: 3.799 GC heap before
{Heap before GC invocations=2 (full 0):
 garbage-first heap   total 258048K, used 81232K [0x0000000600000000, 0x0000000800000000)
  region size 4096K, 19 young (77824K), 2 survivors (8192K)
 Metaspace       used 10366K, committed 10688K, reserved 1114112K
  class space    used 1403K, committed 1536K, reserved 1048576K
}
Event: 3.807 GC heap after
{Heap after GC invocations=3 (full 0):
 garbage-first heap   total 258048K, used 19835K [0x0000000600000000, 0x0000000800000000)
  region size 4096K, 3 young (12288K), 3 survivors (12288K)
 Metaspace       used 10366K, committed 10688K, reserved 1114112K
  class space    used 1403K, committed 1536K, reserved 1048576K
}
Event: 12.713 GC heap before
{Heap before GC invocations=3 (full 0):
 garbage-first heap   total 258048K, used 85371K [0x0000000600000000, 0x0000000800000000)
  region size 4096K, 21 young (86016K), 3 survivors (12288K)
 Metaspace       used 20887K, committed 21504K, reserved 1114112K
  class space    used 2898K, committed 3200K, reserved 1048576K
}
Event: 12.721 GC heap after
{Heap after GC invocations=4 (full 0):
 garbage-first heap   total 258048K, used 23623K [0x0000000600000000, 0x0000000800000000)
  region size 4096K, 4 young (16384K), 4 survivors (16384K)
 Metaspace       used 20887K, committed 21504K, reserved 1114112K
  class space    used 2898K, committed 3200K, reserved 1048576K
}
Event: 16.247 GC heap before
{Heap before GC invocations=5 (full 0):
 garbage-first heap   total 98304K, used 93255K [0x0000000600000000, 0x0000000800000000)
  region size 4096K, 21 young (86016K), 4 survivors (16384K)
 Metaspace       used 29513K, committed 30656K, reserved 1114112K
  class space    used 4288K, committed 4864K, reserved 1048576K
}
Event: 16.303 GC heap after
{Heap after GC invocations=6 (full 0):
 garbage-first heap   total 118784K, used 27203K [0x0000000600000000, 0x0000000800000000)
  region size 4096K, 2 young (8192K), 2 survivors (8192K)
 Metaspace       used 29513K, committed 30656K, reserved 1114112K
  class space    used 4288K, committed 4864K, reserved 1048576K
}
Event: 17.756 GC heap before
{Heap before GC invocations=6 (full 0):
 garbage-first heap   total 118784K, used 64067K [0x0000000600000000, 0x0000000800000000)
  region size 4096K, 12 young (49152K), 2 survivors (8192K)
 Metaspace       used 34684K, committed 35968K, reserved 1114112K
  class space    used 4962K, committed 5568K, reserved 1048576K
}
Event: 17.765 GC heap after
{Heap after GC invocations=7 (full 0):
 garbage-first heap   total 118784K, used 30161K [0x0000000600000000, 0x0000000800000000)
  region size 4096K, 2 young (8192K), 2 survivors (8192K)
 Metaspace       used 34684K, committed 35968K, reserved 1114112K
  class space    used 4962K, committed 5568K, reserved 1048576K
}
Event: 17.794 GC heap before
{Heap before GC invocations=7 (full 0):
 garbage-first heap   total 118784K, used 30161K [0x0000000600000000, 0x0000000800000000)
  region size 4096K, 3 young (12288K), 2 survivors (8192K)
 Metaspace       used 34905K, committed 36288K, reserved 1114112K
  class space    used 4982K, committed 5696K, reserved 1048576K
}
Event: 17.812 GC heap after
{Heap after GC invocations=8 (full 0):
 garbage-first heap   total 118784K, used 30218K [0x0000000600000000, 0x0000000800000000)
  region size 4096K, 2 young (8192K), 2 survivors (8192K)
 Metaspace       used 34905K, committed 36288K, reserved 1114112K
  class space    used 4982K, committed 5696K, reserved 1048576K
}

