# JRE version: OpenJDK Runtime Environment Temurin-21.0.12.1+1 (21.0.12.1+1) (build 21.0.12.1+1-LTS)
# Java VM: OpenJDK 64-Bit Server VM Temurin-21.0.12.1+1 (21.0.12.1+1-LTS, mixed mode, sharing, tiered, compressed oops, compressed class ptrs, g1 gc, windows-amd64)
GC Precious Log:
 CardTable entry size: 512
 Card Set container configuration: InlinePtr #cards 4 size 8 Array Of Cards #cards 32 size 80 Howl #buckets 8 coarsen threshold 7372 Howl Bitmap #cards 1024 size 144 coarsen threshold 921 Card regions per heap region 1 cards per card region 8192
 CPUs: 20 total, 20 available
 Memory: 16068M
 Large Page Support: Disabled
 NUMA Support: Disabled
 Compressed Oops: Enabled (Zero based)
 Heap Region Size: 4M
 Heap Min Capacity: 8M
 Heap Initial Capacity: 252M
 Heap Max Capacity: 8G
 Pre-touch: Disabled
 Parallel Workers: 15
 Concurrent Workers: 4
 Concurrent Refinement Workers: 15
 Periodic GC: Disabled
Heap:
 garbage-first heap   total 135168K, used 89939K [0x0000000600000000, 0x0000000800000000)
  region size 4096K, 16 young (65536K), 3 survivors (12288K)
 Metaspace       used 50795K, committed 52672K, reserved 1114112K
  class space    used 7582K, committed 8512K, reserved 1048576K
GC Heap History (20 events):
Event: 1.577 GC heap before
{Heap before GC invocations=0 (full 0):
 garbage-first heap   total 258048K, used 20480K [0x0000000600000000, 0x0000000800000000)
  region size 4096K, 5 young (20480K), 0 survivors (0K)
 Metaspace       used 874K, committed 1024K, reserved 1114112K
  class space    used 71K, committed 128K, reserved 1048576K
}
Event: 1.644 GC heap after
{Heap after GC invocations=1 (full 0):
 garbage-first heap   total 258048K, used 1440K [0x0000000600000000, 0x0000000800000000)
  region size 4096K, 1 young (4096K), 1 survivors (4096K)
 Metaspace       used 874K, committed 1024K, reserved 1114112K
  class space    used 71K, committed 128K, reserved 1048576K
}
Event: 3.234 GC heap before
{Heap before GC invocations=1 (full 0):
 garbage-first heap   total 258048K, used 42400K [0x0000000600000000, 0x0000000800000000)
  region size 4096K, 11 young (45056K), 1 survivors (4096K)
 Metaspace       used 4601K, committed 4800K, reserved 1114112K
  class space    used 583K, committed 704K, reserved 1048576K
}
Event: 3.241 GC heap after
{Heap after GC invocations=2 (full 0):
 garbage-first heap   total 258048K, used 11561K [0x0000000600000000, 0x0000000800000000)
  region size 4096K, 2 young (8192K), 2 survivors (8192K)
 Metaspace       used 4601K, committed 4800K, reserved 1114112K
  class space    used 583K, committed 704K, reserved 1048576K
}
Event: 6.557 GC heap before
{Heap before GC invocations=2 (full 0):
 garbage-first heap   total 258048K, used 77097K [0x0000000600000000, 0x0000000800000000)
  region size 4096K, 19 young (77824K), 2 survivors (8192K)
 Metaspace       used 10375K, committed 10688K, reserved 1114112K
  class space    used 1400K, committed 1536K, reserved 1048576K
}
Event: 6.632 GC heap after
{Heap after GC invocations=3 (full 0):
 garbage-first heap   total 258048K, used 19799K [0x0000000600000000, 0x0000000800000000)
  region size 4096K, 3 young (12288K), 3 survivors (12288K)
 Metaspace       used 10375K, committed 10688K, reserved 1114112K
  class space    used 1400K, committed 1536K, reserved 1048576K
}
Event: 12.363 GC heap before
{Heap before GC invocations=3 (full 0):
 garbage-first heap   total 258048K, used 89431K [0x0000000600000000, 0x0000000800000000)
  region size 4096K, 21 young (86016K), 3 survivors (12288K)
 Metaspace       used 20886K, committed 21504K, reserved 1114112K
  class space    used 2896K, committed 3200K, reserved 1048576K
}
Event: 12.370 GC heap after
{Heap after GC invocations=4 (full 0):
 garbage-first heap   total 258048K, used 23674K [0x0000000600000000, 0x0000000800000000)
  region size 4096K, 4 young (16384K), 4 survivors (16384K)
 Metaspace       used 20886K, committed 21504K, reserved 1114112K
  class space    used 2896K, committed 3200K, reserved 1048576K
}
Event: 14.692 GC heap before
{Heap before GC invocations=5 (full 0):
 garbage-first heap   total 98304K, used 93306K [0x0000000600000000, 0x0000000800000000)
  region size 4096K, 21 young (86016K), 4 survivors (16384K)
 Metaspace       used 29501K, committed 30656K, reserved 1114112K
  class space    used 4283K, committed 4864K, reserved 1048576K
}
Event: 14.704 GC heap after
{Heap after GC invocations=6 (full 0):
 garbage-first heap   total 118784K, used 27569K [0x0000000600000000, 0x0000000800000000)
  region size 4096K, 2 young (8192K), 2 survivors (8192K)
 Metaspace       used 29501K, committed 30656K, reserved 1114112K
  class space    used 4283K, committed 4864K, reserved 1048576K
}
Event: 15.648 GC heap before
{Heap before GC invocations=6 (full 0):
 garbage-first heap   total 118784K, used 64433K [0x0000000600000000, 0x0000000800000000)
  region size 4096K, 12 young (49152K), 2 survivors (8192K)
 Metaspace       used 34684K, committed 35968K, reserved 1114112K
  class space    used 4951K, committed 5568K, reserved 1048576K
}
Event: 15.654 GC heap after
{Heap after GC invocations=7 (full 0):
 garbage-first heap   total 118784K, used 30069K [0x0000000600000000, 0x0000000800000000)
  region size 4096K, 2 young (8192K), 2 survivors (8192K)
 Metaspace       used 34684K, committed 35968K, reserved 1114112K
  class space    used 4951K, committed 5568K, reserved 1048576K
}
Event: 15.697 GC heap before
{Heap before GC invocations=7 (full 0):
 garbage-first heap   total 118784K, used 30069K [0x0000000600000000, 0x0000000800000000)
  region size 4096K, 3 young (12288K), 2 survivors (8192K)
 Metaspace       used 34977K, committed 36288K, reserved 1114112K
  class space    used 4990K, committed 5632K, reserved 1048576K
}
Event: 15.701 GC heap after
{Heap after GC invocations=8 (full 0):
 garbage-first heap   total 118784K, used 30593K [0x0000000600000000, 0x0000000800000000)
  region size 4096K, 2 young (8192K), 2 survivors (8192K)
 Metaspace       used 34977K, committed 36288K, reserved 1114112K
  class space    used 4990K, committed 5632K, reserved 1048576K
}
Event: 106.092 GC heap before
{Heap before GC invocations=9 (full 0):
 garbage-first heap   total 110592K, used 87937K [0x0000000600000000, 0x0000000800000000)
  region size 4096K, 16 young (65536K), 2 survivors (8192K)
 Metaspace       used 37672K, committed 39168K, reserved 1114112K
  class space    used 5435K, committed 6144K, reserved 1048576K
}
Event: 106.117 GC heap after
{Heap after GC invocations=10 (full 0):
 garbage-first heap   total 135168K, used 32053K [0x0000000600000000, 0x0000000800000000)
  region size 4096K, 2 young (8192K), 2 survivors (8192K)
 Metaspace       used 37672K, committed 39168K, reserved 1114112K
  class space    used 5435K, committed 6144K, reserved 1048576K
}
Event: 108.647 GC heap before
{Heap before GC invocations=10 (full 0):
 garbage-first heap   total 135168K, used 101685K [0x0000000600000000, 0x0000000800000000)
  region size 4096K, 19 young (77824K), 2 survivors (8192K)
 Metaspace       used 42744K, committed 44416K, reserved 1114112K
  class space    used 6306K, committed 7104K, reserved 1048576K
}
Event: 108.663 GC heap after
{Heap after GC invocations=11 (full 0):
 garbage-first heap   total 135168K, used 34035K [0x0000000600000000, 0x0000000800000000)
  region size 4096K, 2 young (8192K), 2 survivors (8192K)
 Metaspace       used 42744K, committed 44416K, reserved 1114112K
  class space    used 6306K, committed 7104K, reserved 1048576K
}
Event: 116.857 GC heap before
{Heap before GC invocations=11 (full 0):
 garbage-first heap   total 135168K, used 103667K [0x0000000600000000, 0x0000000800000000)
  region size 4096K, 19 young (77824K), 2 survivors (8192K)
 Metaspace       used 47524K, committed 49216K, reserved 1114112K
  class space    used 7028K, committed 7872K, reserved 1048576K
}
Event: 116.884 GC heap after
{Heap after GC invocations=12 (full 0):
 garbage-first heap   total 135168K, used 40787K [0x0000000600000000, 0x0000000800000000)
  region size 4096K, 3 young (12288K), 3 survivors (12288K)
 Metaspace       used 47524K, committed 49216K, reserved 1114112K
  class space    used 7028K, committed 7872K, reserved 1048576K
}

