# JRE version: OpenJDK Runtime Environment Temurin-21.0.12.1+1 (21.0.12.1+1) (build 21.0.12.1+1-LTS)
# Java VM: OpenJDK 64-Bit Server VM Temurin-21.0.12.1+1 (21.0.12.1+1-LTS, mixed mode, sharing, tiered, compressed oops, compressed class ptrs, g1 gc, windows-amd64)
GC Precious Log:
 CardTable entry size: 512
 Card Set container configuration: InlinePtr #cards 4 size 8 Array Of Cards #cards 32 size 80 Howl #buckets 8 coarsen threshold 7372 Howl Bitmap #cards 1024 size 144 coarsen threshold 921 Card regions per heap region 1 cards per card region 8192
 CPUs: 20 total, 20 available
 Memory: 16068M
 Large Page Support: Disabled
 NUMA Support: Disabled
 Compressed Oops: Enabled (Zero based)
 Heap Region Size: 4M
 Heap Min Capacity: 8M
 Heap Initial Capacity: 252M
 Heap Max Capacity: 8G
 Pre-touch: Disabled
 Parallel Workers: 15
 Concurrent Workers: 4
 Concurrent Refinement Workers: 15
 Periodic GC: Disabled
Heap:
 garbage-first heap   total 143360K, used 114910K [0x0000000600000000, 0x0000000800000000)
  region size 4096K, 18 young (73728K), 2 survivors (8192K)
 Metaspace       used 67397K, committed 69440K, reserved 1114112K
  class space    used 9947K, committed 11008K, reserved 1048576K
GC Heap History (20 events):
Event: 9.514 GC heap before
{Heap before GC invocations=3 (full 0):
 garbage-first heap   total 258048K, used 89806K [0x0000000600000000, 0x0000000800000000)
  region size 4096K, 21 young (86016K), 3 survivors (12288K)
 Metaspace       used 20890K, committed 21504K, reserved 1114112K
  class space    used 2896K, committed 3200K, reserved 1048576K
}
Event: 9.525 GC heap after
{Heap after GC invocations=4 (full 0):
 garbage-first heap   total 258048K, used 23843K [0x0000000600000000, 0x0000000800000000)
  region size 4096K, 4 young (16384K), 4 survivors (16384K)
 Metaspace       used 20890K, committed 21504K, reserved 1114112K
  class space    used 2896K, committed 3200K, reserved 1048576K
}
Event: 11.374 GC heap before
{Heap before GC invocations=5 (full 0):
 garbage-first heap   total 98304K, used 93475K [0x0000000600000000, 0x0000000800000000)
  region size 4096K, 21 young (86016K), 4 survivors (16384K)
 Metaspace       used 29516K, committed 30656K, reserved 1114112K
  class space    used 4285K, committed 4864K, reserved 1048576K
}
Event: 11.383 GC heap after
{Heap after GC invocations=6 (full 0):
 garbage-first heap   total 118784K, used 27737K [0x0000000600000000, 0x0000000800000000)
  region size 4096K, 2 young (8192K), 2 survivors (8192K)
 Metaspace       used 29516K, committed 30656K, reserved 1114112K
  class space    used 4285K, committed 4864K, reserved 1048576K
}
Event: 12.274 GC heap before
{Heap before GC invocations=6 (full 0):
 garbage-first heap   total 118784K, used 64601K [0x0000000600000000, 0x0000000800000000)
  region size 4096K, 12 young (49152K), 2 survivors (8192K)
 Metaspace       used 35183K, committed 36480K, reserved 1114112K
  class space    used 5021K, committed 5696K, reserved 1048576K
}
Event: 12.280 GC heap after
{Heap after GC invocations=7 (full 0):
 garbage-first heap   total 118784K, used 30694K [0x0000000600000000, 0x0000000800000000)
  region size 4096K, 2 young (8192K), 2 survivors (8192K)
 Metaspace       used 35183K, committed 36480K, reserved 1114112K
  class space    used 5021K, committed 5696K, reserved 1048576K
}
Event: 12.322 GC heap before
{Heap before GC invocations=7 (full 0):
 garbage-first heap   total 118784K, used 30694K [0x0000000600000000, 0x0000000800000000)
  region size 4096K, 3 young (12288K), 2 survivors (8192K)
 Metaspace       used 35512K, committed 36800K, reserved 1114112K
  class space    used 5067K, committed 5696K, reserved 1048576K
}
Event: 12.326 GC heap after
{Heap after GC invocations=8 (full 0):
 garbage-first heap   total 118784K, used 31208K [0x0000000600000000, 0x0000000800000000)
  region size 4096K, 1 young (4096K), 1 survivors (4096K)
 Metaspace       used 35512K, committed 36800K, reserved 1114112K
  class space    used 5067K, committed 5696K, reserved 1048576K
}
Event: 38.218 GC heap before
{Heap before GC invocations=9 (full 0):
 garbage-first heap   total 110592K, used 92648K [0x0000000600000000, 0x0000000800000000)
  region size 4096K, 16 young (65536K), 1 survivors (4096K)
 Metaspace       used 39472K, committed 40960K, reserved 1114112K
  class space    used 5748K, committed 6464K, reserved 1048576K
}
Event: 38.230 GC heap after
{Heap after GC invocations=10 (full 0):
 garbage-first heap   total 143360K, used 33044K [0x0000000600000000, 0x0000000800000000)
  region size 4096K, 2 young (8192K), 2 survivors (8192K)
 Metaspace       used 39472K, committed 40960K, reserved 1114112K
  class space    used 5748K, committed 6464K, reserved 1048576K
}
Event: 49.327 GC heap before
{Heap before GC invocations=10 (full 0):
 garbage-first heap   total 143360K, used 110868K [0x0000000600000000, 0x0000000800000000)
  region size 4096K, 21 young (86016K), 2 survivors (8192K)
 Metaspace       used 44792K, committed 46528K, reserved 1114112K
  class space    used 6619K, committed 7488K, reserved 1048576K
}
Event: 49.337 GC heap after
{Heap after GC invocations=11 (full 0):
 garbage-first heap   total 143360K, used 34919K [0x0000000600000000, 0x0000000800000000)
  region size 4096K, 2 young (8192K), 2 survivors (8192K)
 Metaspace       used 44792K, committed 46528K, reserved 1114112K
  class space    used 6619K, committed 7488K, reserved 1048576K
}
Event: 50.870 GC heap before
{Heap before GC invocations=11 (full 0):
 garbage-first heap   total 143360K, used 112743K [0x0000000600000000, 0x0000000800000000)
  region size 4096K, 21 young (86016K), 2 survivors (8192K)
 Metaspace       used 48919K, committed 50688K, reserved 1114112K
  class space    used 7259K, committed 8128K, reserved 1048576K
}
Event: 50.879 GC heap after
{Heap after GC invocations=12 (full 0):
 garbage-first heap   total 143360K, used 42065K [0x0000000600000000, 0x0000000800000000)
  region size 4096K, 3 young (12288K), 3 survivors (12288K)
 Metaspace       used 48919K, committed 50688K, reserved 1114112K
  class space    used 7259K, committed 8128K, reserved 1048576K
}
Event: 57.779 GC heap before
{Heap before GC invocations=12 (full 0):
 garbage-first heap   total 143360K, used 111697K [0x0000000600000000, 0x0000000800000000)
  region size 4096K, 21 young (86016K), 3 survivors (12288K)
 Metaspace       used 55558K, committed 57472K, reserved 1114112K
  class space    used 8225K, committed 9152K, reserved 1048576K
}
Event: 57.812 GC heap after
{Heap after GC invocations=13 (full 0):
 garbage-first heap   total 143360K, used 47350K [0x0000000600000000, 0x0000000800000000)
  region size 4096K, 3 young (12288K), 3 survivors (12288K)
 Metaspace       used 55558K, committed 57472K, reserved 1114112K
  class space    used 8225K, committed 9152K, reserved 1048576K
}
Event: 58.999 GC heap before
{Heap before GC invocations=13 (full 0):
 garbage-first heap   total 143360K, used 84214K [0x0000000600000000, 0x0000000800000000)
  region size 4096K, 13 young (53248K), 3 survivors (12288K)
 Metaspace       used 59702K, committed 61568K, reserved 1114112K
  class space    used 8810K, committed 9728K, reserved 1048576K
}
Event: 59.007 GC heap after
{Heap after GC invocations=14 (full 0):
 garbage-first heap   total 143360K, used 49640K [0x0000000600000000, 0x0000000800000000)
  region size 4096K, 1 young (4096K), 1 survivors (4096K)
 Metaspace       used 59702K, committed 61568K, reserved 1114112K
  class space    used 8810K, committed 9728K, reserved 1048576K
}
Event: 63.904 GC heap before
{Heap before GC invocations=15 (full 0):
 garbage-first heap   total 143360K, used 119272K [0x0000000600000000, 0x0000000800000000)
  region size 4096K, 19 young (77824K), 1 survivors (4096K)
 Metaspace       used 64298K, committed 66304K, reserved 1114112K
  class space    used 9481K, committed 10496K, reserved 1048576K
}
Event: 63.910 GC heap after
{Heap after GC invocations=16 (full 0):
 garbage-first heap   total 143360K, used 53470K [0x0000000600000000, 0x0000000800000000)
  region size 4096K, 2 young (8192K), 2 survivors (8192K)
 Metaspace       used 64298K, committed 66304K, reserved 1114112K
  class space    used 9481K, committed 10496K, reserved 1048576K
}

