# JRE version: OpenJDK Runtime Environment Temurin-21.0.12.1+1 (21.0.12.1+1) (build 21.0.12.1+1-LTS)
# Java VM: OpenJDK 64-Bit Server VM Temurin-21.0.12.1+1 (21.0.12.1+1-LTS, mixed mode, sharing, tiered, compressed oops, compressed class ptrs, g1 gc, windows-amd64)
GC Precious Log:
 CardTable entry size: 512
 Card Set container configuration: InlinePtr #cards 4 size 8 Array Of Cards #cards 32 size 80 Howl #buckets 8 coarsen threshold 7372 Howl Bitmap #cards 1024 size 144 coarsen threshold 921 Card regions per heap region 1 cards per card region 8192
 CPUs: 20 total, 20 available
 Memory: 16068M
 Large Page Support: Disabled
 NUMA Support: Disabled
 Compressed Oops: Enabled (Zero based)
 Heap Region Size: 4M
 Heap Min Capacity: 8M
 Heap Initial Capacity: 252M
 Heap Max Capacity: 8G
 Pre-touch: Disabled
 Parallel Workers: 15
 Concurrent Workers: 4
 Concurrent Refinement Workers: 15
 Periodic GC: Disabled
Heap:
 garbage-first heap   total 110592K, used 75834K [0x0000000600000000, 0x0000000800000000)
  region size 4096K, 14 young (57344K), 2 survivors (8192K)
 Metaspace       used 36895K, committed 38336K, reserved 1114112K
  class space    used 5303K, committed 6016K, reserved 1048576K
GC Heap History (14 events):
Event: 0.912 GC heap before
{Heap before GC invocations=0 (full 0):
 garbage-first heap   total 258048K, used 20480K [0x0000000600000000, 0x0000000800000000)
  region size 4096K, 5 young (20480K), 0 survivors (0K)
 Metaspace       used 879K, committed 1024K, reserved 1114112K
  class space    used 71K, committed 128K, reserved 1048576K
}
Event: 0.923 GC heap after
{Heap after GC invocations=1 (full 0):
 garbage-first heap   total 258048K, used 1440K [0x0000000600000000, 0x0000000800000000)
  region size 4096K, 1 young (4096K), 1 survivors (4096K)
 Metaspace       used 879K, committed 1024K, reserved 1114112K
  class space    used 71K, committed 128K, reserved 1048576K
}
Event: 2.704 GC heap before
{Heap before GC invocations=1 (full 0):
 garbage-first heap   total 258048K, used 42400K [0x0000000600000000, 0x0000000800000000)
  region size 4096K, 11 young (45056K), 1 survivors (4096K)
 Metaspace       used 4585K, committed 4800K, reserved 1114112K
  class space    used 582K, committed 704K, reserved 1048576K
}
Event: 2.711 GC heap after
{Heap after GC invocations=2 (full 0):
 garbage-first heap   total 258048K, used 11417K [0x0000000600000000, 0x0000000800000000)
  region size 4096K, 2 young (8192K), 2 survivors (8192K)
 Metaspace       used 4585K, committed 4800K, reserved 1114112K
  class space    used 582K, committed 704K, reserved 1048576K
}
Event: 5.364 GC heap before
{Heap before GC invocations=2 (full 0):
 garbage-first heap   total 258048K, used 68761K [0x0000000600000000, 0x0000000800000000)
  region size 4096K, 17 young (69632K), 2 survivors (8192K)
 Metaspace       used 8766K, committed 9088K, reserved 1114112K
  class space    used 1197K, committed 1344K, reserved 1048576K
}
Event: 5.372 GC heap after
{Heap after GC invocations=3 (full 0):
 garbage-first heap   total 258048K, used 19186K [0x0000000600000000, 0x0000000800000000)
  region size 4096K, 2 young (8192K), 2 survivors (8192K)
 Metaspace       used 8766K, committed 9088K, reserved 1114112K
  class space    used 1197K, committed 1344K, reserved 1048576K
}
Event: 13.369 GC heap before
{Heap before GC invocations=3 (full 0):
 garbage-first heap   total 258048K, used 97010K [0x0000000600000000, 0x0000000800000000)
  region size 4096K, 23 young (94208K), 2 survivors (8192K)
 Metaspace       used 20893K, committed 21504K, reserved 1114112K
  class space    used 2890K, committed 3200K, reserved 1048576K
}
Event: 13.379 GC heap after
{Heap after GC invocations=4 (full 0):
 garbage-first heap   total 258048K, used 23717K [0x0000000600000000, 0x0000000800000000)
  region size 4096K, 4 young (16384K), 4 survivors (16384K)
 Metaspace       used 20893K, committed 21504K, reserved 1114112K
  class space    used 2890K, committed 3200K, reserved 1048576K
}
Event: 15.394 GC heap before
{Heap before GC invocations=5 (full 0):
 garbage-first heap   total 98304K, used 93349K [0x0000000600000000, 0x0000000800000000)
  region size 4096K, 21 young (86016K), 4 survivors (16384K)
 Metaspace       used 29458K, committed 30592K, reserved 1114112K
  class space    used 4269K, committed 4800K, reserved 1048576K
}
Event: 15.404 GC heap after
{Heap after GC invocations=6 (full 0):
 garbage-first heap   total 118784K, used 27719K [0x0000000600000000, 0x0000000800000000)
  region size 4096K, 3 young (12288K), 3 survivors (12288K)
 Metaspace       used 29458K, committed 30592K, reserved 1114112K
  class space    used 4269K, committed 4800K, reserved 1048576K
}
Event: 16.287 GC heap before
{Heap before GC invocations=6 (full 0):
 garbage-first heap   total 118784K, used 60487K [0x0000000600000000, 0x0000000800000000)
  region size 4096K, 13 young (53248K), 3 survivors (12288K)
 Metaspace       used 34663K, committed 35968K, reserved 1114112K
  class space    used 4954K, committed 5632K, reserved 1048576K
}
Event: 16.293 GC heap after
{Heap after GC invocations=7 (full 0):
 garbage-first heap   total 118784K, used 30501K [0x0000000600000000, 0x0000000800000000)
  region size 4096K, 2 young (8192K), 2 survivors (8192K)
 Metaspace       used 34663K, committed 35968K, reserved 1114112K
  class space    used 4954K, committed 5632K, reserved 1048576K
}
Event: 16.337 GC heap before
{Heap before GC invocations=7 (full 0):
 garbage-first heap   total 118784K, used 30501K [0x0000000600000000, 0x0000000800000000)
  region size 4096K, 3 young (12288K), 2 survivors (8192K)
 Metaspace       used 35019K, committed 36288K, reserved 1114112K
  class space    used 4993K, committed 5632K, reserved 1048576K
}
Event: 16.341 GC heap after
{Heap after GC invocations=8 (full 0):
 garbage-first heap   total 118784K, used 30778K [0x0000000600000000, 0x0000000800000000)
  region size 4096K, 2 young (8192K), 2 survivors (8192K)
 Metaspace       used 35019K, committed 36288K, reserved 1114112K
  class space    used 4993K, committed 5632K, reserved 1048576K
}

