# JRE version: OpenJDK Runtime Environment Temurin-21.0.12.1+1 (21.0.12.1+1) (build 21.0.12.1+1-LTS)
# Java VM: OpenJDK 64-Bit Server VM Temurin-21.0.12.1+1 (21.0.12.1+1-LTS, mixed mode, sharing, tiered, compressed oops, compressed class ptrs, g1 gc, windows-amd64)
GC Precious Log:
 CardTable entry size: 512
 Card Set container configuration: InlinePtr #cards 4 size 8 Array Of Cards #cards 32 size 80 Howl #buckets 8 coarsen threshold 7372 Howl Bitmap #cards 1024 size 144 coarsen threshold 921 Card regions per heap region 1 cards per card region 8192
 CPUs: 20 total, 20 available
 Memory: 16068M
 Large Page Support: Disabled
 NUMA Support: Disabled
 Compressed Oops: Enabled (Zero based)
 Heap Region Size: 4M
 Heap Min Capacity: 8M
 Heap Initial Capacity: 252M
 Heap Max Capacity: 8G
 Pre-touch: Disabled
 Parallel Workers: 15
 Concurrent Workers: 4
 Concurrent Refinement Workers: 15
 Periodic GC: Disabled
Heap:
 garbage-first heap   total 131072K, used 99866K [0x0000000600000000, 0x0000000800000000)
  region size 4096K, 19 young (77824K), 2 survivors (8192K)
 Metaspace       used 47028K, committed 48768K, reserved 1114112K
  class space    used 6951K, committed 7808K, reserved 1048576K
GC Heap History (18 events):
Event: 0.547 GC heap before
{Heap before GC invocations=0 (full 0):
 garbage-first heap   total 258048K, used 20480K [0x0000000600000000, 0x0000000800000000)
  region size 4096K, 5 young (20480K), 0 survivors (0K)
 Metaspace       used 881K, committed 1024K, reserved 1114112K
  class space    used 71K, committed 128K, reserved 1048576K
}
Event: 0.557 GC heap after
{Heap after GC invocations=1 (full 0):
 garbage-first heap   total 258048K, used 1467K [0x0000000600000000, 0x0000000800000000)
  region size 4096K, 1 young (4096K), 1 survivors (4096K)
 Metaspace       used 881K, committed 1024K, reserved 1114112K
  class space    used 71K, committed 128K, reserved 1048576K
}
Event: 1.997 GC heap before
{Heap before GC invocations=1 (full 0):
 garbage-first heap   total 258048K, used 46523K [0x0000000600000000, 0x0000000800000000)
  region size 4096K, 11 young (45056K), 1 survivors (4096K)
 Metaspace       used 4612K, committed 4800K, reserved 1114112K
  class space    used 583K, committed 704K, reserved 1048576K
}
Event: 2.002 GC heap after
{Heap after GC invocations=2 (full 0):
 garbage-first heap   total 258048K, used 11539K [0x0000000600000000, 0x0000000800000000)
  region size 4096K, 2 young (8192K), 2 survivors (8192K)
 Metaspace       used 4612K, committed 4800K, reserved 1114112K
  class space    used 583K, committed 704K, reserved 1048576K
}
Event: 4.762 GC heap before
{Heap before GC invocations=2 (full 0):
 garbage-first heap   total 258048K, used 77075K [0x0000000600000000, 0x0000000800000000)
  region size 4096K, 19 young (77824K), 2 survivors (8192K)
 Metaspace       used 10381K, committed 10688K, reserved 1114112K
  class space    used 1403K, committed 1536K, reserved 1048576K
}
Event: 4.801 GC heap after
{Heap after GC invocations=3 (full 0):
 garbage-first heap   total 258048K, used 20611K [0x0000000600000000, 0x0000000800000000)
  region size 4096K, 3 young (12288K), 3 survivors (12288K)
 Metaspace       used 10381K, committed 10688K, reserved 1114112K
  class space    used 1403K, committed 1536K, reserved 1048576K
}
Event: 19.820 GC heap before
{Heap before GC invocations=3 (full 0):
 garbage-first heap   total 258048K, used 86147K [0x0000000600000000, 0x0000000800000000)
  region size 4096K, 21 young (86016K), 3 survivors (12288K)
 Metaspace       used 20861K, committed 21504K, reserved 1114112K
  class space    used 2892K, committed 3200K, reserved 1048576K
}
Event: 19.829 GC heap after
{Heap after GC invocations=4 (full 0):
 garbage-first heap   total 258048K, used 23585K [0x0000000600000000, 0x0000000800000000)
  region size 4096K, 3 young (12288K), 3 survivors (12288K)
 Metaspace       used 20861K, committed 21504K, reserved 1114112K
  class space    used 2892K, committed 3200K, reserved 1048576K
}
Event: 21.439 GC heap before
{Heap before GC invocations=5 (full 0):
 garbage-first heap   total 81920K, used 80929K [0x0000000600000000, 0x0000000800000000)
  region size 4096K, 17 young (69632K), 3 survivors (12288K)
 Metaspace       used 28021K, committed 29056K, reserved 1114112K
  class space    used 4026K, committed 4544K, reserved 1048576K
}
Event: 21.448 GC heap after
{Heap after GC invocations=6 (full 0):
 garbage-first heap   total 102400K, used 27190K [0x0000000600000000, 0x0000000800000000)
  region size 4096K, 2 young (8192K), 2 survivors (8192K)
 Metaspace       used 28021K, committed 29056K, reserved 1114112K
  class space    used 4026K, committed 4544K, reserved 1048576K
}
Event: 22.883 GC heap before
{Heap before GC invocations=6 (full 0):
 garbage-first heap   total 102400K, used 76342K [0x0000000600000000, 0x0000000800000000)
  region size 4096K, 14 young (57344K), 2 survivors (8192K)
 Metaspace       used 34421K, committed 35776K, reserved 1114112K
  class space    used 4938K, committed 5632K, reserved 1048576K
}
Event: 22.889 GC heap after
{Heap after GC invocations=7 (full 0):
 garbage-first heap   total 102400K, used 29938K [0x0000000600000000, 0x0000000800000000)
  region size 4096K, 2 young (8192K), 2 survivors (8192K)
 Metaspace       used 34421K, committed 35776K, reserved 1114112K
  class space    used 4938K, committed 5632K, reserved 1048576K
}
Event: 22.928 GC heap before
{Heap before GC invocations=7 (full 0):
 garbage-first heap   total 102400K, used 29938K [0x0000000600000000, 0x0000000800000000)
  region size 4096K, 3 young (12288K), 2 survivors (8192K)
 Metaspace       used 34785K, committed 36096K, reserved 1114112K
  class space    used 4962K, committed 5632K, reserved 1048576K
}
Event: 22.932 GC heap after
{Heap after GC invocations=8 (full 0):
 garbage-first heap   total 102400K, used 30731K [0x0000000600000000, 0x0000000800000000)
  region size 4096K, 1 young (4096K), 1 survivors (4096K)
 Metaspace       used 34785K, committed 36096K, reserved 1114112K
  class space    used 4962K, committed 5632K, reserved 1048576K
}
Event: 134.623 GC heap before
{Heap before GC invocations=9 (full 0):
 garbage-first heap   total 102400K, used 83979K [0x0000000600000000, 0x0000000800000000)
  region size 4096K, 14 young (57344K), 1 survivors (4096K)
 Metaspace       used 36912K, committed 38336K, reserved 1114112K
  class space    used 5309K, committed 5952K, reserved 1048576K
}
Event: 134.695 GC heap after
{Heap after GC invocations=10 (full 0):
 garbage-first heap   total 131072K, used 32288K [0x0000000600000000, 0x0000000800000000)
  region size 4096K, 2 young (8192K), 2 survivors (8192K)
 Metaspace       used 36912K, committed 38336K, reserved 1114112K
  class space    used 5309K, committed 5952K, reserved 1048576K
}
Event: 252.816 GC heap before
{Heap before GC invocations=10 (full 0):
 garbage-first heap   total 131072K, used 101920K [0x0000000600000000, 0x0000000800000000)
  region size 4096K, 19 young (77824K), 2 survivors (8192K)
 Metaspace       used 40706K, committed 42304K, reserved 1114112K
  class space    used 5942K, committed 6720K, reserved 1048576K
}
Event: 252.917 GC heap after
{Heap after GC invocations=11 (full 0):
 garbage-first heap   total 131072K, used 34330K [0x0000000600000000, 0x0000000800000000)
  region size 4096K, 2 young (8192K), 2 survivors (8192K)
 Metaspace       used 40706K, committed 42304K, reserved 1114112K
  class space    used 5942K, committed 6720K, reserved 1048576K
}

