# JRE version: OpenJDK Runtime Environment Temurin-21.0.12.1+1 (21.0.12.1+1) (build 21.0.12.1+1-LTS)
# Java VM: OpenJDK 64-Bit Server VM Temurin-21.0.12.1+1 (21.0.12.1+1-LTS, mixed mode, sharing, tiered, compressed oops, compressed class ptrs, g1 gc, windows-amd64)
GC Precious Log:
 CardTable entry size: 512
 Card Set container configuration: InlinePtr #cards 4 size 8 Array Of Cards #cards 32 size 80 Howl #buckets 8 coarsen threshold 7372 Howl Bitmap #cards 1024 size 144 coarsen threshold 921 Card regions per heap region 1 cards per card region 8192
 CPUs: 20 total, 20 available
 Memory: 16068M
 Large Page Support: Disabled
 NUMA Support: Disabled
 Compressed Oops: Enabled (Zero based)
 Heap Region Size: 4M
 Heap Min Capacity: 8M
 Heap Initial Capacity: 252M
 Heap Max Capacity: 8G
 Pre-touch: Disabled
 Parallel Workers: 15
 Concurrent Workers: 4
 Concurrent Refinement Workers: 15
 Periodic GC: Disabled
Heap:
 garbage-first heap   total 110592K, used 34654K [0x0000000600000000, 0x0000000800000000)
  region size 4096K, 4 young (16384K), 2 survivors (8192K)
 Metaspace       used 35774K, committed 37120K, reserved 1114112K
  class space    used 5120K, committed 5760K, reserved 1048576K
GC Heap History (14 events):
Event: 1.214 GC heap before
{Heap before GC invocations=0 (full 0):
 garbage-first heap   total 258048K, used 20480K [0x0000000600000000, 0x0000000800000000)
  region size 4096K, 5 young (20480K), 0 survivors (0K)
 Metaspace       used 880K, committed 1024K, reserved 1114112K
  class space    used 71K, committed 128K, reserved 1048576K
}
Event: 1.222 GC heap after
{Heap after GC invocations=1 (full 0):
 garbage-first heap   total 258048K, used 1627K [0x0000000600000000, 0x0000000800000000)
  region size 4096K, 1 young (4096K), 1 survivors (4096K)
 Metaspace       used 880K, committed 1024K, reserved 1114112K
  class space    used 71K, committed 128K, reserved 1048576K
}
Event: 3.489 GC heap before
{Heap before GC invocations=1 (full 0):
 garbage-first heap   total 258048K, used 42587K [0x0000000600000000, 0x0000000800000000)
  region size 4096K, 11 young (45056K), 1 survivors (4096K)
 Metaspace       used 4608K, committed 4800K, reserved 1114112K
  class space    used 583K, committed 704K, reserved 1048576K
}
Event: 3.521 GC heap after
{Heap after GC invocations=2 (full 0):
 garbage-first heap   total 258048K, used 11586K [0x0000000600000000, 0x0000000800000000)
  region size 4096K, 2 young (8192K), 2 survivors (8192K)
 Metaspace       used 4608K, committed 4800K, reserved 1114112K
  class space    used 583K, committed 704K, reserved 1048576K
}
Event: 6.448 GC heap before
{Heap before GC invocations=2 (full 0):
 garbage-first heap   total 258048K, used 68930K [0x0000000600000000, 0x0000000800000000)
  region size 4096K, 17 young (69632K), 2 survivors (8192K)
 Metaspace       used 8711K, committed 9024K, reserved 1114112K
  class space    used 1191K, committed 1344K, reserved 1048576K
}
Event: 6.459 GC heap after
{Heap after GC invocations=3 (full 0):
 garbage-first heap   total 258048K, used 18906K [0x0000000600000000, 0x0000000800000000)
  region size 4096K, 2 young (8192K), 2 survivors (8192K)
 Metaspace       used 8711K, committed 9024K, reserved 1114112K
  class space    used 1191K, committed 1344K, reserved 1048576K
}
Event: 38.647 GC heap before
{Heap before GC invocations=3 (full 0):
 garbage-first heap   total 258048K, used 100826K [0x0000000600000000, 0x0000000800000000)
  region size 4096K, 24 young (98304K), 2 survivors (8192K)
 Metaspace       used 20931K, committed 21504K, reserved 1114112K
  class space    used 2890K, committed 3136K, reserved 1048576K
}
Event: 38.664 GC heap after
{Heap after GC invocations=4 (full 0):
 garbage-first heap   total 258048K, used 23954K [0x0000000600000000, 0x0000000800000000)
  region size 4096K, 4 young (16384K), 4 survivors (16384K)
 Metaspace       used 20931K, committed 21504K, reserved 1114112K
  class space    used 2890K, committed 3136K, reserved 1048576K
}
Event: 41.145 GC heap before
{Heap before GC invocations=5 (full 0):
 garbage-first heap   total 98304K, used 93586K [0x0000000600000000, 0x0000000800000000)
  region size 4096K, 21 young (86016K), 4 survivors (16384K)
 Metaspace       used 29580K, committed 30720K, reserved 1114112K
  class space    used 4289K, committed 4864K, reserved 1048576K
}
Event: 41.158 GC heap after
{Heap after GC invocations=6 (full 0):
 garbage-first heap   total 118784K, used 27456K [0x0000000600000000, 0x0000000800000000)
  region size 4096K, 3 young (12288K), 3 survivors (12288K)
 Metaspace       used 29580K, committed 30720K, reserved 1114112K
  class space    used 4289K, committed 4864K, reserved 1048576K
}
Event: 42.382 GC heap before
{Heap before GC invocations=6 (full 0):
 garbage-first heap   total 118784K, used 64320K [0x0000000600000000, 0x0000000800000000)
  region size 4096K, 13 young (53248K), 3 survivors (12288K)
 Metaspace       used 34771K, committed 36096K, reserved 1114112K
  class space    used 4965K, committed 5632K, reserved 1048576K
}
Event: 42.389 GC heap after
{Heap after GC invocations=7 (full 0):
 garbage-first heap   total 118784K, used 30244K [0x0000000600000000, 0x0000000800000000)
  region size 4096K, 2 young (8192K), 2 survivors (8192K)
 Metaspace       used 34771K, committed 36096K, reserved 1114112K
  class space    used 4965K, committed 5632K, reserved 1048576K
}
Event: 42.442 GC heap before
{Heap before GC invocations=7 (full 0):
 garbage-first heap   total 118784K, used 30244K [0x0000000600000000, 0x0000000800000000)
  region size 4096K, 3 young (12288K), 2 survivors (8192K)
 Metaspace       used 35128K, committed 36416K, reserved 1114112K
  class space    used 5006K, committed 5632K, reserved 1048576K
}
Event: 42.446 GC heap after
{Heap after GC invocations=8 (full 0):
 garbage-first heap   total 118784K, used 30558K [0x0000000600000000, 0x0000000800000000)
  region size 4096K, 2 young (8192K), 2 survivors (8192K)
 Metaspace       used 35128K, committed 36416K, reserved 1114112K
  class space    used 5006K, committed 5632K, reserved 1048576K
}

