# JRE version: OpenJDK Runtime Environment Temurin-21.0.12.1+1 (21.0.12.1+1) (build 21.0.12.1+1-LTS)
# Java VM: OpenJDK 64-Bit Server VM Temurin-21.0.12.1+1 (21.0.12.1+1-LTS, mixed mode, sharing, tiered, compressed oops, compressed class ptrs, g1 gc, windows-amd64)
GC Precious Log:
 CardTable entry size: 512
 Card Set container configuration: InlinePtr #cards 4 size 8 Array Of Cards #cards 32 size 80 Howl #buckets 8 coarsen threshold 7372 Howl Bitmap #cards 1024 size 144 coarsen threshold 921 Card regions per heap region 1 cards per card region 8192
 CPUs: 20 total, 20 available
 Memory: 16068M
 Large Page Support: Disabled
 NUMA Support: Disabled
 Compressed Oops: Enabled (Zero based)
 Heap Region Size: 4M
 Heap Min Capacity: 8M
 Heap Initial Capacity: 252M
 Heap Max Capacity: 8G
 Pre-touch: Disabled
 Parallel Workers: 15
 Concurrent Workers: 4
 Concurrent Refinement Workers: 15
 Periodic GC: Disabled
Heap:
 garbage-first heap   total 102400K, used 44187K [0x0000000600000000, 0x0000000800000000)
  region size 4096K, 6 young (24576K), 2 survivors (8192K)
 Metaspace       used 37003K, committed 38400K, reserved 1114112K
  class space    used 5306K, committed 5952K, reserved 1048576K
GC Heap History (16 events):
Event: 0.728 GC heap before
{Heap before GC invocations=0 (full 0):
 garbage-first heap   total 258048K, used 20480K [0x0000000600000000, 0x0000000800000000)
  region size 4096K, 5 young (20480K), 0 survivors (0K)
 Metaspace       used 877K, committed 1024K, reserved 1114112K
  class space    used 71K, committed 128K, reserved 1048576K
}
Event: 0.760 GC heap after
{Heap after GC invocations=1 (full 0):
 garbage-first heap   total 258048K, used 1840K [0x0000000600000000, 0x0000000800000000)
  region size 4096K, 1 young (4096K), 1 survivors (4096K)
 Metaspace       used 877K, committed 1024K, reserved 1114112K
  class space    used 71K, committed 128K, reserved 1048576K
}
Event: 2.210 GC heap before
{Heap before GC invocations=1 (full 0):
 garbage-first heap   total 258048K, used 38704K [0x0000000600000000, 0x0000000800000000)
  region size 4096K, 10 young (40960K), 1 survivors (4096K)
 Metaspace       used 4574K, committed 4800K, reserved 1114112K
  class space    used 583K, committed 704K, reserved 1048576K
}
Event: 2.215 GC heap after
{Heap after GC invocations=2 (full 0):
 garbage-first heap   total 258048K, used 11691K [0x0000000600000000, 0x0000000800000000)
  region size 4096K, 2 young (8192K), 2 survivors (8192K)
 Metaspace       used 4574K, committed 4800K, reserved 1114112K
  class space    used 583K, committed 704K, reserved 1048576K
}
Event: 4.076 GC heap before
{Heap before GC invocations=2 (full 0):
 garbage-first heap   total 258048K, used 73131K [0x0000000600000000, 0x0000000800000000)
  region size 4096K, 17 young (69632K), 2 survivors (8192K)
 Metaspace       used 7400K, committed 7680K, reserved 1114112K
  class space    used 1008K, committed 1152K, reserved 1048576K
}
Event: 4.084 GC heap after
{Heap after GC invocations=3 (full 0):
 garbage-first heap   total 258048K, used 18373K [0x0000000600000000, 0x0000000800000000)
  region size 4096K, 2 young (8192K), 2 survivors (8192K)
 Metaspace       used 7400K, committed 7680K, reserved 1114112K
  class space    used 1008K, committed 1152K, reserved 1048576K
}
Event: 44.510 GC heap before
{Heap before GC invocations=3 (full 0):
 garbage-first heap   total 258048K, used 100293K [0x0000000600000000, 0x0000000800000000)
  region size 4096K, 24 young (98304K), 2 survivors (8192K)
 Metaspace       used 20912K, committed 21504K, reserved 1114112K
  class space    used 2887K, committed 3200K, reserved 1048576K
}
Event: 44.650 GC heap after
{Heap after GC invocations=4 (full 0):
 garbage-first heap   total 258048K, used 23285K [0x0000000600000000, 0x0000000800000000)
  region size 4096K, 3 young (12288K), 3 survivors (12288K)
 Metaspace       used 20912K, committed 21504K, reserved 1114112K
  class space    used 2887K, committed 3200K, reserved 1048576K
}
Event: 47.124 GC heap before
{Heap before GC invocations=5 (full 0):
 garbage-first heap   total 81920K, used 80629K [0x0000000600000000, 0x0000000800000000)
  region size 4096K, 17 young (69632K), 3 survivors (12288K)
 Metaspace       used 27842K, committed 28864K, reserved 1114112K
  class space    used 3983K, committed 4480K, reserved 1048576K
}
Event: 47.133 GC heap after
{Heap after GC invocations=6 (full 0):
 garbage-first heap   total 102400K, used 27190K [0x0000000600000000, 0x0000000800000000)
  region size 4096K, 3 young (12288K), 3 survivors (12288K)
 Metaspace       used 27842K, committed 28864K, reserved 1114112K
  class space    used 3983K, committed 4480K, reserved 1048576K
}
Event: 49.050 GC heap before
{Heap before GC invocations=6 (full 0):
 garbage-first heap   total 102400K, used 76342K [0x0000000600000000, 0x0000000800000000)
  region size 4096K, 15 young (61440K), 3 survivors (12288K)
 Metaspace       used 34129K, committed 35392K, reserved 1114112K
  class space    used 4888K, committed 5504K, reserved 1048576K
}
Event: 49.057 GC heap after
{Heap after GC invocations=7 (full 0):
 garbage-first heap   total 102400K, used 29170K [0x0000000600000000, 0x0000000800000000)
  region size 4096K, 2 young (8192K), 2 survivors (8192K)
 Metaspace       used 34129K, committed 35392K, reserved 1114112K
  class space    used 4888K, committed 5504K, reserved 1048576K
}
Event: 49.179 GC heap before
{Heap before GC invocations=7 (full 0):
 garbage-first heap   total 102400K, used 29170K [0x0000000600000000, 0x0000000800000000)
  region size 4096K, 3 young (12288K), 2 survivors (8192K)
 Metaspace       used 34647K, committed 35968K, reserved 1114112K
  class space    used 4952K, committed 5632K, reserved 1048576K
}
Event: 49.183 GC heap after
{Heap after GC invocations=8 (full 0):
 garbage-first heap   total 102400K, used 30170K [0x0000000600000000, 0x0000000800000000)
  region size 4096K, 1 young (4096K), 1 survivors (4096K)
 Metaspace       used 34647K, committed 35968K, reserved 1114112K
  class space    used 4952K, committed 5632K, reserved 1048576K
}
Event: 114.502 GC heap before
{Heap before GC invocations=9 (full 0):
 garbage-first heap   total 102400K, used 79322K [0x0000000600000000, 0x0000000800000000)
  region size 4096K, 13 young (53248K), 1 survivors (4096K)
 Metaspace       used 36924K, committed 38336K, reserved 1114112K
  class space    used 5306K, committed 5952K, reserved 1048576K
}
Event: 114.599 GC heap after
{Heap after GC invocations=10 (full 0):
 garbage-first heap   total 102400K, used 31899K [0x0000000600000000, 0x0000000800000000)
  region size 4096K, 2 young (8192K), 2 survivors (8192K)
 Metaspace       used 36924K, committed 38336K, reserved 1114112K
  class space    used 5306K, committed 5952K, reserved 1048576K
}

