# JRE version: OpenJDK Runtime Environment Temurin-21.0.12.1+1 (21.0.12.1+1) (build 21.0.12.1+1-LTS)
# Java VM: OpenJDK 64-Bit Server VM Temurin-21.0.12.1+1 (21.0.12.1+1-LTS, mixed mode, sharing, tiered, compressed oops, compressed class ptrs, g1 gc, windows-amd64)
GC Precious Log:
 CardTable entry size: 512
 Card Set container configuration: InlinePtr #cards 4 size 8 Array Of Cards #cards 32 size 80 Howl #buckets 8 coarsen threshold 7372 Howl Bitmap #cards 1024 size 144 coarsen threshold 921 Card regions per heap region 1 cards per card region 8192
 CPUs: 20 total, 20 available
 Memory: 16068M
 Large Page Support: Disabled
 NUMA Support: Disabled
 Compressed Oops: Enabled (Zero based)
 Heap Region Size: 4M
 Heap Min Capacity: 8M
 Heap Initial Capacity: 252M
 Heap Max Capacity: 8G
 Pre-touch: Disabled
 Parallel Workers: 15
 Concurrent Workers: 4
 Concurrent Refinement Workers: 15
 Periodic GC: Disabled
Heap:
 garbage-first heap   total 106496K, used 44612K [0x0000000600000000, 0x0000000800000000)
  region size 4096K, 5 young (20480K), 2 survivors (8192K)
 Metaspace       used 46963K, committed 48704K, reserved 1114112K
  class space    used 6950K, committed 7808K, reserved 1048576K
GC Heap History (16 events):
Event: 0.605 GC heap before
{Heap before GC invocations=0 (full 0):
 garbage-first heap   total 258048K, used 20480K [0x0000000600000000, 0x0000000800000000)
  region size 4096K, 5 young (20480K), 0 survivors (0K)
 Metaspace       used 872K, committed 1024K, reserved 1114112K
  class space    used 71K, committed 128K, reserved 1048576K
}
Event: 0.608 GC heap after
{Heap after GC invocations=1 (full 0):
 garbage-first heap   total 258048K, used 1520K [0x0000000600000000, 0x0000000800000000)
  region size 4096K, 1 young (4096K), 1 survivors (4096K)
 Metaspace       used 872K, committed 1024K, reserved 1114112K
  class space    used 71K, committed 128K, reserved 1048576K
}
Event: 1.752 GC heap before
{Heap before GC invocations=1 (full 0):
 garbage-first heap   total 258048K, used 46576K [0x0000000600000000, 0x0000000800000000)
  region size 4096K, 11 young (45056K), 1 survivors (4096K)
 Metaspace       used 4603K, committed 4800K, reserved 1114112K
  class space    used 583K, committed 704K, reserved 1048576K
}
Event: 1.758 GC heap after
{Heap after GC invocations=2 (full 0):
 garbage-first heap   total 258048K, used 11485K [0x0000000600000000, 0x0000000800000000)
  region size 4096K, 2 young (8192K), 2 survivors (8192K)
 Metaspace       used 4603K, committed 4800K, reserved 1114112K
  class space    used 583K, committed 704K, reserved 1048576K
}
Event: 8.252 GC heap before
{Heap before GC invocations=2 (full 0):
 garbage-first heap   total 258048K, used 146653K [0x0000000600000000, 0x0000000800000000)
  region size 4096K, 37 young (151552K), 2 survivors (8192K)
 Metaspace       used 20781K, committed 21504K, reserved 1114112K
  class space    used 2886K, committed 3264K, reserved 1048576K
}
Event: 8.263 GC heap after
{Heap after GC invocations=3 (full 0):
 garbage-first heap   total 258048K, used 23394K [0x0000000600000000, 0x0000000800000000)
  region size 4096K, 5 young (20480K), 5 survivors (20480K)
 Metaspace       used 20781K, committed 21504K, reserved 1114112K
  class space    used 2886K, committed 3264K, reserved 1048576K
}
Event: 9.293 GC heap before
{Heap before GC invocations=4 (full 0):
 garbage-first heap   total 81920K, used 80738K [0x0000000600000000, 0x0000000800000000)
  region size 4096K, 19 young (77824K), 5 survivors (20480K)
 Metaspace       used 27845K, committed 28864K, reserved 1114112K
  class space    used 3996K, committed 4480K, reserved 1048576K
}
Event: 9.305 GC heap after
{Heap after GC invocations=5 (full 0):
 garbage-first heap   total 106496K, used 26881K [0x0000000600000000, 0x0000000800000000)
  region size 4096K, 1 young (4096K), 1 survivors (4096K)
 Metaspace       used 27845K, committed 28864K, reserved 1114112K
  class space    used 3996K, committed 4480K, reserved 1048576K
}
Event: 10.640 GC heap before
{Heap before GC invocations=5 (full 0):
 garbage-first heap   total 106496K, used 71937K [0x0000000600000000, 0x0000000800000000)
  region size 4096K, 14 young (57344K), 1 survivors (4096K)
 Metaspace       used 34709K, committed 35968K, reserved 1114112K
  class space    used 4946K, committed 5568K, reserved 1048576K
}
Event: 10.644 GC heap after
{Heap after GC invocations=6 (full 0):
 garbage-first heap   total 106496K, used 29982K [0x0000000600000000, 0x0000000800000000)
  region size 4096K, 2 young (8192K), 2 survivors (8192K)
 Metaspace       used 34709K, committed 35968K, reserved 1114112K
  class space    used 4946K, committed 5568K, reserved 1048576K
}
Event: 35.755 GC heap before
{Heap before GC invocations=7 (full 0):
 garbage-first heap   total 106496K, used 83230K [0x0000000600000000, 0x0000000800000000)
  region size 4096K, 15 young (61440K), 2 survivors (8192K)
 Metaspace       used 37889K, committed 39424K, reserved 1114112K
  class space    used 5479K, committed 6208K, reserved 1048576K
}
Event: 35.768 GC heap after
{Heap after GC invocations=8 (full 0):
 garbage-first heap   total 106496K, used 31598K [0x0000000600000000, 0x0000000800000000)
  region size 4096K, 2 young (8192K), 2 survivors (8192K)
 Metaspace       used 37889K, committed 39424K, reserved 1114112K
  class space    used 5479K, committed 6208K, reserved 1048576K
}
Event: 38.879 GC heap before
{Heap before GC invocations=8 (full 0):
 garbage-first heap   total 106496K, used 84846K [0x0000000600000000, 0x0000000800000000)
  region size 4096K, 15 young (61440K), 2 survivors (8192K)
 Metaspace       used 41180K, committed 42816K, reserved 1114112K
  class space    used 6021K, committed 6848K, reserved 1048576K
}
Event: 38.886 GC heap after
{Heap after GC invocations=9 (full 0):
 garbage-first heap   total 106496K, used 33477K [0x0000000600000000, 0x0000000800000000)
  region size 4096K, 1 young (4096K), 1 survivors (4096K)
 Metaspace       used 41180K, committed 42816K, reserved 1114112K
  class space    used 6021K, committed 6848K, reserved 1048576K
}
Event: 58.544 GC heap before
{Heap before GC invocations=9 (full 0):
 garbage-first heap   total 106496K, used 90821K [0x0000000600000000, 0x0000000800000000)
  region size 4096K, 15 young (61440K), 1 survivors (4096K)
 Metaspace       used 46380K, committed 48064K, reserved 1114112K
  class space    used 6851K, committed 7680K, reserved 1048576K
}
Event: 58.553 GC heap after
{Heap after GC invocations=10 (full 0):
 garbage-first heap   total 106496K, used 36420K [0x0000000600000000, 0x0000000800000000)
  region size 4096K, 2 young (8192K), 2 survivors (8192K)
 Metaspace       used 46380K, committed 48064K, reserved 1114112K
  class space    used 6851K, committed 7680K, reserved 1048576K
}

