# JRE version: OpenJDK Runtime Environment Temurin-21.0.12.1+1 (21.0.12.1+1) (build 21.0.12.1+1-LTS)
# Java VM: OpenJDK 64-Bit Server VM Temurin-21.0.12.1+1 (21.0.12.1+1-LTS, mixed mode, sharing, tiered, compressed oops, compressed class ptrs, g1 gc, windows-amd64)
GC Precious Log:
 CardTable entry size: 512
 Card Set container configuration: InlinePtr #cards 4 size 8 Array Of Cards #cards 32 size 80 Howl #buckets 8 coarsen threshold 7372 Howl Bitmap #cards 1024 size 144 coarsen threshold 921 Card regions per heap region 1 cards per card region 8192
 CPUs: 20 total, 20 available
 Memory: 16068M
 Large Page Support: Disabled
 NUMA Support: Disabled
 Compressed Oops: Enabled (Zero based)
 Heap Region Size: 4M
 Heap Min Capacity: 8M
 Heap Initial Capacity: 252M
 Heap Max Capacity: 8G
 Pre-touch: Disabled
 Parallel Workers: 15
 Concurrent Workers: 4
 Concurrent Refinement Workers: 15
 Periodic GC: Disabled
Heap:
 garbage-first heap   total 110592K, used 40949K [0x0000000600000000, 0x0000000800000000)
  region size 4096K, 5 young (20480K), 2 survivors (8192K)
 Metaspace       used 37979K, committed 39488K, reserved 1114112K
  class space    used 5482K, committed 6208K, reserved 1048576K
GC Heap History (16 events):
Event: 0.812 GC heap before
{Heap before GC invocations=0 (full 0):
 garbage-first heap   total 258048K, used 20480K [0x0000000600000000, 0x0000000800000000)
  region size 4096K, 5 young (20480K), 0 survivors (0K)
 Metaspace       used 887K, committed 1024K, reserved 1114112K
  class space    used 71K, committed 128K, reserved 1048576K
}
Event: 0.820 GC heap after
{Heap after GC invocations=1 (full 0):
 garbage-first heap   total 258048K, used 1440K [0x0000000600000000, 0x0000000800000000)
  region size 4096K, 1 young (4096K), 1 survivors (4096K)
 Metaspace       used 887K, committed 1024K, reserved 1114112K
  class space    used 71K, committed 128K, reserved 1048576K
}
Event: 3.765 GC heap before
{Heap before GC invocations=1 (full 0):
 garbage-first heap   total 258048K, used 46496K [0x0000000600000000, 0x0000000800000000)
  region size 4096K, 11 young (45056K), 1 survivors (4096K)
 Metaspace       used 4599K, committed 4800K, reserved 1114112K
  class space    used 582K, committed 704K, reserved 1048576K
}
Event: 3.771 GC heap after
{Heap after GC invocations=2 (full 0):
 garbage-first heap   total 258048K, used 11508K [0x0000000600000000, 0x0000000800000000)
  region size 4096K, 2 young (8192K), 2 survivors (8192K)
 Metaspace       used 4599K, committed 4800K, reserved 1114112K
  class space    used 582K, committed 704K, reserved 1048576K
}
Event: 7.552 GC heap before
{Heap before GC invocations=2 (full 0):
 garbage-first heap   total 258048K, used 101620K [0x0000000600000000, 0x0000000800000000)
  region size 4096K, 25 young (102400K), 2 survivors (8192K)
 Metaspace       used 14409K, committed 14848K, reserved 1114112K
  class space    used 2002K, committed 2176K, reserved 1048576K
}
Event: 7.562 GC heap after
{Heap after GC invocations=3 (full 0):
 garbage-first heap   total 258048K, used 21039K [0x0000000600000000, 0x0000000800000000)
  region size 4096K, 4 young (16384K), 4 survivors (16384K)
 Metaspace       used 14409K, committed 14848K, reserved 1114112K
  class space    used 2002K, committed 2176K, reserved 1048576K
}
Event: 37.192 GC heap before
{Heap before GC invocations=3 (full 0):
 garbage-first heap   total 258048K, used 70191K [0x0000000600000000, 0x0000000800000000)
  region size 4096K, 17 young (69632K), 4 survivors (16384K)
 Metaspace       used 20919K, committed 21504K, reserved 1114112K
  class space    used 2892K, committed 3136K, reserved 1048576K
}
Event: 37.208 GC heap after
{Heap after GC invocations=4 (full 0):
 garbage-first heap   total 258048K, used 24134K [0x0000000600000000, 0x0000000800000000)
  region size 4096K, 4 young (16384K), 4 survivors (16384K)
 Metaspace       used 20919K, committed 21504K, reserved 1114112K
  class space    used 2892K, committed 3136K, reserved 1048576K
}
Event: 39.044 GC heap before
{Heap before GC invocations=5 (full 0):
 garbage-first heap   total 98304K, used 93766K [0x0000000600000000, 0x0000000800000000)
  region size 4096K, 21 young (86016K), 4 survivors (16384K)
 Metaspace       used 29603K, committed 30720K, reserved 1114112K
  class space    used 4291K, committed 4864K, reserved 1048576K
}
Event: 39.052 GC heap after
{Heap after GC invocations=6 (full 0):
 garbage-first heap   total 118784K, used 27823K [0x0000000600000000, 0x0000000800000000)
  region size 4096K, 2 young (8192K), 2 survivors (8192K)
 Metaspace       used 29603K, committed 30720K, reserved 1114112K
  class space    used 4291K, committed 4864K, reserved 1048576K
}
Event: 40.165 GC heap before
{Heap before GC invocations=6 (full 0):
 garbage-first heap   total 118784K, used 64687K [0x0000000600000000, 0x0000000800000000)
  region size 4096K, 12 young (49152K), 2 survivors (8192K)
 Metaspace       used 34798K, committed 36096K, reserved 1114112K
  class space    used 4962K, committed 5632K, reserved 1048576K
}
Event: 40.171 GC heap after
{Heap after GC invocations=7 (full 0):
 garbage-first heap   total 118784K, used 30860K [0x0000000600000000, 0x0000000800000000)
  region size 4096K, 3 young (12288K), 3 survivors (12288K)
 Metaspace       used 34798K, committed 36096K, reserved 1114112K
  class space    used 4962K, committed 5632K, reserved 1048576K
}
Event: 40.243 GC heap before
{Heap before GC invocations=7 (full 0):
 garbage-first heap   total 118784K, used 30860K [0x0000000600000000, 0x0000000800000000)
  region size 4096K, 4 young (16384K), 3 survivors (12288K)
 Metaspace       used 35160K, committed 36416K, reserved 1114112K
  class space    used 5008K, committed 5632K, reserved 1048576K
}
Event: 40.247 GC heap after
{Heap after GC invocations=8 (full 0):
 garbage-first heap   total 118784K, used 30984K [0x0000000600000000, 0x0000000800000000)
  region size 4096K, 2 young (8192K), 2 survivors (8192K)
 Metaspace       used 35160K, committed 36416K, reserved 1114112K
  class space    used 5008K, committed 5632K, reserved 1048576K
}
Event: 256.918 GC heap before
{Heap before GC invocations=9 (full 0):
 garbage-first heap   total 110592K, used 92424K [0x0000000600000000, 0x0000000800000000)
  region size 4096K, 17 young (69632K), 2 survivors (8192K)
 Metaspace       used 36978K, committed 38336K, reserved 1114112K
  class space    used 5309K, committed 5952K, reserved 1048576K
}
Event: 257.045 GC heap after
{Heap after GC invocations=10 (full 0):
 garbage-first heap   total 110592K, used 32757K [0x0000000600000000, 0x0000000800000000)
  region size 4096K, 2 young (8192K), 2 survivors (8192K)
 Metaspace       used 36978K, committed 38336K, reserved 1114112K
  class space    used 5309K, committed 5952K, reserved 1048576K
}

