# JRE version: OpenJDK Runtime Environment Temurin-21.0.12.1+1 (21.0.12.1+1) (build 21.0.12.1+1-LTS)
# Java VM: OpenJDK 64-Bit Server VM Temurin-21.0.12.1+1 (21.0.12.1+1-LTS, mixed mode, sharing, tiered, compressed oops, compressed class ptrs, g1 gc, windows-amd64)
GC Precious Log:
 CardTable entry size: 512
 Card Set container configuration: InlinePtr #cards 4 size 8 Array Of Cards #cards 32 size 80 Howl #buckets 8 coarsen threshold 7372 Howl Bitmap #cards 1024 size 144 coarsen threshold 921 Card regions per heap region 1 cards per card region 8192
 CPUs: 20 total, 20 available
 Memory: 16068M
 Large Page Support: Disabled
 NUMA Support: Disabled
 Compressed Oops: Enabled (Zero based)
 Heap Region Size: 4M
 Heap Min Capacity: 8M
 Heap Initial Capacity: 252M
 Heap Max Capacity: 8G
 Pre-touch: Disabled
 Parallel Workers: 15
 Concurrent Workers: 4
 Concurrent Refinement Workers: 15
 Periodic GC: Disabled
Heap:
 garbage-first heap   total 135168K, used 82226K [0x0000000600000000, 0x0000000800000000)
  region size 4096K, 15 young (61440K), 2 survivors (8192K)
 Metaspace       used 49056K, committed 50816K, reserved 1114112K
  class space    used 7264K, committed 8128K, reserved 1048576K
GC Heap History (20 events):
Event: 1.214 GC heap before
{Heap before GC invocations=0 (full 0):
 garbage-first heap   total 258048K, used 20480K [0x0000000600000000, 0x0000000800000000)
  region size 4096K, 5 young (20480K), 0 survivors (0K)
 Metaspace       used 878K, committed 1024K, reserved 1114112K
  class space    used 71K, committed 128K, reserved 1048576K
}
Event: 1.218 GC heap after
{Heap after GC invocations=1 (full 0):
 garbage-first heap   total 258048K, used 1635K [0x0000000600000000, 0x0000000800000000)
  region size 4096K, 1 young (4096K), 1 survivors (4096K)
 Metaspace       used 878K, committed 1024K, reserved 1114112K
  class space    used 71K, committed 128K, reserved 1048576K
}
Event: 2.674 GC heap before
{Heap before GC invocations=1 (full 0):
 garbage-first heap   total 258048K, used 46691K [0x0000000600000000, 0x0000000800000000)
  region size 4096K, 11 young (45056K), 1 survivors (4096K)
 Metaspace       used 4613K, committed 4800K, reserved 1114112K
  class space    used 583K, committed 704K, reserved 1048576K
}
Event: 2.680 GC heap after
{Heap after GC invocations=2 (full 0):
 garbage-first heap   total 258048K, used 11467K [0x0000000600000000, 0x0000000800000000)
  region size 4096K, 2 young (8192K), 2 survivors (8192K)
 Metaspace       used 4613K, committed 4800K, reserved 1114112K
  class space    used 583K, committed 704K, reserved 1048576K
}
Event: 5.371 GC heap before
{Heap before GC invocations=2 (full 0):
 garbage-first heap   total 258048K, used 77003K [0x0000000600000000, 0x0000000800000000)
  region size 4096K, 19 young (77824K), 2 survivors (8192K)
 Metaspace       used 10241K, committed 10560K, reserved 1114112K
  class space    used 1381K, committed 1536K, reserved 1048576K
}
Event: 5.383 GC heap after
{Heap after GC invocations=3 (full 0):
 garbage-first heap   total 258048K, used 19919K [0x0000000600000000, 0x0000000800000000)
  region size 4096K, 3 young (12288K), 3 survivors (12288K)
 Metaspace       used 10241K, committed 10560K, reserved 1114112K
  class space    used 1381K, committed 1536K, reserved 1048576K
}
Event: 13.212 GC heap before
{Heap before GC invocations=3 (full 0):
 garbage-first heap   total 258048K, used 85455K [0x0000000600000000, 0x0000000800000000)
  region size 4096K, 21 young (86016K), 3 survivors (12288K)
 Metaspace       used 20891K, committed 21504K, reserved 1114112K
  class space    used 2898K, committed 3200K, reserved 1048576K
}
Event: 13.220 GC heap after
{Heap after GC invocations=4 (full 0):
 garbage-first heap   total 258048K, used 23801K [0x0000000600000000, 0x0000000800000000)
  region size 4096K, 4 young (16384K), 4 survivors (16384K)
 Metaspace       used 20891K, committed 21504K, reserved 1114112K
  class space    used 2898K, committed 3200K, reserved 1048576K
}
Event: 15.538 GC heap before
{Heap before GC invocations=5 (full 0):
 garbage-first heap   total 98304K, used 93433K [0x0000000600000000, 0x0000000800000000)
  region size 4096K, 21 young (86016K), 4 survivors (16384K)
 Metaspace       used 29499K, committed 30656K, reserved 1114112K
  class space    used 4283K, committed 4864K, reserved 1048576K
}
Event: 15.547 GC heap after
{Heap after GC invocations=6 (full 0):
 garbage-first heap   total 118784K, used 27746K [0x0000000600000000, 0x0000000800000000)
  region size 4096K, 2 young (8192K), 2 survivors (8192K)
 Metaspace       used 29499K, committed 30656K, reserved 1114112K
  class space    used 4283K, committed 4864K, reserved 1048576K
}
Event: 16.608 GC heap before
{Heap before GC invocations=6 (full 0):
 garbage-first heap   total 118784K, used 60514K [0x0000000600000000, 0x0000000800000000)
  region size 4096K, 12 young (49152K), 2 survivors (8192K)
 Metaspace       used 34763K, committed 36096K, reserved 1114112K
  class space    used 4963K, committed 5632K, reserved 1048576K
}
Event: 16.627 GC heap after
{Heap after GC invocations=7 (full 0):
 garbage-first heap   total 118784K, used 30207K [0x0000000600000000, 0x0000000800000000)
  region size 4096K, 2 young (8192K), 2 survivors (8192K)
 Metaspace       used 34763K, committed 36096K, reserved 1114112K
  class space    used 4963K, committed 5632K, reserved 1048576K
}
Event: 16.736 GC heap before
{Heap before GC invocations=7 (full 0):
 garbage-first heap   total 118784K, used 30207K [0x0000000600000000, 0x0000000800000000)
  region size 4096K, 3 young (12288K), 2 survivors (8192K)
 Metaspace       used 35185K, committed 36416K, reserved 1114112K
  class space    used 5024K, committed 5632K, reserved 1048576K
}
Event: 16.741 GC heap after
{Heap after GC invocations=8 (full 0):
 garbage-first heap   total 118784K, used 30710K [0x0000000600000000, 0x0000000800000000)
  region size 4096K, 2 young (8192K), 2 survivors (8192K)
 Metaspace       used 35185K, committed 36416K, reserved 1114112K
  class space    used 5024K, committed 5632K, reserved 1048576K
}
Event: 72.731 GC heap before
{Heap before GC invocations=9 (full 0):
 garbage-first heap   total 110592K, used 88054K [0x0000000600000000, 0x0000000800000000)
  region size 4096K, 16 young (65536K), 2 survivors (8192K)
 Metaspace       used 38298K, committed 39808K, reserved 1114112K
  class space    used 5561K, committed 6272K, reserved 1048576K
}
Event: 72.756 GC heap after
{Heap after GC invocations=10 (full 0):
 garbage-first heap   total 110592K, used 32161K [0x0000000600000000, 0x0000000800000000)
  region size 4096K, 2 young (8192K), 2 survivors (8192K)
 Metaspace       used 38298K, committed 39808K, reserved 1114112K
  class space    used 5561K, committed 6272K, reserved 1048576K
}
Event: 74.595 GC heap before
{Heap before GC invocations=10 (full 0):
 garbage-first heap   total 110592K, used 89505K [0x0000000600000000, 0x0000000800000000)
  region size 4096K, 16 young (65536K), 2 survivors (8192K)
 Metaspace       used 41940K, committed 43648K, reserved 1114112K
  class space    used 6167K, committed 7040K, reserved 1048576K
}
Event: 74.669 GC heap after
{Heap after GC invocations=11 (full 0):
 garbage-first heap   total 110592K, used 34311K [0x0000000600000000, 0x0000000800000000)
  region size 4096K, 2 young (8192K), 2 survivors (8192K)
 Metaspace       used 41940K, committed 43648K, reserved 1114112K
  class space    used 6167K, committed 7040K, reserved 1048576K
}
Event: 83.853 GC heap before
{Heap before GC invocations=11 (full 0):
 garbage-first heap   total 110592K, used 91655K [0x0000000600000000, 0x0000000800000000)
  region size 4096K, 16 young (65536K), 2 survivors (8192K)
 Metaspace       used 47036K, committed 48768K, reserved 1114112K
  class space    used 6962K, committed 7808K, reserved 1048576K
}
Event: 83.862 GC heap after
{Heap after GC invocations=12 (full 0):
 garbage-first heap   total 135168K, used 37170K [0x0000000600000000, 0x0000000800000000)
  region size 4096K, 2 young (8192K), 2 survivors (8192K)
 Metaspace       used 47036K, committed 48768K, reserved 1114112K
  class space    used 6962K, committed 7808K, reserved 1048576K
}

