# JRE version: OpenJDK Runtime Environment Temurin-21.0.12.1+1 (21.0.12.1+1) (build 21.0.12.1+1-LTS)
# Java VM: OpenJDK 64-Bit Server VM Temurin-21.0.12.1+1 (21.0.12.1+1-LTS, mixed mode, sharing, tiered, compressed oops, compressed class ptrs, g1 gc, windows-amd64)
GC Precious Log:
 CardTable entry size: 512
 Card Set container configuration: InlinePtr #cards 4 size 8 Array Of Cards #cards 32 size 80 Howl #buckets 8 coarsen threshold 7372 Howl Bitmap #cards 1024 size 144 coarsen threshold 921 Card regions per heap region 1 cards per card region 8192
 CPUs: 20 total, 20 available
 Memory: 16068M
 Large Page Support: Disabled
 NUMA Support: Disabled
 Compressed Oops: Enabled (Zero based)
 Heap Region Size: 4M
 Heap Min Capacity: 8M
 Heap Initial Capacity: 252M
 Heap Max Capacity: 8G
 Pre-touch: Disabled
 Parallel Workers: 15
 Concurrent Workers: 4
 Concurrent Refinement Workers: 15
 Periodic GC: Disabled
Heap:
 garbage-first heap   total 102400K, used 60842K [0x0000000600000000, 0x0000000800000000)
  region size 4096K, 10 young (40960K), 2 survivors (8192K)
 Metaspace       used 37670K, committed 39232K, reserved 1114112K
  class space    used 5432K, committed 6208K, reserved 1048576K
GC Heap History (16 events):
Event: 0.588 GC heap before
{Heap before GC invocations=0 (full 0):
 garbage-first heap   total 258048K, used 20480K [0x0000000600000000, 0x0000000800000000)
  region size 4096K, 5 young (20480K), 0 survivors (0K)
 Metaspace       used 885K, committed 1024K, reserved 1114112K
  class space    used 71K, committed 128K, reserved 1048576K
}
Event: 0.591 GC heap after
{Heap after GC invocations=1 (full 0):
 garbage-first heap   total 258048K, used 1600K [0x0000000600000000, 0x0000000800000000)
  region size 4096K, 1 young (4096K), 1 survivors (4096K)
 Metaspace       used 885K, committed 1024K, reserved 1114112K
  class space    used 71K, committed 128K, reserved 1048576K
}
Event: 1.901 GC heap before
{Heap before GC invocations=1 (full 0):
 garbage-first heap   total 258048K, used 42560K [0x0000000600000000, 0x0000000800000000)
  region size 4096K, 11 young (45056K), 1 survivors (4096K)
 Metaspace       used 4600K, committed 4800K, reserved 1114112K
  class space    used 584K, committed 704K, reserved 1048576K
}
Event: 1.906 GC heap after
{Heap after GC invocations=2 (full 0):
 garbage-first heap   total 258048K, used 11453K [0x0000000600000000, 0x0000000800000000)
  region size 4096K, 2 young (8192K), 2 survivors (8192K)
 Metaspace       used 4600K, committed 4800K, reserved 1114112K
  class space    used 584K, committed 704K, reserved 1048576K
}
Event: 3.841 GC heap before
{Heap before GC invocations=2 (full 0):
 garbage-first heap   total 258048K, used 76989K [0x0000000600000000, 0x0000000800000000)
  region size 4096K, 19 young (77824K), 2 survivors (8192K)
 Metaspace       used 10271K, committed 10624K, reserved 1114112K
  class space    used 1390K, committed 1536K, reserved 1048576K
}
Event: 3.849 GC heap after
{Heap after GC invocations=3 (full 0):
 garbage-first heap   total 258048K, used 19966K [0x0000000600000000, 0x0000000800000000)
  region size 4096K, 3 young (12288K), 3 survivors (12288K)
 Metaspace       used 10271K, committed 10624K, reserved 1114112K
  class space    used 1390K, committed 1536K, reserved 1048576K
}
Event: 22.042 GC heap before
{Heap before GC invocations=3 (full 0):
 garbage-first heap   total 258048K, used 85502K [0x0000000600000000, 0x0000000800000000)
  region size 4096K, 21 young (86016K), 3 survivors (12288K)
 Metaspace       used 20875K, committed 21504K, reserved 1114112K
  class space    used 2893K, committed 3200K, reserved 1048576K
}
Event: 22.053 GC heap after
{Heap after GC invocations=4 (full 0):
 garbage-first heap   total 258048K, used 23547K [0x0000000600000000, 0x0000000800000000)
  region size 4096K, 3 young (12288K), 3 survivors (12288K)
 Metaspace       used 20875K, committed 21504K, reserved 1114112K
  class space    used 2893K, committed 3200K, reserved 1048576K
}
Event: 24.237 GC heap before
{Heap before GC invocations=5 (full 0):
 garbage-first heap   total 81920K, used 80891K [0x0000000600000000, 0x0000000800000000)
  region size 4096K, 17 young (69632K), 3 survivors (12288K)
 Metaspace       used 27988K, committed 29056K, reserved 1114112K
  class space    used 4023K, committed 4544K, reserved 1048576K
}
Event: 24.247 GC heap after
{Heap after GC invocations=6 (full 0):
 garbage-first heap   total 102400K, used 26979K [0x0000000600000000, 0x0000000800000000)
  region size 4096K, 2 young (8192K), 2 survivors (8192K)
 Metaspace       used 27988K, committed 29056K, reserved 1114112K
  class space    used 4023K, committed 4544K, reserved 1048576K
}
Event: 25.685 GC heap before
{Heap before GC invocations=6 (full 0):
 garbage-first heap   total 102400K, used 76131K [0x0000000600000000, 0x0000000800000000)
  region size 4096K, 14 young (57344K), 2 survivors (8192K)
 Metaspace       used 34390K, committed 35776K, reserved 1114112K
  class space    used 4940K, committed 5632K, reserved 1048576K
}
Event: 25.692 GC heap after
{Heap after GC invocations=7 (full 0):
 garbage-first heap   total 102400K, used 30109K [0x0000000600000000, 0x0000000800000000)
  region size 4096K, 2 young (8192K), 2 survivors (8192K)
 Metaspace       used 34390K, committed 35776K, reserved 1114112K
  class space    used 4940K, committed 5632K, reserved 1048576K
}
Event: 25.739 GC heap before
{Heap before GC invocations=7 (full 0):
 garbage-first heap   total 102400K, used 30109K [0x0000000600000000, 0x0000000800000000)
  region size 4096K, 3 young (12288K), 2 survivors (8192K)
 Metaspace       used 34616K, committed 35968K, reserved 1114112K
  class space    used 4965K, committed 5632K, reserved 1048576K
}
Event: 25.743 GC heap after
{Heap after GC invocations=8 (full 0):
 garbage-first heap   total 102400K, used 30551K [0x0000000600000000, 0x0000000800000000)
  region size 4096K, 1 young (4096K), 1 survivors (4096K)
 Metaspace       used 34616K, committed 35968K, reserved 1114112K
  class space    used 4965K, committed 5632K, reserved 1048576K
}
Event: 153.797 GC heap before
{Heap before GC invocations=9 (full 0):
 garbage-first heap   total 102400K, used 83799K [0x0000000600000000, 0x0000000800000000)
  region size 4096K, 14 young (57344K), 1 survivors (4096K)
 Metaspace       used 36953K, committed 38272K, reserved 1114112K
  class space    used 5320K, committed 5952K, reserved 1048576K
}
Event: 153.919 GC heap after
{Heap after GC invocations=10 (full 0):
 garbage-first heap   total 102400K, used 32170K [0x0000000600000000, 0x0000000800000000)
  region size 4096K, 2 young (8192K), 2 survivors (8192K)
 Metaspace       used 36953K, committed 38272K, reserved 1114112K
  class space    used 5320K, committed 5952K, reserved 1048576K
}

