# JRE version: OpenJDK Runtime Environment Temurin-21.0.12.1+1 (21.0.12.1+1) (build 21.0.12.1+1-LTS)
# Java VM: OpenJDK 64-Bit Server VM Temurin-21.0.12.1+1 (21.0.12.1+1-LTS, mixed mode, sharing, tiered, compressed oops, compressed class ptrs, g1 gc, windows-amd64)
GC Precious Log:
 CardTable entry size: 512
 Card Set container configuration: InlinePtr #cards 4 size 8 Array Of Cards #cards 32 size 80 Howl #buckets 8 coarsen threshold 7372 Howl Bitmap #cards 1024 size 144 coarsen threshold 921 Card regions per heap region 1 cards per card region 8192
 CPUs: 20 total, 20 available
 Memory: 16068M
 Large Page Support: Disabled
 NUMA Support: Disabled
 Compressed Oops: Enabled (Zero based)
 Heap Region Size: 4M
 Heap Min Capacity: 8M
 Heap Initial Capacity: 252M
 Heap Max Capacity: 8G
 Pre-touch: Disabled
 Parallel Workers: 15
 Concurrent Workers: 4
 Concurrent Refinement Workers: 15
 Periodic GC: Disabled
Heap:
 garbage-first heap   total 102400K, used 34597K [0x0000000600000000, 0x0000000800000000)
  region size 4096K, 3 young (12288K), 2 survivors (8192K)
 Metaspace       used 43162K, committed 44800K, reserved 1114112K
  class space    used 6355K, committed 7168K, reserved 1048576K
GC Heap History (20 events):
Event: 0.505 GC heap before
{Heap before GC invocations=0 (full 0):
 garbage-first heap   total 258048K, used 20480K [0x0000000600000000, 0x0000000800000000)
  region size 4096K, 5 young (20480K), 0 survivors (0K)
 Metaspace       used 881K, committed 1024K, reserved 1114112K
  class space    used 71K, committed 128K, reserved 1048576K
}
Event: 0.511 GC heap after
{Heap after GC invocations=1 (full 0):
 garbage-first heap   total 258048K, used 1600K [0x0000000600000000, 0x0000000800000000)
  region size 4096K, 1 young (4096K), 1 survivors (4096K)
 Metaspace       used 881K, committed 1024K, reserved 1114112K
  class space    used 71K, committed 128K, reserved 1048576K
}
Event: 1.772 GC heap before
{Heap before GC invocations=1 (full 0):
 garbage-first heap   total 258048K, used 46656K [0x0000000600000000, 0x0000000800000000)
  region size 4096K, 11 young (45056K), 1 survivors (4096K)
 Metaspace       used 4584K, committed 4800K, reserved 1114112K
  class space    used 581K, committed 704K, reserved 1048576K
}
Event: 1.777 GC heap after
{Heap after GC invocations=2 (full 0):
 garbage-first heap   total 258048K, used 11417K [0x0000000600000000, 0x0000000800000000)
  region size 4096K, 2 young (8192K), 2 survivors (8192K)
 Metaspace       used 4584K, committed 4800K, reserved 1114112K
  class space    used 581K, committed 704K, reserved 1048576K
}
Event: 6.322 GC heap before
{Heap before GC invocations=2 (full 0):
 garbage-first heap   total 258048K, used 89241K [0x0000000600000000, 0x0000000800000000)
  region size 4096K, 22 young (90112K), 2 survivors (8192K)
 Metaspace       used 12278K, committed 12736K, reserved 1114112K
  class space    used 1682K, committed 1920K, reserved 1048576K
}
Event: 6.331 GC heap after
{Heap after GC invocations=3 (full 0):
 garbage-first heap   total 258048K, used 20609K [0x0000000600000000, 0x0000000800000000)
  region size 4096K, 3 young (12288K), 3 survivors (12288K)
 Metaspace       used 12278K, committed 12736K, reserved 1114112K
  class space    used 1682K, committed 1920K, reserved 1048576K
}
Event: 24.480 GC heap before
{Heap before GC invocations=3 (full 0):
 garbage-first heap   total 258048K, used 73857K [0x0000000600000000, 0x0000000800000000)
  region size 4096K, 18 young (73728K), 3 survivors (12288K)
 Metaspace       used 20903K, committed 21504K, reserved 1114112K
  class space    used 2889K, committed 3136K, reserved 1048576K
}
Event: 24.485 GC heap after
{Heap after GC invocations=4 (full 0):
 garbage-first heap   total 258048K, used 23428K [0x0000000600000000, 0x0000000800000000)
  region size 4096K, 3 young (12288K), 3 survivors (12288K)
 Metaspace       used 20903K, committed 21504K, reserved 1114112K
  class space    used 2889K, committed 3136K, reserved 1048576K
}
Event: 26.671 GC heap before
{Heap before GC invocations=5 (full 0):
 garbage-first heap   total 81920K, used 80772K [0x0000000600000000, 0x0000000800000000)
  region size 4096K, 17 young (69632K), 3 survivors (12288K)
 Metaspace       used 27980K, committed 28992K, reserved 1114112K
  class space    used 4010K, committed 4480K, reserved 1048576K
}
Event: 26.680 GC heap after
{Heap after GC invocations=6 (full 0):
 garbage-first heap   total 102400K, used 27012K [0x0000000600000000, 0x0000000800000000)
  region size 4096K, 2 young (8192K), 2 survivors (8192K)
 Metaspace       used 27980K, committed 28992K, reserved 1114112K
  class space    used 4010K, committed 4480K, reserved 1048576K
}
Event: 28.647 GC heap before
{Heap before GC invocations=6 (full 0):
 garbage-first heap   total 102400K, used 72068K [0x0000000600000000, 0x0000000800000000)
  region size 4096K, 14 young (57344K), 2 survivors (8192K)
 Metaspace       used 34201K, committed 35520K, reserved 1114112K
  class space    used 4906K, committed 5568K, reserved 1048576K
}
Event: 28.653 GC heap after
{Heap after GC invocations=7 (full 0):
 garbage-first heap   total 102400K, used 29491K [0x0000000600000000, 0x0000000800000000)
  region size 4096K, 2 young (8192K), 2 survivors (8192K)
 Metaspace       used 34201K, committed 35520K, reserved 1114112K
  class space    used 4906K, committed 5568K, reserved 1048576K
}
Event: 28.777 GC heap before
{Heap before GC invocations=7 (full 0):
 garbage-first heap   total 102400K, used 29491K [0x0000000600000000, 0x0000000800000000)
  region size 4096K, 3 young (12288K), 2 survivors (8192K)
 Metaspace       used 34795K, committed 36096K, reserved 1114112K
  class space    used 4961K, committed 5632K, reserved 1048576K
}
Event: 28.781 GC heap after
{Heap after GC invocations=8 (full 0):
 garbage-first heap   total 102400K, used 30333K [0x0000000600000000, 0x0000000800000000)
  region size 4096K, 1 young (4096K), 1 survivors (4096K)
 Metaspace       used 34795K, committed 36096K, reserved 1114112K
  class space    used 4961K, committed 5632K, reserved 1048576K
}
Event: 83.995 GC heap before
{Heap before GC invocations=9 (full 0):
 garbage-first heap   total 102400K, used 79485K [0x0000000600000000, 0x0000000800000000)
  region size 4096K, 13 young (53248K), 1 survivors (4096K)
 Metaspace       used 36911K, committed 38336K, reserved 1114112K
  class space    used 5303K, committed 6016K, reserved 1048576K
}
Event: 84.067 GC heap after
{Heap after GC invocations=10 (full 0):
 garbage-first heap   total 102400K, used 31721K [0x0000000600000000, 0x0000000800000000)
  region size 4096K, 2 young (8192K), 2 survivors (8192K)
 Metaspace       used 36911K, committed 38336K, reserved 1114112K
  class space    used 5303K, committed 6016K, reserved 1048576K
}
Event: 262.598 GC heap before
{Heap before GC invocations=10 (full 0):
 garbage-first heap   total 102400K, used 76777K [0x0000000600000000, 0x0000000800000000)
  region size 4096K, 13 young (53248K), 2 survivors (8192K)
 Metaspace       used 40420K, committed 41984K, reserved 1114112K
  class space    used 5882K, committed 6656K, reserved 1048576K
}
Event: 262.662 GC heap after
{Heap after GC invocations=11 (full 0):
 garbage-first heap   total 102400K, used 33219K [0x0000000600000000, 0x0000000800000000)
  region size 4096K, 1 young (4096K), 1 survivors (4096K)
 Metaspace       used 40420K, committed 41984K, reserved 1114112K
  class space    used 5882K, committed 6656K, reserved 1048576K
}
Event: 270.594 GC heap before
{Heap before GC invocations=11 (full 0):
 garbage-first heap   total 102400K, used 82371K [0x0000000600000000, 0x0000000800000000)
  region size 4096K, 13 young (53248K), 1 survivors (4096K)
 Metaspace       used 42884K, committed 44544K, reserved 1114112K
  class space    used 6312K, committed 7168K, reserved 1048576K
}
Event: 270.600 GC heap after
{Heap after GC invocations=12 (full 0):
 garbage-first heap   total 102400K, used 34597K [0x0000000600000000, 0x0000000800000000)
  region size 4096K, 2 young (8192K), 2 survivors (8192K)
 Metaspace       used 42884K, committed 44544K, reserved 1114112K
  class space    used 6312K, committed 7168K, reserved 1048576K
}

