# JRE version: OpenJDK Runtime Environment Temurin-21.0.12.1+1 (21.0.12.1+1) (build 21.0.12.1+1-LTS)
# Java VM: OpenJDK 64-Bit Server VM Temurin-21.0.12.1+1 (21.0.12.1+1-LTS, mixed mode, sharing, tiered, compressed oops, compressed class ptrs, g1 gc, windows-amd64)
GC Precious Log:
 CardTable entry size: 512
 Card Set container configuration: InlinePtr #cards 4 size 8 Array Of Cards #cards 32 size 80 Howl #buckets 8 coarsen threshold 7372 Howl Bitmap #cards 1024 size 144 coarsen threshold 921 Card regions per heap region 1 cards per card region 8192
 CPUs: 20 total, 20 available
 Memory: 16068M
 Large Page Support: Disabled
 NUMA Support: Disabled
 Compressed Oops: Enabled (Zero based)
 Heap Region Size: 4M
 Heap Min Capacity: 8M
 Heap Initial Capacity: 252M
 Heap Max Capacity: 8G
 Pre-touch: Disabled
 Parallel Workers: 15
 Concurrent Workers: 4
 Concurrent Refinement Workers: 15
 Periodic GC: Disabled
Heap:
 garbage-first heap   total 102400K, used 64275K [0x0000000600000000, 0x0000000800000000)
  region size 4096K, 10 young (40960K), 2 survivors (8192K)
 Metaspace       used 46886K, committed 48640K, reserved 1114112K
  class space    used 6935K, committed 7808K, reserved 1048576K
GC Heap History (20 events):
Event: 0.619 GC heap before
{Heap before GC invocations=0 (full 0):
 garbage-first heap   total 258048K, used 20480K [0x0000000600000000, 0x0000000800000000)
  region size 4096K, 5 young (20480K), 0 survivors (0K)
 Metaspace       used 881K, committed 1024K, reserved 1114112K
  class space    used 71K, committed 128K, reserved 1048576K
}
Event: 0.622 GC heap after
{Heap after GC invocations=1 (full 0):
 garbage-first heap   total 258048K, used 1600K [0x0000000600000000, 0x0000000800000000)
  region size 4096K, 1 young (4096K), 1 survivors (4096K)
 Metaspace       used 881K, committed 1024K, reserved 1114112K
  class space    used 71K, committed 128K, reserved 1048576K
}
Event: 1.897 GC heap before
{Heap before GC invocations=1 (full 0):
 garbage-first heap   total 258048K, used 42560K [0x0000000600000000, 0x0000000800000000)
  region size 4096K, 11 young (45056K), 1 survivors (4096K)
 Metaspace       used 4614K, committed 4800K, reserved 1114112K
  class space    used 583K, committed 704K, reserved 1048576K
}
Event: 1.902 GC heap after
{Heap after GC invocations=2 (full 0):
 garbage-first heap   total 258048K, used 11692K [0x0000000600000000, 0x0000000800000000)
  region size 4096K, 2 young (8192K), 2 survivors (8192K)
 Metaspace       used 4614K, committed 4800K, reserved 1114112K
  class space    used 583K, committed 704K, reserved 1048576K
}
Event: 4.697 GC heap before
{Heap before GC invocations=2 (full 0):
 garbage-first heap   total 258048K, used 77228K [0x0000000600000000, 0x0000000800000000)
  region size 4096K, 19 young (77824K), 2 survivors (8192K)
 Metaspace       used 10254K, committed 10560K, reserved 1114112K
  class space    used 1380K, committed 1536K, reserved 1048576K
}
Event: 4.705 GC heap after
{Heap after GC invocations=3 (full 0):
 garbage-first heap   total 258048K, used 19893K [0x0000000600000000, 0x0000000800000000)
  region size 4096K, 3 young (12288K), 3 survivors (12288K)
 Metaspace       used 10254K, committed 10560K, reserved 1114112K
  class space    used 1380K, committed 1536K, reserved 1048576K
}
Event: 71.207 GC heap before
{Heap before GC invocations=3 (full 0):
 garbage-first heap   total 258048K, used 93621K [0x0000000600000000, 0x0000000800000000)
  region size 4096K, 23 young (94208K), 3 survivors (12288K)
 Metaspace       used 20930K, committed 21504K, reserved 1114112K
  class space    used 2890K, committed 3136K, reserved 1048576K
}
Event: 71.236 GC heap after
{Heap after GC invocations=4 (full 0):
 garbage-first heap   total 258048K, used 23189K [0x0000000600000000, 0x0000000800000000)
  region size 4096K, 3 young (12288K), 3 survivors (12288K)
 Metaspace       used 20930K, committed 21504K, reserved 1114112K
  class space    used 2890K, committed 3136K, reserved 1048576K
}
Event: 74.285 GC heap before
{Heap before GC invocations=5 (full 0):
 garbage-first heap   total 81920K, used 80533K [0x0000000600000000, 0x0000000800000000)
  region size 4096K, 17 young (69632K), 3 survivors (12288K)
 Metaspace       used 28128K, committed 29120K, reserved 1114112K
  class space    used 4029K, committed 4480K, reserved 1048576K
}
Event: 74.297 GC heap after
{Heap after GC invocations=6 (full 0):
 garbage-first heap   total 102400K, used 27273K [0x0000000600000000, 0x0000000800000000)
  region size 4096K, 2 young (8192K), 2 survivors (8192K)
 Metaspace       used 28128K, committed 29120K, reserved 1114112K
  class space    used 4029K, committed 4480K, reserved 1048576K
}
Event: 76.857 GC heap before
{Heap before GC invocations=6 (full 0):
 garbage-first heap   total 102400K, used 72329K [0x0000000600000000, 0x0000000800000000)
  region size 4096K, 14 young (57344K), 2 survivors (8192K)
 Metaspace       used 34343K, committed 35648K, reserved 1114112K
  class space    used 4928K, committed 5568K, reserved 1048576K
}
Event: 76.886 GC heap after
{Heap after GC invocations=7 (full 0):
 garbage-first heap   total 102400K, used 29992K [0x0000000600000000, 0x0000000800000000)
  region size 4096K, 2 young (8192K), 2 survivors (8192K)
 Metaspace       used 34343K, committed 35648K, reserved 1114112K
  class space    used 4928K, committed 5568K, reserved 1048576K
}
Event: 77.053 GC heap before
{Heap before GC invocations=7 (full 0):
 garbage-first heap   total 102400K, used 29992K [0x0000000600000000, 0x0000000800000000)
  region size 4096K, 3 young (12288K), 2 survivors (8192K)
 Metaspace       used 34761K, committed 36096K, reserved 1114112K
  class space    used 4968K, committed 5632K, reserved 1048576K
}
Event: 77.058 GC heap after
{Heap after GC invocations=8 (full 0):
 garbage-first heap   total 102400K, used 30626K [0x0000000600000000, 0x0000000800000000)
  region size 4096K, 1 young (4096K), 1 survivors (4096K)
 Metaspace       used 34761K, committed 36096K, reserved 1114112K
  class space    used 4968K, committed 5632K, reserved 1048576K
}
Event: 133.782 GC heap before
{Heap before GC invocations=9 (full 0):
 garbage-first heap   total 102400K, used 79778K [0x0000000600000000, 0x0000000800000000)
  region size 4096K, 13 young (53248K), 1 survivors (4096K)
 Metaspace       used 37006K, committed 38400K, reserved 1114112K
  class space    used 5320K, committed 6016K, reserved 1048576K
}
Event: 133.851 GC heap after
{Heap after GC invocations=10 (full 0):
 garbage-first heap   total 102400K, used 32017K [0x0000000600000000, 0x0000000800000000)
  region size 4096K, 2 young (8192K), 2 survivors (8192K)
 Metaspace       used 37006K, committed 38400K, reserved 1114112K
  class space    used 5320K, committed 6016K, reserved 1048576K
}
Event: 188.388 GC heap before
{Heap before GC invocations=10 (full 0):
 garbage-first heap   total 102400K, used 81169K [0x0000000600000000, 0x0000000800000000)
  region size 4096K, 14 young (57344K), 2 survivors (8192K)
 Metaspace       used 40519K, committed 42112K, reserved 1114112K
  class space    used 5910K, committed 6656K, reserved 1048576K
}
Event: 188.407 GC heap after
{Heap after GC invocations=11 (full 0):
 garbage-first heap   total 102400K, used 33596K [0x0000000600000000, 0x0000000800000000)
  region size 4096K, 1 young (4096K), 1 survivors (4096K)
 Metaspace       used 40519K, committed 42112K, reserved 1114112K
  class space    used 5910K, committed 6656K, reserved 1048576K
}
Event: 197.966 GC heap before
{Heap before GC invocations=11 (full 0):
 garbage-first heap   total 102400K, used 82748K [0x0000000600000000, 0x0000000800000000)
  region size 4096K, 13 young (53248K), 1 survivors (4096K)
 Metaspace       used 44087K, committed 45824K, reserved 1114112K
  class space    used 6522K, committed 7360K, reserved 1048576K
}
Event: 197.973 GC heap after
{Heap after GC invocations=12 (full 0):
 garbage-first heap   total 102400K, used 35603K [0x0000000600000000, 0x0000000800000000)
  region size 4096K, 2 young (8192K), 2 survivors (8192K)
 Metaspace       used 44087K, committed 45824K, reserved 1114112K
  class space    used 6522K, committed 7360K, reserved 1048576K
}

