# JRE version: OpenJDK Runtime Environment Temurin-21.0.12.1+1 (21.0.12.1+1) (build 21.0.12.1+1-LTS)
# Java VM: OpenJDK 64-Bit Server VM Temurin-21.0.12.1+1 (21.0.12.1+1-LTS, mixed mode, sharing, tiered, compressed oops, compressed class ptrs, g1 gc, windows-amd64)
GC Precious Log:
 CardTable entry size: 512
 Card Set container configuration: InlinePtr #cards 4 size 8 Array Of Cards #cards 32 size 80 Howl #buckets 8 coarsen threshold 7372 Howl Bitmap #cards 1024 size 144 coarsen threshold 921 Card regions per heap region 1 cards per card region 8192
 CPUs: 20 total, 20 available
 Memory: 16068M
 Large Page Support: Disabled
 NUMA Support: Disabled
 Compressed Oops: Enabled (Zero based)
 Heap Region Size: 4M
 Heap Min Capacity: 8M
 Heap Initial Capacity: 252M
 Heap Max Capacity: 8G
 Pre-touch: Disabled
 Parallel Workers: 15
 Concurrent Workers: 4
 Concurrent Refinement Workers: 15
 Periodic GC: Disabled
Heap:
 garbage-first heap   total 110592K, used 43428K [0x0000000600000000, 0x0000000800000000)
  region size 4096K, 4 young (16384K), 2 survivors (8192K)
 Metaspace       used 49827K, committed 51648K, reserved 1114112K
  class space    used 7409K, committed 8320K, reserved 1048576K
GC Heap History (20 events):
Event: 1.634 GC heap before
{Heap before GC invocations=1 (full 0):
 garbage-first heap   total 258048K, used 42728K [0x0000000600000000, 0x0000000800000000)
  region size 4096K, 11 young (45056K), 1 survivors (4096K)
 Metaspace       used 4612K, committed 4800K, reserved 1114112K
  class space    used 583K, committed 704K, reserved 1048576K
}
Event: 1.640 GC heap after
{Heap after GC invocations=2 (full 0):
 garbage-first heap   total 258048K, used 11620K [0x0000000600000000, 0x0000000800000000)
  region size 4096K, 2 young (8192K), 2 survivors (8192K)
 Metaspace       used 4612K, committed 4800K, reserved 1114112K
  class space    used 583K, committed 704K, reserved 1048576K
}
Event: 12.070 GC heap before
{Heap before GC invocations=2 (full 0):
 garbage-first heap   total 258048K, used 118116K [0x0000000600000000, 0x0000000800000000)
  region size 4096K, 28 young (114688K), 2 survivors (8192K)
 Metaspace       used 15875K, committed 16320K, reserved 1114112K
  class space    used 2169K, committed 2368K, reserved 1048576K
}
Event: 12.121 GC heap after
{Heap after GC invocations=3 (full 0):
 garbage-first heap   total 258048K, used 21058K [0x0000000600000000, 0x0000000800000000)
  region size 4096K, 4 young (16384K), 4 survivors (16384K)
 Metaspace       used 15875K, committed 16320K, reserved 1114112K
  class space    used 2169K, committed 2368K, reserved 1048576K
}
Event: 35.598 GC heap before
{Heap before GC invocations=3 (full 0):
 garbage-first heap   total 258048K, used 53826K [0x0000000600000000, 0x0000000800000000)
  region size 4096K, 14 young (57344K), 4 survivors (16384K)
 Metaspace       used 20916K, committed 21504K, reserved 1114112K
  class space    used 2884K, committed 3136K, reserved 1048576K
}
Event: 35.610 GC heap after
{Heap after GC invocations=4 (full 0):
 garbage-first heap   total 258048K, used 23867K [0x0000000600000000, 0x0000000800000000)
  region size 4096K, 4 young (16384K), 4 survivors (16384K)
 Metaspace       used 20916K, committed 21504K, reserved 1114112K
  class space    used 2884K, committed 3136K, reserved 1048576K
}
Event: 37.589 GC heap before
{Heap before GC invocations=5 (full 0):
 garbage-first heap   total 98304K, used 93499K [0x0000000600000000, 0x0000000800000000)
  region size 4096K, 21 young (86016K), 4 survivors (16384K)
 Metaspace       used 29513K, committed 30592K, reserved 1114112K
  class space    used 4279K, committed 4800K, reserved 1048576K
}
Event: 37.597 GC heap after
{Heap after GC invocations=6 (full 0):
 garbage-first heap   total 118784K, used 27518K [0x0000000600000000, 0x0000000800000000)
  region size 4096K, 2 young (8192K), 2 survivors (8192K)
 Metaspace       used 29513K, committed 30592K, reserved 1114112K
  class space    used 4279K, committed 4800K, reserved 1048576K
}
Event: 38.444 GC heap before
{Heap before GC invocations=6 (full 0):
 garbage-first heap   total 118784K, used 64382K [0x0000000600000000, 0x0000000800000000)
  region size 4096K, 12 young (49152K), 2 survivors (8192K)
 Metaspace       used 34815K, committed 36160K, reserved 1114112K
  class space    used 4961K, committed 5632K, reserved 1048576K
}
Event: 38.449 GC heap after
{Heap after GC invocations=7 (full 0):
 garbage-first heap   total 118784K, used 30328K [0x0000000600000000, 0x0000000800000000)
  region size 4096K, 3 young (12288K), 3 survivors (12288K)
 Metaspace       used 34815K, committed 36160K, reserved 1114112K
  class space    used 4961K, committed 5632K, reserved 1048576K
}
Event: 38.498 GC heap before
{Heap before GC invocations=7 (full 0):
 garbage-first heap   total 118784K, used 30328K [0x0000000600000000, 0x0000000800000000)
  region size 4096K, 4 young (16384K), 3 survivors (12288K)
 Metaspace       used 35173K, committed 36480K, reserved 1114112K
  class space    used 5006K, committed 5632K, reserved 1048576K
}
Event: 38.502 GC heap after
{Heap after GC invocations=8 (full 0):
 garbage-first heap   total 118784K, used 30992K [0x0000000600000000, 0x0000000800000000)
  region size 4096K, 2 young (8192K), 2 survivors (8192K)
 Metaspace       used 35173K, committed 36480K, reserved 1114112K
  class space    used 5006K, committed 5632K, reserved 1048576K
}
Event: 175.885 GC heap before
{Heap before GC invocations=9 (full 0):
 garbage-first heap   total 110592K, used 88336K [0x0000000600000000, 0x0000000800000000)
  region size 4096K, 16 young (65536K), 2 survivors (8192K)
 Metaspace       used 37626K, committed 39040K, reserved 1114112K
  class space    used 5418K, committed 6080K, reserved 1048576K
}
Event: 175.936 GC heap after
{Heap after GC invocations=10 (full 0):
 garbage-first heap   total 110592K, used 32541K [0x0000000600000000, 0x0000000800000000)
  region size 4096K, 2 young (8192K), 2 survivors (8192K)
 Metaspace       used 37626K, committed 39040K, reserved 1114112K
  class space    used 5418K, committed 6080K, reserved 1048576K
}
Event: 182.736 GC heap before
{Heap before GC invocations=10 (full 0):
 garbage-first heap   total 110592K, used 89885K [0x0000000600000000, 0x0000000800000000)
  region size 4096K, 16 young (65536K), 2 survivors (8192K)
 Metaspace       used 41304K, committed 42880K, reserved 1114112K
  class space    used 6029K, committed 6784K, reserved 1048576K
}
Event: 182.753 GC heap after
{Heap after GC invocations=11 (full 0):
 garbage-first heap   total 110592K, used 33845K [0x0000000600000000, 0x0000000800000000)
  region size 4096K, 1 young (4096K), 1 survivors (4096K)
 Metaspace       used 41304K, committed 42880K, reserved 1114112K
  class space    used 6029K, committed 6784K, reserved 1048576K
}
Event: 192.154 GC heap before
{Heap before GC invocations=11 (full 0):
 garbage-first heap   total 110592K, used 95285K [0x0000000600000000, 0x0000000800000000)
  region size 4096K, 16 young (65536K), 1 survivors (4096K)
 Metaspace       used 46736K, committed 48448K, reserved 1114112K
  class space    used 6900K, committed 7744K, reserved 1048576K
}
Event: 192.209 GC heap after
{Heap after GC invocations=12 (full 0):
 garbage-first heap   total 110592K, used 37616K [0x0000000600000000, 0x0000000800000000)
  region size 4096K, 2 young (8192K), 2 survivors (8192K)
 Metaspace       used 46736K, committed 48448K, reserved 1114112K
  class space    used 6900K, committed 7744K, reserved 1048576K
}
Event: 195.730 GC heap before
{Heap before GC invocations=12 (full 0):
 garbage-first heap   total 110592K, used 90864K [0x0000000600000000, 0x0000000800000000)
  region size 4096K, 16 young (65536K), 2 survivors (8192K)
 Metaspace       used 49357K, committed 51136K, reserved 1114112K
  class space    used 7330K, committed 8192K, reserved 1048576K
}
Event: 195.739 GC heap after
{Heap after GC invocations=13 (full 0):
 garbage-first heap   total 110592K, used 39332K [0x0000000600000000, 0x0000000800000000)
  region size 4096K, 2 young (8192K), 2 survivors (8192K)
 Metaspace       used 49357K, committed 51136K, reserved 1114112K
  class space    used 7330K, committed 8192K, reserved 1048576K
}

