# JRE version: OpenJDK Runtime Environment Temurin-21.0.12.1+1 (21.0.12.1+1) (build 21.0.12.1+1-LTS)
# Java VM: OpenJDK 64-Bit Server VM Temurin-21.0.12.1+1 (21.0.12.1+1-LTS, mixed mode, sharing, tiered, compressed oops, compressed class ptrs, g1 gc, windows-amd64)
GC Precious Log:
 CardTable entry size: 512
 Card Set container configuration: InlinePtr #cards 4 size 8 Array Of Cards #cards 32 size 80 Howl #buckets 8 coarsen threshold 7372 Howl Bitmap #cards 1024 size 144 coarsen threshold 921 Card regions per heap region 1 cards per card region 8192
 CPUs: 20 total, 20 available
 Memory: 16068M
 Large Page Support: Disabled
 NUMA Support: Disabled
 Compressed Oops: Enabled (Zero based)
 Heap Region Size: 4M
 Heap Min Capacity: 8M
 Heap Initial Capacity: 252M
 Heap Max Capacity: 8G
 Pre-touch: Disabled
 Parallel Workers: 15
 Concurrent Workers: 4
 Concurrent Refinement Workers: 15
 Periodic GC: Disabled
Heap:
 garbage-first heap   total 253952K, used 224032K [0x0000000600000000, 0x0000000800000000)
  region size 4096K, 20 young (81920K), 2 survivors (8192K)
 Metaspace       used 122547K, committed 125056K, reserved 1179648K
  class space    used 16800K, committed 18048K, reserved 1048576K
GC Heap History (20 events):
Event: 168.788 GC heap after
{Heap after GC invocations=45 (full 0):
 garbage-first heap   total 180224K, used 107831K [0x0000000600000000, 0x0000000800000000)
  region size 4096K, 2 young (8192K), 2 survivors (8192K)
 Metaspace       used 106953K, committed 109376K, reserved 1179648K
  class space    used 15124K, committed 16320K, reserved 1048576K
}
Event: 170.320 GC heap before
{Heap before GC invocations=45 (full 0):
 garbage-first heap   total 180224K, used 165175K [0x0000000600000000, 0x0000000800000000)
  region size 4096K, 16 young (65536K), 2 survivors (8192K)
 Metaspace       used 109793K, committed 112128K, reserved 1179648K
  class space    used 15500K, committed 16640K, reserved 1048576K
}
Event: 170.329 GC heap after
{Heap after GC invocations=46 (full 0):
 garbage-first heap   total 188416K, used 112990K [0x0000000600000000, 0x0000000800000000)
  region size 4096K, 2 young (8192K), 2 survivors (8192K)
 Metaspace       used 109793K, committed 112128K, reserved 1179648K
  class space    used 15500K, committed 16640K, reserved 1048576K
}
Event: 171.431 GC heap before
{Heap before GC invocations=46 (full 0):
 garbage-first heap   total 188416K, used 162142K [0x0000000600000000, 0x0000000800000000)
  region size 4096K, 15 young (61440K), 2 survivors (8192K)
 Metaspace       used 113389K, committed 115712K, reserved 1179648K
  class space    used 15967K, committed 17088K, reserved 1048576K
}
Event: 171.438 GC heap after
{Heap after GC invocations=47 (full 0):
 garbage-first heap   total 188416K, used 116996K [0x0000000600000000, 0x0000000800000000)
  region size 4096K, 2 young (8192K), 2 survivors (8192K)
 Metaspace       used 113389K, committed 115712K, reserved 1179648K
  class space    used 15967K, committed 17088K, reserved 1048576K
}
Event: 174.731 GC heap before
{Heap before GC invocations=48 (full 0):
 garbage-first heap   total 204800K, used 166148K [0x0000000600000000, 0x0000000800000000)
  region size 4096K, 15 young (61440K), 2 survivors (8192K)
 Metaspace       used 116307K, committed 118720K, reserved 1179648K
  class space    used 16342K, committed 17536K, reserved 1048576K
}
Event: 174.735 GC heap after
{Heap after GC invocations=49 (full 0):
 garbage-first heap   total 204800K, used 119057K [0x0000000600000000, 0x0000000800000000)
  region size 4096K, 2 young (8192K), 2 survivors (8192K)
 Metaspace       used 116307K, committed 118720K, reserved 1179648K
  class space    used 16342K, committed 17536K, reserved 1048576K
}
Event: 179.300 GC heap before
{Heap before GC invocations=49 (full 0):
 garbage-first heap   total 204800K, used 180497K [0x0000000600000000, 0x0000000800000000)
  region size 4096K, 18 young (73728K), 2 survivors (8192K)
 Metaspace       used 121254K, committed 123648K, reserved 1179648K
  class space    used 16782K, committed 17984K, reserved 1048576K
}
Event: 179.311 GC heap after
{Heap after GC invocations=50 (full 0):
 garbage-first heap   total 204800K, used 122675K [0x0000000600000000, 0x0000000800000000)
  region size 4096K, 3 young (12288K), 3 survivors (12288K)
 Metaspace       used 121254K, committed 123648K, reserved 1179648K
  class space    used 16782K, committed 17984K, reserved 1048576K
}
Event: 193.933 GC heap before
{Heap before GC invocations=50 (full 0):
 garbage-first heap   total 204800K, used 184115K [0x0000000600000000, 0x0000000800000000)
  region size 4096K, 18 young (73728K), 3 survivors (12288K)
 Metaspace       used 121571K, committed 124032K, reserved 1179648K
  class space    used 16783K, committed 17984K, reserved 1048576K
}
Event: 193.958 GC heap after
{Heap after GC invocations=51 (full 0):
 garbage-first heap   total 204800K, used 128466K [0x0000000600000000, 0x0000000800000000)
  region size 4096K, 3 young (12288K), 3 survivors (12288K)
 Metaspace       used 121571K, committed 124032K, reserved 1179648K
  class space    used 16783K, committed 17984K, reserved 1048576K
}
Event: 203.857 GC heap before
{Heap before GC invocations=52 (full 0):
 garbage-first heap   total 221184K, used 185810K [0x0000000600000000, 0x0000000800000000)
  region size 4096K, 17 young (69632K), 3 survivors (12288K)
 Metaspace       used 121755K, committed 124160K, reserved 1179648K
  class space    used 16789K, committed 17984K, reserved 1048576K
}
Event: 203.869 GC heap after
{Heap after GC invocations=53 (full 0):
 garbage-first heap   total 221184K, used 131092K [0x0000000600000000, 0x0000000800000000)
  region size 4096K, 3 young (12288K), 3 survivors (12288K)
 Metaspace       used 121755K, committed 124160K, reserved 1179648K
  class space    used 16789K, committed 17984K, reserved 1048576K
}
Event: 209.440 GC heap before
{Heap before GC invocations=53 (full 0):
 garbage-first heap   total 221184K, used 200724K [0x0000000600000000, 0x0000000800000000)
  region size 4096K, 20 young (81920K), 3 survivors (12288K)
 Metaspace       used 121983K, committed 124480K, reserved 1179648K
  class space    used 16792K, committed 18048K, reserved 1048576K
}
Event: 209.455 GC heap after
{Heap after GC invocations=54 (full 0):
 garbage-first heap   total 225280K, used 136717K [0x0000000600000000, 0x0000000800000000)
  region size 4096K, 3 young (12288K), 3 survivors (12288K)
 Metaspace       used 121983K, committed 124480K, reserved 1179648K
  class space    used 16792K, committed 18048K, reserved 1048576K
}
Event: 260.421 GC heap before
{Heap before GC invocations=54 (full 0):
 garbage-first heap   total 225280K, used 202253K [0x0000000600000000, 0x0000000800000000)
  region size 4096K, 19 young (77824K), 3 survivors (12288K)
 Metaspace       used 122151K, committed 124672K, reserved 1179648K
  class space    used 16793K, committed 18048K, reserved 1048576K
}
Event: 260.466 GC heap after
{Heap after GC invocations=55 (full 0):
 garbage-first heap   total 225280K, used 142285K [0x0000000600000000, 0x0000000800000000)
  region size 4096K, 2 young (8192K), 2 survivors (8192K)
 Metaspace       used 122151K, committed 124672K, reserved 1179648K
  class space    used 16793K, committed 18048K, reserved 1048576K
}
Event: 276.286 GC heap before
{Heap before GC invocations=56 (full 0):
 garbage-first heap   total 245760K, used 199629K [0x0000000600000000, 0x0000000800000000)
  region size 4096K, 17 young (69632K), 2 survivors (8192K)
 Metaspace       used 122424K, committed 124928K, reserved 1179648K
  class space    used 16799K, committed 18048K, reserved 1048576K
}
Event: 276.415 GC heap after
{Heap after GC invocations=57 (full 0):
 garbage-first heap   total 245760K, used 150304K [0x0000000600000000, 0x0000000800000000)
  region size 4096K, 3 young (12288K), 3 survivors (12288K)
 Metaspace       used 122424K, committed 124928K, reserved 1179648K
  class space    used 16799K, committed 18048K, reserved 1048576K
}
Event: 433.287 GC heap before
{Heap before GC invocations=57 (full 0):
 garbage-first heap   total 245760K, used 224032K [0x0000000600000000, 0x0000000800000000)
  region size 4096K, 21 young (86016K), 3 survivors (12288K)
 Metaspace       used 122547K, committed 125056K, reserved 1179648K
  class space    used 16800K, committed 18048K, reserved 1048576K
}

