# JRE version: OpenJDK Runtime Environment Temurin-21.0.12.1+1 (21.0.12.1+1) (build 21.0.12.1+1-LTS)
# Java VM: OpenJDK 64-Bit Server VM Temurin-21.0.12.1+1 (21.0.12.1+1-LTS, mixed mode, sharing, tiered, compressed oops, compressed class ptrs, g1 gc, windows-amd64)
GC Precious Log:
 CardTable entry size: 512
 Card Set container configuration: InlinePtr #cards 4 size 8 Array Of Cards #cards 32 size 80 Howl #buckets 8 coarsen threshold 7372 Howl Bitmap #cards 1024 size 144 coarsen threshold 921 Card regions per heap region 1 cards per card region 8192
 CPUs: 20 total, 20 available
 Memory: 16068M
 Large Page Support: Disabled
 NUMA Support: Disabled
 Compressed Oops: Enabled (Zero based)
 Heap Region Size: 4M
 Heap Min Capacity: 8M
 Heap Initial Capacity: 252M
 Heap Max Capacity: 8G
 Pre-touch: Disabled
 Parallel Workers: 15
 Concurrent Workers: 4
 Concurrent Refinement Workers: 15
 Periodic GC: Disabled
Heap:
 garbage-first heap   total 159744K, used 32354K [0x0000000600000000, 0x0000000800000000)
  region size 4096K, 3 young (12288K), 2 survivors (8192K)
 Metaspace       used 36927K, committed 38336K, reserved 1114112K
  class space    used 5308K, committed 5952K, reserved 1048576K
GC Heap History (16 events):
Event: 0.998 GC heap before
{Heap before GC invocations=0 (full 0):
 garbage-first heap   total 258048K, used 20480K [0x0000000600000000, 0x0000000800000000)
  region size 4096K, 5 young (20480K), 0 survivors (0K)
 Metaspace       used 879K, committed 1024K, reserved 1114112K
  class space    used 71K, committed 128K, reserved 1048576K
}
Event: 1.216 GC heap after
{Heap after GC invocations=1 (full 0):
 garbage-first heap   total 258048K, used 1440K [0x0000000600000000, 0x0000000800000000)
  region size 4096K, 1 young (4096K), 1 survivors (4096K)
 Metaspace       used 879K, committed 1024K, reserved 1114112K
  class space    used 71K, committed 128K, reserved 1048576K
}
Event: 4.619 GC heap before
{Heap before GC invocations=1 (full 0):
 garbage-first heap   total 258048K, used 42400K [0x0000000600000000, 0x0000000800000000)
  region size 4096K, 11 young (45056K), 1 survivors (4096K)
 Metaspace       used 4592K, committed 4800K, reserved 1114112K
  class space    used 583K, committed 704K, reserved 1048576K
}
Event: 4.669 GC heap after
{Heap after GC invocations=2 (full 0):
 garbage-first heap   total 258048K, used 11445K [0x0000000600000000, 0x0000000800000000)
  region size 4096K, 2 young (8192K), 2 survivors (8192K)
 Metaspace       used 4592K, committed 4800K, reserved 1114112K
  class space    used 583K, committed 704K, reserved 1048576K
}
Event: 8.091 GC heap before
{Heap before GC invocations=2 (full 0):
 garbage-first heap   total 258048K, used 72885K [0x0000000600000000, 0x0000000800000000)
  region size 4096K, 17 young (69632K), 2 survivors (8192K)
 Metaspace       used 8712K, committed 9024K, reserved 1114112K
  class space    used 1189K, committed 1344K, reserved 1048576K
}
Event: 8.101 GC heap after
{Heap after GC invocations=3 (full 0):
 garbage-first heap   total 258048K, used 18994K [0x0000000600000000, 0x0000000800000000)
  region size 4096K, 2 young (8192K), 2 survivors (8192K)
 Metaspace       used 8712K, committed 9024K, reserved 1114112K
  class space    used 1189K, committed 1344K, reserved 1048576K
}
Event: 39.579 GC heap before
{Heap before GC invocations=3 (full 0):
 garbage-first heap   total 258048K, used 96818K [0x0000000600000000, 0x0000000800000000)
  region size 4096K, 23 young (94208K), 2 survivors (8192K)
 Metaspace       used 20908K, committed 21504K, reserved 1114112K
  class space    used 2894K, committed 3200K, reserved 1048576K
}
Event: 39.645 GC heap after
{Heap after GC invocations=4 (full 0):
 garbage-first heap   total 258048K, used 23344K [0x0000000600000000, 0x0000000800000000)
  region size 4096K, 3 young (12288K), 3 survivors (12288K)
 Metaspace       used 20908K, committed 21504K, reserved 1114112K
  class space    used 2894K, committed 3200K, reserved 1048576K
}
Event: 42.468 GC heap before
{Heap before GC invocations=5 (full 0):
 garbage-first heap   total 81920K, used 80688K [0x0000000600000000, 0x0000000800000000)
  region size 4096K, 17 young (69632K), 3 survivors (12288K)
 Metaspace       used 28070K, committed 29120K, reserved 1114112K
  class space    used 4026K, committed 4544K, reserved 1048576K
}
Event: 42.478 GC heap after
{Heap after GC invocations=6 (full 0):
 garbage-first heap   total 98304K, used 26484K [0x0000000600000000, 0x0000000800000000)
  region size 4096K, 2 young (8192K), 2 survivors (8192K)
 Metaspace       used 28070K, committed 29120K, reserved 1114112K
  class space    used 4026K, committed 4544K, reserved 1048576K
}
Event: 45.176 GC heap before
{Heap before GC invocations=6 (full 0):
 garbage-first heap   total 98304K, used 75636K [0x0000000600000000, 0x0000000800000000)
  region size 4096K, 14 young (57344K), 2 survivors (8192K)
 Metaspace       used 34424K, committed 35712K, reserved 1114112K
  class space    used 4932K, committed 5568K, reserved 1048576K
}
Event: 45.185 GC heap after
{Heap after GC invocations=7 (full 0):
 garbage-first heap   total 98304K, used 30218K [0x0000000600000000, 0x0000000800000000)
  region size 4096K, 2 young (8192K), 2 survivors (8192K)
 Metaspace       used 34424K, committed 35712K, reserved 1114112K
  class space    used 4932K, committed 5568K, reserved 1048576K
}
Event: 45.328 GC heap before
{Heap before GC invocations=7 (full 0):
 garbage-first heap   total 98304K, used 30218K [0x0000000600000000, 0x0000000800000000)
  region size 4096K, 3 young (12288K), 2 survivors (8192K)
 Metaspace       used 34705K, committed 35968K, reserved 1114112K
  class space    used 4959K, committed 5568K, reserved 1048576K
}
Event: 45.333 GC heap after
{Heap after GC invocations=8 (full 0):
 garbage-first heap   total 98304K, used 30884K [0x0000000600000000, 0x0000000800000000)
  region size 4096K, 1 young (4096K), 1 survivors (4096K)
 Metaspace       used 34705K, committed 35968K, reserved 1114112K
  class space    used 4959K, committed 5568K, reserved 1048576K
}
Event: 95.818 GC heap before
{Heap before GC invocations=9 (full 0):
 garbage-first heap   total 98304K, used 80036K [0x0000000600000000, 0x0000000800000000)
  region size 4096K, 13 young (53248K), 1 survivors (4096K)
 Metaspace       used 36925K, committed 38336K, reserved 1114112K
  class space    used 5308K, committed 5952K, reserved 1048576K
}
Event: 95.840 GC heap after
{Heap after GC invocations=10 (full 0):
 garbage-first heap   total 159744K, used 32354K [0x0000000600000000, 0x0000000800000000)
  region size 4096K, 2 young (8192K), 2 survivors (8192K)
 Metaspace       used 36925K, committed 38336K, reserved 1114112K
  class space    used 5308K, committed 5952K, reserved 1048576K
}

