# JRE version: OpenJDK Runtime Environment Temurin-21.0.12.1+1 (21.0.12.1+1) (build 21.0.12.1+1-LTS)
# Java VM: OpenJDK 64-Bit Server VM Temurin-21.0.12.1+1 (21.0.12.1+1-LTS, mixed mode, sharing, tiered, compressed oops, compressed class ptrs, g1 gc, windows-amd64)
GC Precious Log:
 CardTable entry size: 512
 Card Set container configuration: InlinePtr #cards 4 size 8 Array Of Cards #cards 32 size 80 Howl #buckets 8 coarsen threshold 7372 Howl Bitmap #cards 1024 size 144 coarsen threshold 921 Card regions per heap region 1 cards per card region 8192
 CPUs: 20 total, 20 available
 Memory: 16068M
 Large Page Support: Disabled
 NUMA Support: Disabled
 Compressed Oops: Enabled (Zero based)
 Heap Region Size: 4M
 Heap Min Capacity: 8M
 Heap Initial Capacity: 252M
 Heap Max Capacity: 8G
 Pre-touch: Disabled
 Parallel Workers: 15
 Concurrent Workers: 4
 Concurrent Refinement Workers: 15
 Periodic GC: Disabled
Heap:
 garbage-first heap   total 102400K, used 50882K [0x0000000600000000, 0x0000000800000000)
  region size 4096K, 7 young (28672K), 2 survivors (8192K)
 Metaspace       used 43956K, committed 45696K, reserved 1114112K
  class space    used 6495K, committed 7360K, reserved 1048576K
GC Heap History (20 events):
Event: 0.448 GC heap before
{Heap before GC invocations=0 (full 0):
 garbage-first heap   total 258048K, used 20480K [0x0000000600000000, 0x0000000800000000)
  region size 4096K, 5 young (20480K), 0 survivors (0K)
 Metaspace       used 877K, committed 1024K, reserved 1114112K
  class space    used 71K, committed 128K, reserved 1048576K
}
Event: 0.451 GC heap after
{Heap after GC invocations=1 (full 0):
 garbage-first heap   total 258048K, used 1600K [0x0000000600000000, 0x0000000800000000)
  region size 4096K, 1 young (4096K), 1 survivors (4096K)
 Metaspace       used 877K, committed 1024K, reserved 1114112K
  class space    used 71K, committed 128K, reserved 1048576K
}
Event: 3.230 GC heap before
{Heap before GC invocations=1 (full 0):
 garbage-first heap   total 258048K, used 46656K [0x0000000600000000, 0x0000000800000000)
  region size 4096K, 11 young (45056K), 1 survivors (4096K)
 Metaspace       used 4610K, committed 4800K, reserved 1114112K
  class space    used 583K, committed 704K, reserved 1048576K
}
Event: 3.235 GC heap after
{Heap after GC invocations=2 (full 0):
 garbage-first heap   total 258048K, used 11452K [0x0000000600000000, 0x0000000800000000)
  region size 4096K, 2 young (8192K), 2 survivors (8192K)
 Metaspace       used 4610K, committed 4800K, reserved 1114112K
  class space    used 583K, committed 704K, reserved 1048576K
}
Event: 5.895 GC heap before
{Heap before GC invocations=2 (full 0):
 garbage-first heap   total 258048K, used 89276K [0x0000000600000000, 0x0000000800000000)
  region size 4096K, 22 young (90112K), 2 survivors (8192K)
 Metaspace       used 12198K, committed 12544K, reserved 1114112K
  class space    used 1670K, committed 1792K, reserved 1048576K
}
Event: 5.912 GC heap after
{Heap after GC invocations=3 (full 0):
 garbage-first heap   total 258048K, used 20653K [0x0000000600000000, 0x0000000800000000)
  region size 4096K, 3 young (12288K), 3 survivors (12288K)
 Metaspace       used 12198K, committed 12544K, reserved 1114112K
  class space    used 1670K, committed 1792K, reserved 1048576K
}
Event: 53.131 GC heap before
{Heap before GC invocations=3 (full 0):
 garbage-first heap   total 258048K, used 77997K [0x0000000600000000, 0x0000000800000000)
  region size 4096K, 19 young (77824K), 3 survivors (12288K)
 Metaspace       used 20892K, committed 21504K, reserved 1114112K
  class space    used 2886K, committed 3136K, reserved 1048576K
}
Event: 53.198 GC heap after
{Heap after GC invocations=4 (full 0):
 garbage-first heap   total 258048K, used 23397K [0x0000000600000000, 0x0000000800000000)
  region size 4096K, 3 young (12288K), 3 survivors (12288K)
 Metaspace       used 20892K, committed 21504K, reserved 1114112K
  class space    used 2886K, committed 3136K, reserved 1048576K
}
Event: 55.456 GC heap before
{Heap before GC invocations=5 (full 0):
 garbage-first heap   total 81920K, used 80741K [0x0000000600000000, 0x0000000800000000)
  region size 4096K, 17 young (69632K), 3 survivors (12288K)
 Metaspace       used 27901K, committed 28864K, reserved 1114112K
  class space    used 3991K, committed 4480K, reserved 1048576K
}
Event: 55.464 GC heap after
{Heap after GC invocations=6 (full 0):
 garbage-first heap   total 102400K, used 27228K [0x0000000600000000, 0x0000000800000000)
  region size 4096K, 2 young (8192K), 2 survivors (8192K)
 Metaspace       used 27901K, committed 28864K, reserved 1114112K
  class space    used 3991K, committed 4480K, reserved 1048576K
}
Event: 56.792 GC heap before
{Heap before GC invocations=6 (full 0):
 garbage-first heap   total 102400K, used 72284K [0x0000000600000000, 0x0000000800000000)
  region size 4096K, 14 young (57344K), 2 survivors (8192K)
 Metaspace       used 34082K, committed 35392K, reserved 1114112K
  class space    used 4897K, committed 5568K, reserved 1048576K
}
Event: 56.799 GC heap after
{Heap after GC invocations=7 (full 0):
 garbage-first heap   total 102400K, used 29532K [0x0000000600000000, 0x0000000800000000)
  region size 4096K, 2 young (8192K), 2 survivors (8192K)
 Metaspace       used 34082K, committed 35392K, reserved 1114112K
  class space    used 4897K, committed 5568K, reserved 1048576K
}
Event: 57.000 GC heap before
{Heap before GC invocations=7 (full 0):
 garbage-first heap   total 102400K, used 29532K [0x0000000600000000, 0x0000000800000000)
  region size 4096K, 3 young (12288K), 2 survivors (8192K)
 Metaspace       used 34670K, committed 35968K, reserved 1114112K
  class space    used 4966K, committed 5568K, reserved 1048576K
}
Event: 57.004 GC heap after
{Heap after GC invocations=8 (full 0):
 garbage-first heap   total 102400K, used 30390K [0x0000000600000000, 0x0000000800000000)
  region size 4096K, 1 young (4096K), 1 survivors (4096K)
 Metaspace       used 34670K, committed 35968K, reserved 1114112K
  class space    used 4966K, committed 5568K, reserved 1048576K
}
Event: 72.263 GC heap before
{Heap before GC invocations=9 (full 0):
 garbage-first heap   total 102400K, used 75446K [0x0000000600000000, 0x0000000800000000)
  region size 4096K, 12 young (49152K), 1 survivors (4096K)
 Metaspace       used 36935K, committed 38400K, reserved 1114112K
  class space    used 5314K, committed 6016K, reserved 1048576K
}
Event: 72.268 GC heap after
{Heap after GC invocations=10 (full 0):
 garbage-first heap   total 102400K, used 32478K [0x0000000600000000, 0x0000000800000000)
  region size 4096K, 2 young (8192K), 2 survivors (8192K)
 Metaspace       used 36935K, committed 38400K, reserved 1114112K
  class space    used 5314K, committed 6016K, reserved 1048576K
}
Event: 298.503 GC heap before
{Heap before GC invocations=10 (full 0):
 garbage-first heap   total 102400K, used 77534K [0x0000000600000000, 0x0000000800000000)
  region size 4096K, 13 young (53248K), 2 survivors (8192K)
 Metaspace       used 39743K, committed 41344K, reserved 1114112K
  class space    used 5777K, committed 6528K, reserved 1048576K
}
Event: 298.521 GC heap after
{Heap after GC invocations=11 (full 0):
 garbage-first heap   total 102400K, used 33132K [0x0000000600000000, 0x0000000800000000)
  region size 4096K, 1 young (4096K), 1 survivors (4096K)
 Metaspace       used 39743K, committed 41344K, reserved 1114112K
  class space    used 5777K, committed 6528K, reserved 1048576K
}
Event: 303.158 GC heap before
{Heap before GC invocations=11 (full 0):
 garbage-first heap   total 102400K, used 82284K [0x0000000600000000, 0x0000000800000000)
  region size 4096K, 13 young (53248K), 1 survivors (4096K)
 Metaspace       used 42259K, committed 44032K, reserved 1114112K
  class space    used 6206K, committed 7104K, reserved 1048576K
}
Event: 303.166 GC heap after
{Heap after GC invocations=12 (full 0):
 garbage-first heap   total 102400K, used 34498K [0x0000000600000000, 0x0000000800000000)
  region size 4096K, 2 young (8192K), 2 survivors (8192K)
 Metaspace       used 42259K, committed 44032K, reserved 1114112K
  class space    used 6206K, committed 7104K, reserved 1048576K
}

