# JRE version: OpenJDK Runtime Environment Temurin-21.0.12.1+1 (21.0.12.1+1) (build 21.0.12.1+1-LTS)
# Java VM: OpenJDK 64-Bit Server VM Temurin-21.0.12.1+1 (21.0.12.1+1-LTS, mixed mode, sharing, tiered, compressed oops, compressed class ptrs, g1 gc, windows-amd64)
GC Precious Log:
 CardTable entry size: 512
 Card Set container configuration: InlinePtr #cards 4 size 8 Array Of Cards #cards 32 size 80 Howl #buckets 8 coarsen threshold 7372 Howl Bitmap #cards 1024 size 144 coarsen threshold 921 Card regions per heap region 1 cards per card region 8192
 CPUs: 20 total, 20 available
 Memory: 16068M
 Large Page Support: Disabled
 NUMA Support: Disabled
 Compressed Oops: Enabled (Zero based)
 Heap Region Size: 4M
 Heap Min Capacity: 8M
 Heap Initial Capacity: 252M
 Heap Max Capacity: 8G
 Pre-touch: Disabled
 Parallel Workers: 15
 Concurrent Workers: 4
 Concurrent Refinement Workers: 15
 Periodic GC: Disabled
Heap:
 garbage-first heap   total 110592K, used 77530K [0x0000000600000000, 0x0000000800000000)
  region size 4096K, 9 young (36864K), 1 survivors (4096K)
 Metaspace       used 61011K, committed 62976K, reserved 1114112K
  class space    used 8970K, committed 9920K, reserved 1048576K
GC Heap History (20 events):
Event: 82.207 GC heap before
{Heap before GC invocations=5 (full 0):
 garbage-first heap   total 98304K, used 89603K [0x0000000600000000, 0x0000000800000000)
  region size 4096K, 21 young (86016K), 4 survivors (16384K)
 Metaspace       used 29493K, committed 30592K, reserved 1114112K
  class space    used 4265K, committed 4800K, reserved 1048576K
}
Event: 82.215 GC heap after
{Heap after GC invocations=6 (full 0):
 garbage-first heap   total 118784K, used 27767K [0x0000000600000000, 0x0000000800000000)
  region size 4096K, 2 young (8192K), 2 survivors (8192K)
 Metaspace       used 29493K, committed 30592K, reserved 1114112K
  class space    used 4265K, committed 4800K, reserved 1048576K
}
Event: 84.109 GC heap before
{Heap before GC invocations=6 (full 0):
 garbage-first heap   total 118784K, used 60535K [0x0000000600000000, 0x0000000800000000)
  region size 4096K, 12 young (49152K), 2 survivors (8192K)
 Metaspace       used 34774K, committed 36096K, reserved 1114112K
  class space    used 4957K, committed 5568K, reserved 1048576K
}
Event: 84.126 GC heap after
{Heap after GC invocations=7 (full 0):
 garbage-first heap   total 118784K, used 30629K [0x0000000600000000, 0x0000000800000000)
  region size 4096K, 2 young (8192K), 2 survivors (8192K)
 Metaspace       used 34774K, committed 36096K, reserved 1114112K
  class space    used 4957K, committed 5568K, reserved 1048576K
}
Event: 84.294 GC heap before
{Heap before GC invocations=7 (full 0):
 garbage-first heap   total 118784K, used 30629K [0x0000000600000000, 0x0000000800000000)
  region size 4096K, 3 young (12288K), 2 survivors (8192K)
 Metaspace       used 35042K, committed 36416K, reserved 1114112K
  class space    used 4980K, committed 5696K, reserved 1048576K
}
Event: 84.299 GC heap after
{Heap after GC invocations=8 (full 0):
 garbage-first heap   total 118784K, used 31464K [0x0000000600000000, 0x0000000800000000)
  region size 4096K, 1 young (4096K), 1 survivors (4096K)
 Metaspace       used 35042K, committed 36416K, reserved 1114112K
  class space    used 4980K, committed 5696K, reserved 1048576K
}
Event: 227.371 GC heap before
{Heap before GC invocations=9 (full 0):
 garbage-first heap   total 110592K, used 92904K [0x0000000600000000, 0x0000000800000000)
  region size 4096K, 16 young (65536K), 1 survivors (4096K)
 Metaspace       used 37792K, committed 39232K, reserved 1114112K
  class space    used 5448K, committed 6144K, reserved 1048576K
}
Event: 227.415 GC heap after
{Heap after GC invocations=10 (full 0):
 garbage-first heap   total 110592K, used 32569K [0x0000000600000000, 0x0000000800000000)
  region size 4096K, 2 young (8192K), 2 survivors (8192K)
 Metaspace       used 37792K, committed 39232K, reserved 1114112K
  class space    used 5448K, committed 6144K, reserved 1048576K
}
Event: 267.472 GC heap before
{Heap before GC invocations=10 (full 0):
 garbage-first heap   total 110592K, used 89913K [0x0000000600000000, 0x0000000800000000)
  region size 4096K, 16 young (65536K), 2 survivors (8192K)
 Metaspace       used 40781K, committed 42432K, reserved 1114112K
  class space    used 5942K, committed 6720K, reserved 1048576K
}
Event: 267.495 GC heap after
{Heap after GC invocations=11 (full 0):
 garbage-first heap   total 110592K, used 33729K [0x0000000600000000, 0x0000000800000000)
  region size 4096K, 1 young (4096K), 1 survivors (4096K)
 Metaspace       used 40781K, committed 42432K, reserved 1114112K
  class space    used 5942K, committed 6720K, reserved 1048576K
}
Event: 272.267 GC heap before
{Heap before GC invocations=11 (full 0):
 garbage-first heap   total 110592K, used 91073K [0x0000000600000000, 0x0000000800000000)
  region size 4096K, 15 young (61440K), 1 survivors (4096K)
 Metaspace       used 46395K, committed 48192K, reserved 1114112K
  class space    used 6844K, committed 7744K, reserved 1048576K
}
Event: 272.276 GC heap after
{Heap after GC invocations=12 (full 0):
 garbage-first heap   total 110592K, used 36627K [0x0000000600000000, 0x0000000800000000)
  region size 4096K, 2 young (8192K), 2 survivors (8192K)
 Metaspace       used 46395K, committed 48192K, reserved 1114112K
  class space    used 6844K, committed 7744K, reserved 1048576K
}
Event: 278.385 GC heap before
{Heap before GC invocations=12 (full 0):
 garbage-first heap   total 110592K, used 89875K [0x0000000600000000, 0x0000000800000000)
  region size 4096K, 16 young (65536K), 2 survivors (8192K)
 Metaspace       used 48814K, committed 50560K, reserved 1114112K
  class space    used 7206K, committed 8064K, reserved 1048576K
}
Event: 278.398 GC heap after
{Heap after GC invocations=13 (full 0):
 garbage-first heap   total 110592K, used 39282K [0x0000000600000000, 0x0000000800000000)
  region size 4096K, 2 young (8192K), 2 survivors (8192K)
 Metaspace       used 48814K, committed 50560K, reserved 1114112K
  class space    used 7206K, committed 8064K, reserved 1048576K
}
Event: 283.054 GC heap before
{Heap before GC invocations=13 (full 0):
 garbage-first heap   total 110592K, used 88434K [0x0000000600000000, 0x0000000800000000)
  region size 4096K, 15 young (61440K), 2 survivors (8192K)
 Metaspace       used 53551K, committed 55424K, reserved 1114112K
  class space    used 7925K, committed 8832K, reserved 1048576K
}
Event: 283.061 GC heap after
{Heap after GC invocations=14 (full 0):
 garbage-first heap   total 110592K, used 45121K [0x0000000600000000, 0x0000000800000000)
  region size 4096K, 2 young (8192K), 2 survivors (8192K)
 Metaspace       used 53551K, committed 55424K, reserved 1114112K
  class space    used 7925K, committed 8832K, reserved 1048576K
}
Event: 285.174 GC heap before
{Heap before GC invocations=14 (full 0):
 garbage-first heap   total 110592K, used 86081K [0x0000000600000000, 0x0000000800000000)
  region size 4096K, 13 young (53248K), 2 survivors (8192K)
 Metaspace       used 58501K, committed 60416K, reserved 1114112K
  class space    used 8591K, committed 9536K, reserved 1048576K
}
Event: 285.180 GC heap after
{Heap after GC invocations=15 (full 0):
 garbage-first heap   total 110592K, used 48791K [0x0000000600000000, 0x0000000800000000)
  region size 4096K, 1 young (4096K), 1 survivors (4096K)
 Metaspace       used 58501K, committed 60416K, reserved 1114112K
  class space    used 8591K, committed 9536K, reserved 1048576K
}
Event: 285.318 GC heap before
{Heap before GC invocations=15 (full 0):
 garbage-first heap   total 110592K, used 52887K [0x0000000600000000, 0x0000000800000000)
  region size 4096K, 3 young (12288K), 1 survivors (4096K)
 Metaspace       used 58926K, committed 60800K, reserved 1114112K
  class space    used 8660K, committed 9600K, reserved 1048576K
}
Event: 285.323 GC heap after
{Heap after GC invocations=16 (full 0):
 garbage-first heap   total 110592K, used 48858K [0x0000000600000000, 0x0000000800000000)
  region size 4096K, 1 young (4096K), 1 survivors (4096K)
 Metaspace       used 58926K, committed 60800K, reserved 1114112K
  class space    used 8660K, committed 9600K, reserved 1048576K
}

