# JRE version: OpenJDK Runtime Environment Temurin-21.0.12.1+1 (21.0.12.1+1) (build 21.0.12.1+1-LTS)
# Java VM: OpenJDK 64-Bit Server VM Temurin-21.0.12.1+1 (21.0.12.1+1-LTS, mixed mode, sharing, tiered, compressed oops, compressed class ptrs, g1 gc, windows-amd64)
GC Precious Log:
 CardTable entry size: 512
 Card Set container configuration: InlinePtr #cards 4 size 8 Array Of Cards #cards 32 size 80 Howl #buckets 8 coarsen threshold 7372 Howl Bitmap #cards 1024 size 144 coarsen threshold 921 Card regions per heap region 1 cards per card region 8192
 CPUs: 20 total, 20 available
 Memory: 16068M
 Large Page Support: Disabled
 NUMA Support: Disabled
 Compressed Oops: Enabled (Zero based)
 Heap Region Size: 4M
 Heap Min Capacity: 8M
 Heap Initial Capacity: 252M
 Heap Max Capacity: 8G
 Pre-touch: Disabled
 Parallel Workers: 15
 Concurrent Workers: 4
 Concurrent Refinement Workers: 15
 Periodic GC: Disabled
Heap:
 garbage-first heap   total 110592K, used 53963K [0x0000000600000000, 0x0000000800000000)
  region size 4096K, 5 young (20480K), 2 survivors (8192K)
 Metaspace       used 56263K, committed 58240K, reserved 1114112K
  class space    used 8260K, committed 9216K, reserved 1048576K
GC Heap History (20 events):
Event: 26.657 GC heap before
{Heap before GC invocations=3 (full 0):
 garbage-first heap   total 258048K, used 93672K [0x0000000600000000, 0x0000000800000000)
  region size 4096K, 22 young (90112K), 3 survivors (12288K)
 Metaspace       used 20903K, committed 21504K, reserved 1114112K
  class space    used 2892K, committed 3200K, reserved 1048576K
}
Event: 26.664 GC heap after
{Heap after GC invocations=4 (full 0):
 garbage-first heap   total 258048K, used 23758K [0x0000000600000000, 0x0000000800000000)
  region size 4096K, 4 young (16384K), 4 survivors (16384K)
 Metaspace       used 20903K, committed 21504K, reserved 1114112K
  class space    used 2892K, committed 3200K, reserved 1048576K
}
Event: 29.566 GC heap before
{Heap before GC invocations=5 (full 0):
 garbage-first heap   total 98304K, used 93390K [0x0000000600000000, 0x0000000800000000)
  region size 4096K, 21 young (86016K), 4 survivors (16384K)
 Metaspace       used 29611K, committed 30784K, reserved 1114112K
  class space    used 4287K, committed 4864K, reserved 1048576K
}
Event: 29.574 GC heap after
{Heap after GC invocations=6 (full 0):
 garbage-first heap   total 118784K, used 27652K [0x0000000600000000, 0x0000000800000000)
  region size 4096K, 2 young (8192K), 2 survivors (8192K)
 Metaspace       used 29611K, committed 30784K, reserved 1114112K
  class space    used 4287K, committed 4864K, reserved 1048576K
}
Event: 30.938 GC heap before
{Heap before GC invocations=6 (full 0):
 garbage-first heap   total 118784K, used 64516K [0x0000000600000000, 0x0000000800000000)
  region size 4096K, 12 young (49152K), 2 survivors (8192K)
 Metaspace       used 34643K, committed 35968K, reserved 1114112K
  class space    used 4958K, committed 5632K, reserved 1048576K
}
Event: 30.945 GC heap after
{Heap after GC invocations=7 (full 0):
 garbage-first heap   total 118784K, used 30281K [0x0000000600000000, 0x0000000800000000)
  region size 4096K, 2 young (8192K), 2 survivors (8192K)
 Metaspace       used 34643K, committed 35968K, reserved 1114112K
  class space    used 4958K, committed 5632K, reserved 1048576K
}
Event: 31.109 GC heap before
{Heap before GC invocations=7 (full 0):
 garbage-first heap   total 118784K, used 30281K [0x0000000600000000, 0x0000000800000000)
  region size 4096K, 3 young (12288K), 2 survivors (8192K)
 Metaspace       used 34937K, committed 36288K, reserved 1114112K
  class space    used 4976K, committed 5696K, reserved 1048576K
}
Event: 31.113 GC heap after
{Heap after GC invocations=8 (full 0):
 garbage-first heap   total 118784K, used 30290K [0x0000000600000000, 0x0000000800000000)
  region size 4096K, 2 young (8192K), 2 survivors (8192K)
 Metaspace       used 34937K, committed 36288K, reserved 1114112K
  class space    used 4976K, committed 5696K, reserved 1048576K
}
Event: 145.982 GC heap before
{Heap before GC invocations=9 (full 0):
 garbage-first heap   total 110592K, used 87634K [0x0000000600000000, 0x0000000800000000)
  region size 4096K, 16 young (65536K), 2 survivors (8192K)
 Metaspace       used 37008K, committed 38464K, reserved 1114112K
  class space    used 5312K, committed 6016K, reserved 1048576K
}
Event: 146.354 GC heap after
{Heap after GC invocations=10 (full 0):
 garbage-first heap   total 110592K, used 32212K [0x0000000600000000, 0x0000000800000000)
  region size 4096K, 2 young (8192K), 2 survivors (8192K)
 Metaspace       used 37008K, committed 38464K, reserved 1114112K
  class space    used 5312K, committed 6016K, reserved 1048576K
}
Event: 323.238 GC heap before
{Heap before GC invocations=10 (full 0):
 garbage-first heap   total 110592K, used 64980K [0x0000000600000000, 0x0000000800000000)
  region size 4096K, 10 young (40960K), 2 survivors (8192K)
 Metaspace       used 38774K, committed 40256K, reserved 1114112K
  class space    used 5612K, committed 6336K, reserved 1048576K
}
Event: 323.257 GC heap after
{Heap after GC invocations=11 (full 0):
 garbage-first heap   total 110592K, used 32115K [0x0000000600000000, 0x0000000800000000)
  region size 4096K, 1 young (4096K), 1 survivors (4096K)
 Metaspace       used 38774K, committed 40256K, reserved 1114112K
  class space    used 5612K, committed 6336K, reserved 1048576K
}
Event: 328.737 GC heap before
{Heap before GC invocations=11 (full 0):
 garbage-first heap   total 110592K, used 93555K [0x0000000600000000, 0x0000000800000000)
  region size 4096K, 16 young (65536K), 1 survivors (4096K)
 Metaspace       used 42760K, committed 44480K, reserved 1114112K
  class space    used 6294K, committed 7168K, reserved 1048576K
}
Event: 328.741 GC heap after
{Heap after GC invocations=12 (full 0):
 garbage-first heap   total 110592K, used 34005K [0x0000000600000000, 0x0000000800000000)
  region size 4096K, 2 young (8192K), 2 survivors (8192K)
 Metaspace       used 42760K, committed 44480K, reserved 1114112K
  class space    used 6294K, committed 7168K, reserved 1048576K
}
Event: 344.777 GC heap before
{Heap before GC invocations=12 (full 0):
 garbage-first heap   total 110592K, used 91349K [0x0000000600000000, 0x0000000800000000)
  region size 4096K, 16 young (65536K), 2 survivors (8192K)
 Metaspace       used 47298K, committed 49088K, reserved 1114112K
  class space    used 6987K, committed 7872K, reserved 1048576K
}
Event: 344.788 GC heap after
{Heap after GC invocations=13 (full 0):
 garbage-first heap   total 110592K, used 38022K [0x0000000600000000, 0x0000000800000000)
  region size 4096K, 2 young (8192K), 2 survivors (8192K)
 Metaspace       used 47298K, committed 49088K, reserved 1114112K
  class space    used 6987K, committed 7872K, reserved 1048576K
}
Event: 346.174 GC heap before
{Heap before GC invocations=13 (full 0):
 garbage-first heap   total 110592K, used 95366K [0x0000000600000000, 0x0000000800000000)
  region size 4096K, 16 young (65536K), 2 survivors (8192K)
 Metaspace       used 50049K, committed 51904K, reserved 1114112K
  class space    used 7413K, committed 8320K, reserved 1048576K
}
Event: 346.188 GC heap after
{Heap after GC invocations=14 (full 0):
 garbage-first heap   total 110592K, used 39560K [0x0000000600000000, 0x0000000800000000)
  region size 4096K, 2 young (8192K), 2 survivors (8192K)
 Metaspace       used 50049K, committed 51904K, reserved 1114112K
  class space    used 7413K, committed 8320K, reserved 1048576K
}
Event: 350.963 GC heap before
{Heap before GC invocations=14 (full 0):
 garbage-first heap   total 110592K, used 88712K [0x0000000600000000, 0x0000000800000000)
  region size 4096K, 15 young (61440K), 2 survivors (8192K)
 Metaspace       used 54872K, committed 56768K, reserved 1114112K
  class space    used 8097K, committed 9024K, reserved 1048576K
}
Event: 350.972 GC heap after
{Heap after GC invocations=15 (full 0):
 garbage-first heap   total 110592K, used 45771K [0x0000000600000000, 0x0000000800000000)
  region size 4096K, 2 young (8192K), 2 survivors (8192K)
 Metaspace       used 54872K, committed 56768K, reserved 1114112K
  class space    used 8097K, committed 9024K, reserved 1048576K
}

