# JRE version: OpenJDK Runtime Environment Temurin-21.0.12.1+1 (21.0.12.1+1) (build 21.0.12.1+1-LTS)
# Java VM: OpenJDK 64-Bit Server VM Temurin-21.0.12.1+1 (21.0.12.1+1-LTS, mixed mode, sharing, tiered, compressed oops, compressed class ptrs, g1 gc, windows-amd64)
GC Precious Log:
 CardTable entry size: 512
 Card Set container configuration: InlinePtr #cards 4 size 8 Array Of Cards #cards 32 size 80 Howl #buckets 8 coarsen threshold 7372 Howl Bitmap #cards 1024 size 144 coarsen threshold 921 Card regions per heap region 1 cards per card region 8192
 CPUs: 20 total, 20 available
 Memory: 16068M
 Large Page Support: Disabled
 NUMA Support: Disabled
 Compressed Oops: Enabled (Zero based)
 Heap Region Size: 4M
 Heap Min Capacity: 8M
 Heap Initial Capacity: 252M
 Heap Max Capacity: 8G
 Pre-touch: Disabled
 Parallel Workers: 15
 Concurrent Workers: 4
 Concurrent Refinement Workers: 15
 Periodic GC: Disabled
Heap:
 garbage-first heap   total 102400K, used 49062K [0x0000000600000000, 0x0000000800000000)
  region size 4096K, 5 young (20480K), 2 survivors (8192K)
 Metaspace       used 49181K, committed 50944K, reserved 1114112K
  class space    used 7284K, committed 8128K, reserved 1048576K
GC Heap History (20 events):
Event: 31.372 GC heap before
{Heap before GC invocations=2 (full 0):
 garbage-first heap   total 258048K, used 118140K [0x0000000600000000, 0x0000000800000000)
  region size 4096K, 29 young (118784K), 2 survivors (8192K)
 Metaspace       used 16222K, committed 16704K, reserved 1114112K
  class space    used 2220K, committed 2432K, reserved 1048576K
}
Event: 31.386 GC heap after
{Heap after GC invocations=3 (full 0):
 garbage-first heap   total 258048K, used 21313K [0x0000000600000000, 0x0000000800000000)
  region size 4096K, 4 young (16384K), 4 survivors (16384K)
 Metaspace       used 16222K, committed 16704K, reserved 1114112K
  class space    used 2220K, committed 2432K, reserved 1048576K
}
Event: 36.863 GC heap before
{Heap before GC invocations=3 (full 0):
 garbage-first heap   total 258048K, used 49985K [0x0000000600000000, 0x0000000800000000)
  region size 4096K, 13 young (53248K), 4 survivors (16384K)
 Metaspace       used 20845K, committed 21504K, reserved 1114112K
  class space    used 2879K, committed 3200K, reserved 1048576K
}
Event: 36.871 GC heap after
{Heap after GC invocations=4 (full 0):
 garbage-first heap   total 258048K, used 23994K [0x0000000600000000, 0x0000000800000000)
  region size 4096K, 3 young (12288K), 3 survivors (12288K)
 Metaspace       used 20845K, committed 21504K, reserved 1114112K
  class space    used 2879K, committed 3200K, reserved 1048576K
}
Event: 38.750 GC heap before
{Heap before GC invocations=5 (full 0):
 garbage-first heap   total 81920K, used 81338K [0x0000000600000000, 0x0000000800000000)
  region size 4096K, 17 young (69632K), 3 survivors (12288K)
 Metaspace       used 27843K, committed 28800K, reserved 1114112K
  class space    used 3981K, committed 4480K, reserved 1048576K
}
Event: 38.758 GC heap after
{Heap after GC invocations=6 (full 0):
 garbage-first heap   total 102400K, used 27384K [0x0000000600000000, 0x0000000800000000)
  region size 4096K, 2 young (8192K), 2 survivors (8192K)
 Metaspace       used 27843K, committed 28800K, reserved 1114112K
  class space    used 3981K, committed 4480K, reserved 1048576K
}
Event: 40.500 GC heap before
{Heap before GC invocations=6 (full 0):
 garbage-first heap   total 102400K, used 72440K [0x0000000600000000, 0x0000000800000000)
  region size 4096K, 14 young (57344K), 2 survivors (8192K)
 Metaspace       used 34218K, committed 35584K, reserved 1114112K
  class space    used 4902K, committed 5568K, reserved 1048576K
}
Event: 40.504 GC heap after
{Heap after GC invocations=7 (full 0):
 garbage-first heap   total 102400K, used 30284K [0x0000000600000000, 0x0000000800000000)
  region size 4096K, 2 young (8192K), 2 survivors (8192K)
 Metaspace       used 34218K, committed 35584K, reserved 1114112K
  class space    used 4902K, committed 5568K, reserved 1048576K
}
Event: 40.626 GC heap before
{Heap before GC invocations=7 (full 0):
 garbage-first heap   total 102400K, used 30284K [0x0000000600000000, 0x0000000800000000)
  region size 4096K, 3 young (12288K), 2 survivors (8192K)
 Metaspace       used 34668K, committed 35968K, reserved 1114112K
  class space    used 4952K, committed 5632K, reserved 1048576K
}
Event: 40.630 GC heap after
{Heap after GC invocations=8 (full 0):
 garbage-first heap   total 102400K, used 30840K [0x0000000600000000, 0x0000000800000000)
  region size 4096K, 1 young (4096K), 1 survivors (4096K)
 Metaspace       used 34668K, committed 35968K, reserved 1114112K
  class space    used 4952K, committed 5632K, reserved 1048576K
}
Event: 129.459 GC heap before
{Heap before GC invocations=9 (full 0):
 garbage-first heap   total 102400K, used 79992K [0x0000000600000000, 0x0000000800000000)
  region size 4096K, 13 young (53248K), 1 survivors (4096K)
 Metaspace       used 36929K, committed 38272K, reserved 1114112K
  class space    used 5303K, committed 5952K, reserved 1048576K
}
Event: 129.558 GC heap after
{Heap after GC invocations=10 (full 0):
 garbage-first heap   total 102400K, used 32566K [0x0000000600000000, 0x0000000800000000)
  region size 4096K, 2 young (8192K), 2 survivors (8192K)
 Metaspace       used 36929K, committed 38272K, reserved 1114112K
  class space    used 5303K, committed 5952K, reserved 1048576K
}
Event: 395.287 GC heap before
{Heap before GC invocations=10 (full 0):
 garbage-first heap   total 102400K, used 77622K [0x0000000600000000, 0x0000000800000000)
  region size 4096K, 14 young (57344K), 2 survivors (8192K)
 Metaspace       used 39910K, committed 41536K, reserved 1114112K
  class space    used 5796K, committed 6592K, reserved 1048576K
}
Event: 395.304 GC heap after
{Heap after GC invocations=11 (full 0):
 garbage-first heap   total 102400K, used 32278K [0x0000000600000000, 0x0000000800000000)
  region size 4096K, 1 young (4096K), 1 survivors (4096K)
 Metaspace       used 39910K, committed 41536K, reserved 1114112K
  class space    used 5796K, committed 6592K, reserved 1048576K
}
Event: 397.835 GC heap before
{Heap before GC invocations=11 (full 0):
 garbage-first heap   total 102400K, used 81430K [0x0000000600000000, 0x0000000800000000)
  region size 4096K, 13 young (53248K), 1 survivors (4096K)
 Metaspace       used 42433K, committed 44096K, reserved 1114112K
  class space    used 6227K, committed 7040K, reserved 1048576K
}
Event: 397.838 GC heap after
{Heap after GC invocations=12 (full 0):
 garbage-first heap   total 102400K, used 33811K [0x0000000600000000, 0x0000000800000000)
  region size 4096K, 2 young (8192K), 2 survivors (8192K)
 Metaspace       used 42433K, committed 44096K, reserved 1114112K
  class space    used 6227K, committed 7040K, reserved 1048576K
}
Event: 410.224 GC heap before
{Heap before GC invocations=12 (full 0):
 garbage-first heap   total 102400K, used 82963K [0x0000000600000000, 0x0000000800000000)
  region size 4096K, 14 young (57344K), 2 survivors (8192K)
 Metaspace       used 46665K, committed 48384K, reserved 1114112K
  class space    used 6880K, committed 7744K, reserved 1048576K
}
Event: 410.236 GC heap after
{Heap after GC invocations=13 (full 0):
 garbage-first heap   total 102400K, used 36787K [0x0000000600000000, 0x0000000800000000)
  region size 4096K, 2 young (8192K), 2 survivors (8192K)
 Metaspace       used 46665K, committed 48384K, reserved 1114112K
  class space    used 6880K, committed 7744K, reserved 1048576K
}
Event: 418.617 GC heap before
{Heap before GC invocations=13 (full 0):
 garbage-first heap   total 102400K, used 81843K [0x0000000600000000, 0x0000000800000000)
  region size 4096K, 14 young (57344K), 2 survivors (8192K)
 Metaspace       used 48046K, committed 49792K, reserved 1114112K
  class space    used 7084K, committed 7936K, reserved 1048576K
}
Event: 418.631 GC heap after
{Heap after GC invocations=14 (full 0):
 garbage-first heap   total 102400K, used 40870K [0x0000000600000000, 0x0000000800000000)
  region size 4096K, 2 young (8192K), 2 survivors (8192K)
 Metaspace       used 48046K, committed 49792K, reserved 1114112K
  class space    used 7084K, committed 7936K, reserved 1048576K
}

