# JRE version: OpenJDK Runtime Environment Temurin-21.0.12.1+1 (21.0.12.1+1) (build 21.0.12.1+1-LTS)
# Java VM: OpenJDK 64-Bit Server VM Temurin-21.0.12.1+1 (21.0.12.1+1-LTS, mixed mode, sharing, tiered, compressed oops, compressed class ptrs, g1 gc, windows-amd64)
GC Precious Log:
 CardTable entry size: 512
 Card Set container configuration: InlinePtr #cards 4 size 8 Array Of Cards #cards 32 size 80 Howl #buckets 8 coarsen threshold 7372 Howl Bitmap #cards 1024 size 144 coarsen threshold 921 Card regions per heap region 1 cards per card region 8192
 CPUs: 20 total, 20 available
 Memory: 16068M
 Large Page Support: Disabled
 NUMA Support: Disabled
 Compressed Oops: Enabled (Zero based)
 Heap Region Size: 4M
 Heap Min Capacity: 8M
 Heap Initial Capacity: 252M
 Heap Max Capacity: 8G
 Pre-touch: Disabled
 Parallel Workers: 15
 Concurrent Workers: 4
 Concurrent Refinement Workers: 15
 Periodic GC: Disabled
Heap:
 garbage-first heap   total 102400K, used 79466K [0x0000000600000000, 0x0000000800000000)
  region size 4096K, 14 young (57344K), 2 survivors (8192K)
 Metaspace       used 47090K, committed 48832K, reserved 1114112K
  class space    used 6956K, committed 7808K, reserved 1048576K
GC Heap History (20 events):
Event: 0.386 GC heap before
{Heap before GC invocations=0 (full 0):
 garbage-first heap   total 258048K, used 20480K [0x0000000600000000, 0x0000000800000000)
  region size 4096K, 5 young (20480K), 0 survivors (0K)
 Metaspace       used 878K, committed 1024K, reserved 1114112K
  class space    used 71K, committed 128K, reserved 1048576K
}
Event: 0.388 GC heap after
{Heap after GC invocations=1 (full 0):
 garbage-first heap   total 258048K, used 1688K [0x0000000600000000, 0x0000000800000000)
  region size 4096K, 1 young (4096K), 1 survivors (4096K)
 Metaspace       used 878K, committed 1024K, reserved 1114112K
  class space    used 71K, committed 128K, reserved 1048576K
}
Event: 1.249 GC heap before
{Heap before GC invocations=1 (full 0):
 garbage-first heap   total 258048K, used 46744K [0x0000000600000000, 0x0000000800000000)
  region size 4096K, 11 young (45056K), 1 survivors (4096K)
 Metaspace       used 4599K, committed 4800K, reserved 1114112K
  class space    used 582K, committed 704K, reserved 1048576K
}
Event: 1.254 GC heap after
{Heap after GC invocations=2 (full 0):
 garbage-first heap   total 258048K, used 11514K [0x0000000600000000, 0x0000000800000000)
  region size 4096K, 2 young (8192K), 2 survivors (8192K)
 Metaspace       used 4599K, committed 4800K, reserved 1114112K
  class space    used 582K, committed 704K, reserved 1048576K
}
Event: 25.867 GC heap before
{Heap before GC invocations=2 (full 0):
 garbage-first heap   total 258048K, used 122106K [0x0000000600000000, 0x0000000800000000)
  region size 4096K, 29 young (118784K), 2 survivors (8192K)
 Metaspace       used 16236K, committed 16704K, reserved 1114112K
  class space    used 2227K, committed 2432K, reserved 1048576K
}
Event: 25.881 GC heap after
{Heap after GC invocations=3 (full 0):
 garbage-first heap   total 258048K, used 21157K [0x0000000600000000, 0x0000000800000000)
  region size 4096K, 4 young (16384K), 4 survivors (16384K)
 Metaspace       used 16236K, committed 16704K, reserved 1114112K
  class space    used 2227K, committed 2432K, reserved 1048576K
}
Event: 26.729 GC heap before
{Heap before GC invocations=3 (full 0):
 garbage-first heap   total 258048K, used 49829K [0x0000000600000000, 0x0000000800000000)
  region size 4096K, 13 young (53248K), 4 survivors (16384K)
 Metaspace       used 20894K, committed 21504K, reserved 1114112K
  class space    used 2887K, committed 3136K, reserved 1048576K
}
Event: 26.736 GC heap after
{Heap after GC invocations=4 (full 0):
 garbage-first heap   total 258048K, used 23876K [0x0000000600000000, 0x0000000800000000)
  region size 4096K, 3 young (12288K), 3 survivors (12288K)
 Metaspace       used 20894K, committed 21504K, reserved 1114112K
  class space    used 2887K, committed 3136K, reserved 1048576K
}
Event: 28.330 GC heap before
{Heap before GC invocations=5 (full 0):
 garbage-first heap   total 81920K, used 81220K [0x0000000600000000, 0x0000000800000000)
  region size 4096K, 17 young (69632K), 3 survivors (12288K)
 Metaspace       used 27988K, committed 28992K, reserved 1114112K
  class space    used 4018K, committed 4480K, reserved 1048576K
}
Event: 28.339 GC heap after
{Heap after GC invocations=6 (full 0):
 garbage-first heap   total 102400K, used 27026K [0x0000000600000000, 0x0000000800000000)
  region size 4096K, 2 young (8192K), 2 survivors (8192K)
 Metaspace       used 27988K, committed 28992K, reserved 1114112K
  class space    used 4018K, committed 4480K, reserved 1048576K
}
Event: 29.577 GC heap before
{Heap before GC invocations=6 (full 0):
 garbage-first heap   total 102400K, used 72082K [0x0000000600000000, 0x0000000800000000)
  region size 4096K, 14 young (57344K), 2 survivors (8192K)
 Metaspace       used 34241K, committed 35584K, reserved 1114112K
  class space    used 4919K, committed 5568K, reserved 1048576K
}
Event: 29.582 GC heap after
{Heap after GC invocations=7 (full 0):
 garbage-first heap   total 102400K, used 30155K [0x0000000600000000, 0x0000000800000000)
  region size 4096K, 2 young (8192K), 2 survivors (8192K)
 Metaspace       used 34241K, committed 35584K, reserved 1114112K
  class space    used 4919K, committed 5568K, reserved 1048576K
}
Event: 29.676 GC heap before
{Heap before GC invocations=7 (full 0):
 garbage-first heap   total 102400K, used 30155K [0x0000000600000000, 0x0000000800000000)
  region size 4096K, 3 young (12288K), 2 survivors (8192K)
 Metaspace       used 34831K, committed 36160K, reserved 1114112K
  class space    used 4972K, committed 5632K, reserved 1048576K
}
Event: 29.679 GC heap after
{Heap after GC invocations=8 (full 0):
 garbage-first heap   total 102400K, used 31021K [0x0000000600000000, 0x0000000800000000)
  region size 4096K, 1 young (4096K), 1 survivors (4096K)
 Metaspace       used 34831K, committed 36160K, reserved 1114112K
  class space    used 4972K, committed 5632K, reserved 1048576K
}
Event: 71.286 GC heap before
{Heap before GC invocations=9 (full 0):
 garbage-first heap   total 102400K, used 76077K [0x0000000600000000, 0x0000000800000000)
  region size 4096K, 13 young (53248K), 1 survivors (4096K)
 Metaspace       used 36960K, committed 38400K, reserved 1114112K
  class space    used 5317K, committed 6016K, reserved 1048576K
}
Event: 71.331 GC heap after
{Heap after GC invocations=10 (full 0):
 garbage-first heap   total 102400K, used 32518K [0x0000000600000000, 0x0000000800000000)
  region size 4096K, 2 young (8192K), 2 survivors (8192K)
 Metaspace       used 36960K, committed 38400K, reserved 1114112K
  class space    used 5317K, committed 6016K, reserved 1048576K
}
Event: 297.501 GC heap before
{Heap before GC invocations=10 (full 0):
 garbage-first heap   total 102400K, used 81670K [0x0000000600000000, 0x0000000800000000)
  region size 4096K, 14 young (57344K), 2 survivors (8192K)
 Metaspace       used 40512K, committed 42112K, reserved 1114112K
  class space    used 5903K, committed 6656K, reserved 1048576K
}
Event: 297.523 GC heap after
{Heap after GC invocations=11 (full 0):
 garbage-first heap   total 102400K, used 33164K [0x0000000600000000, 0x0000000800000000)
  region size 4096K, 1 young (4096K), 1 survivors (4096K)
 Metaspace       used 40512K, committed 42112K, reserved 1114112K
  class space    used 5903K, committed 6656K, reserved 1048576K
}
Event: 299.758 GC heap before
{Heap before GC invocations=11 (full 0):
 garbage-first heap   total 102400K, used 82316K [0x0000000600000000, 0x0000000800000000)
  region size 4096K, 13 young (53248K), 1 survivors (4096K)
 Metaspace       used 43058K, committed 44736K, reserved 1114112K
  class space    used 6343K, committed 7168K, reserved 1048576K
}
Event: 299.761 GC heap after
{Heap after GC invocations=12 (full 0):
 garbage-first heap   total 102400K, used 34410K [0x0000000600000000, 0x0000000800000000)
  region size 4096K, 2 young (8192K), 2 survivors (8192K)
 Metaspace       used 43058K, committed 44736K, reserved 1114112K
  class space    used 6343K, committed 7168K, reserved 1048576K
}

