# JRE version: OpenJDK Runtime Environment Temurin-21.0.12.1+1 (21.0.12.1+1) (build 21.0.12.1+1-LTS)
# Java VM: OpenJDK 64-Bit Server VM Temurin-21.0.12.1+1 (21.0.12.1+1-LTS, mixed mode, sharing, tiered, compressed oops, compressed class ptrs, g1 gc, windows-amd64)
GC Precious Log:
 CardTable entry size: 512
 Card Set container configuration: InlinePtr #cards 4 size 8 Array Of Cards #cards 32 size 80 Howl #buckets 8 coarsen threshold 7372 Howl Bitmap #cards 1024 size 144 coarsen threshold 921 Card regions per heap region 1 cards per card region 8192
 CPUs: 20 total, 20 available
 Memory: 16068M
 Large Page Support: Disabled
 NUMA Support: Disabled
 Compressed Oops: Enabled (Zero based)
 Heap Region Size: 4M
 Heap Min Capacity: 8M
 Heap Initial Capacity: 252M
 Heap Max Capacity: 8G
 Pre-touch: Disabled
 Parallel Workers: 15
 Concurrent Workers: 4
 Concurrent Refinement Workers: 15
 Periodic GC: Disabled
Heap:
 garbage-first heap   total 106496K, used 81447K [0x0000000600000000, 0x0000000800000000)
  region size 4096K, 14 young (57344K), 1 survivors (4096K)
 Metaspace       used 41770K, committed 43520K, reserved 1114112K
  class space    used 6108K, committed 6976K, reserved 1048576K
GC Heap History (18 events):
Event: 0.583 GC heap before
{Heap before GC invocations=0 (full 0):
 garbage-first heap   total 258048K, used 20480K [0x0000000600000000, 0x0000000800000000)
  region size 4096K, 5 young (20480K), 0 survivors (0K)
 Metaspace       used 886K, committed 1024K, reserved 1114112K
  class space    used 71K, committed 128K, reserved 1048576K
}
Event: 0.586 GC heap after
{Heap after GC invocations=1 (full 0):
 garbage-first heap   total 258048K, used 1688K [0x0000000600000000, 0x0000000800000000)
  region size 4096K, 1 young (4096K), 1 survivors (4096K)
 Metaspace       used 886K, committed 1024K, reserved 1114112K
  class space    used 71K, committed 128K, reserved 1048576K
}
Event: 2.091 GC heap before
{Heap before GC invocations=1 (full 0):
 garbage-first heap   total 258048K, used 46744K [0x0000000600000000, 0x0000000800000000)
  region size 4096K, 11 young (45056K), 1 survivors (4096K)
 Metaspace       used 4613K, committed 4800K, reserved 1114112K
  class space    used 583K, committed 704K, reserved 1048576K
}
Event: 2.097 GC heap after
{Heap after GC invocations=2 (full 0):
 garbage-first heap   total 258048K, used 11491K [0x0000000600000000, 0x0000000800000000)
  region size 4096K, 2 young (8192K), 2 survivors (8192K)
 Metaspace       used 4613K, committed 4800K, reserved 1114112K
  class space    used 583K, committed 704K, reserved 1048576K
}
Event: 27.918 GC heap before
{Heap before GC invocations=2 (full 0):
 garbage-first heap   total 258048K, used 154851K [0x0000000600000000, 0x0000000800000000)
  region size 4096K, 37 young (151552K), 2 survivors (8192K)
 Metaspace       used 20798K, committed 21376K, reserved 1114112K
  class space    used 2879K, committed 3136K, reserved 1048576K
}
Event: 27.934 GC heap after
{Heap after GC invocations=3 (full 0):
 garbage-first heap   total 258048K, used 23328K [0x0000000600000000, 0x0000000800000000)
  region size 4096K, 5 young (20480K), 5 survivors (20480K)
 Metaspace       used 20798K, committed 21376K, reserved 1114112K
  class space    used 2879K, committed 3136K, reserved 1048576K
}
Event: 27.950 GC heap before
{Heap before GC invocations=3 (full 0):
 garbage-first heap   total 258048K, used 23328K [0x0000000600000000, 0x0000000800000000)
  region size 4096K, 6 young (24576K), 5 survivors (20480K)
 Metaspace       used 20911K, committed 21504K, reserved 1114112K
  class space    used 2890K, committed 3136K, reserved 1048576K
}
Event: 27.962 GC heap after
{Heap after GC invocations=4 (full 0):
 garbage-first heap   total 258048K, used 24473K [0x0000000600000000, 0x0000000800000000)
  region size 4096K, 1 young (4096K), 1 survivors (4096K)
 Metaspace       used 20911K, committed 21504K, reserved 1114112K
  class space    used 2890K, committed 3136K, reserved 1048576K
}
Event: 29.559 GC heap before
{Heap before GC invocations=5 (full 0):
 garbage-first heap   total 98304K, used 94105K [0x0000000600000000, 0x0000000800000000)
  region size 4096K, 18 young (73728K), 1 survivors (4096K)
 Metaspace       used 29430K, committed 30528K, reserved 1114112K
  class space    used 4267K, committed 4800K, reserved 1048576K
}
Event: 29.563 GC heap after
{Heap after GC invocations=6 (full 0):
 garbage-first heap   total 106496K, used 27004K [0x0000000600000000, 0x0000000800000000)
  region size 4096K, 2 young (8192K), 2 survivors (8192K)
 Metaspace       used 29430K, committed 30528K, reserved 1114112K
  class space    used 4267K, committed 4800K, reserved 1048576K
}
Event: 30.457 GC heap before
{Heap before GC invocations=6 (full 0):
 garbage-first heap   total 106496K, used 59772K [0x0000000600000000, 0x0000000800000000)
  region size 4096K, 12 young (49152K), 2 survivors (8192K)
 Metaspace       used 34699K, committed 35968K, reserved 1114112K
  class space    used 4967K, committed 5568K, reserved 1048576K
}
Event: 30.466 GC heap after
{Heap after GC invocations=7 (full 0):
 garbage-first heap   total 106496K, used 29430K [0x0000000600000000, 0x0000000800000000)
  region size 4096K, 2 young (8192K), 2 survivors (8192K)
 Metaspace       used 34699K, committed 35968K, reserved 1114112K
  class space    used 4967K, committed 5568K, reserved 1048576K
}
Event: 30.490 GC heap before
{Heap before GC invocations=7 (full 0):
 garbage-first heap   total 106496K, used 29430K [0x0000000600000000, 0x0000000800000000)
  region size 4096K, 3 young (12288K), 2 survivors (8192K)
 Metaspace       used 34948K, committed 36288K, reserved 1114112K
  class space    used 4976K, committed 5632K, reserved 1048576K
}
Event: 30.493 GC heap after
{Heap after GC invocations=8 (full 0):
 garbage-first heap   total 106496K, used 29780K [0x0000000600000000, 0x0000000800000000)
  region size 4096K, 1 young (4096K), 1 survivors (4096K)
 Metaspace       used 34948K, committed 36288K, reserved 1114112K
  class space    used 4976K, committed 5632K, reserved 1048576K
}
Event: 204.378 GC heap before
{Heap before GC invocations=9 (full 0):
 garbage-first heap   total 106496K, used 83028K [0x0000000600000000, 0x0000000800000000)
  region size 4096K, 15 young (61440K), 1 survivors (4096K)
 Metaspace       used 36996K, committed 38400K, reserved 1114112K
  class space    used 5318K, committed 6016K, reserved 1048576K
}
Event: 204.740 GC heap after
{Heap after GC invocations=10 (full 0):
 garbage-first heap   total 106496K, used 31300K [0x0000000600000000, 0x0000000800000000)
  region size 4096K, 2 young (8192K), 2 survivors (8192K)
 Metaspace       used 36996K, committed 38400K, reserved 1114112K
  class space    used 5318K, committed 6016K, reserved 1048576K
}
Event: 253.851 GC heap before
{Heap before GC invocations=10 (full 0):
 garbage-first heap   total 106496K, used 55876K [0x0000000600000000, 0x0000000800000000)
  region size 4096K, 8 young (32768K), 2 survivors (8192K)
 Metaspace       used 39124K, committed 40640K, reserved 1114112K
  class space    used 5676K, committed 6400K, reserved 1048576K
}
Event: 253.862 GC heap after
{Heap after GC invocations=11 (full 0):
 garbage-first heap   total 106496K, used 32295K [0x0000000600000000, 0x0000000800000000)
  region size 4096K, 1 young (4096K), 1 survivors (4096K)
 Metaspace       used 39124K, committed 40640K, reserved 1114112K
  class space    used 5676K, committed 6400K, reserved 1048576K
}

