# JRE version: OpenJDK Runtime Environment Temurin-21.0.12.1+1 (21.0.12.1+1) (build 21.0.12.1+1-LTS)
# Java VM: OpenJDK 64-Bit Server VM Temurin-21.0.12.1+1 (21.0.12.1+1-LTS, mixed mode, sharing, tiered, compressed oops, compressed class ptrs, g1 gc, windows-amd64)
GC Precious Log:
 CardTable entry size: 512
 Card Set container configuration: InlinePtr #cards 4 size 8 Array Of Cards #cards 32 size 80 Howl #buckets 8 coarsen threshold 7372 Howl Bitmap #cards 1024 size 144 coarsen threshold 921 Card regions per heap region 1 cards per card region 8192
 CPUs: 20 total, 20 available
 Memory: 16068M
 Large Page Support: Disabled
 NUMA Support: Disabled
 Compressed Oops: Enabled (Zero based)
 Heap Region Size: 4M
 Heap Min Capacity: 8M
 Heap Initial Capacity: 252M
 Heap Max Capacity: 8G
 Pre-touch: Disabled
 Parallel Workers: 15
 Concurrent Workers: 4
 Concurrent Refinement Workers: 15
 Periodic GC: Disabled
Heap:
 garbage-first heap   total 102400K, used 65451K [0x0000000600000000, 0x0000000800000000)
  region size 4096K, 6 young (24576K), 1 survivors (4096K)
 Metaspace       used 59442K, committed 61376K, reserved 1114112K
  class space    used 8786K, committed 9728K, reserved 1048576K
GC Heap History (20 events):
Event: 55.648 GC heap before
{Heap before GC invocations=6 (full 0):
 garbage-first heap   total 102400K, used 72517K [0x0000000600000000, 0x0000000800000000)
  region size 4096K, 14 young (57344K), 2 survivors (8192K)
 Metaspace       used 34305K, committed 35648K, reserved 1114112K
  class space    used 4914K, committed 5568K, reserved 1048576K
}
Event: 55.653 GC heap after
{Heap after GC invocations=7 (full 0):
 garbage-first heap   total 102400K, used 30395K [0x0000000600000000, 0x0000000800000000)
  region size 4096K, 2 young (8192K), 2 survivors (8192K)
 Metaspace       used 34305K, committed 35648K, reserved 1114112K
  class space    used 4914K, committed 5568K, reserved 1048576K
}
Event: 55.935 GC heap before
{Heap before GC invocations=7 (full 0):
 garbage-first heap   total 102400K, used 30395K [0x0000000600000000, 0x0000000800000000)
  region size 4096K, 3 young (12288K), 2 survivors (8192K)
 Metaspace       used 34677K, committed 35968K, reserved 1114112K
  class space    used 4954K, committed 5568K, reserved 1048576K
}
Event: 55.939 GC heap after
{Heap after GC invocations=8 (full 0):
 garbage-first heap   total 102400K, used 31127K [0x0000000600000000, 0x0000000800000000)
  region size 4096K, 1 young (4096K), 1 survivors (4096K)
 Metaspace       used 34677K, committed 35968K, reserved 1114112K
  class space    used 4954K, committed 5568K, reserved 1048576K
}
Event: 110.734 GC heap before
{Heap before GC invocations=9 (full 0):
 garbage-first heap   total 102400K, used 80279K [0x0000000600000000, 0x0000000800000000)
  region size 4096K, 13 young (53248K), 1 survivors (4096K)
 Metaspace       used 36999K, committed 38464K, reserved 1114112K
  class space    used 5310K, committed 6016K, reserved 1048576K
}
Event: 111.042 GC heap after
{Heap after GC invocations=10 (full 0):
 garbage-first heap   total 102400K, used 32764K [0x0000000600000000, 0x0000000800000000)
  region size 4096K, 2 young (8192K), 2 survivors (8192K)
 Metaspace       used 36999K, committed 38464K, reserved 1114112K
  class space    used 5310K, committed 6016K, reserved 1048576K
}
Event: 156.372 GC heap before
{Heap before GC invocations=10 (full 0):
 garbage-first heap   total 102400K, used 36860K [0x0000000600000000, 0x0000000800000000)
  region size 4096K, 3 young (12288K), 2 survivors (8192K)
 Metaspace       used 37014K, committed 38464K, reserved 1114112K
  class space    used 5310K, committed 6016K, reserved 1048576K
}
Event: 156.699 GC heap after
{Heap after GC invocations=11 (full 0):
 garbage-first heap   total 102400K, used 31579K [0x0000000600000000, 0x0000000800000000)
  region size 4096K, 1 young (4096K), 1 survivors (4096K)
 Metaspace       used 37014K, committed 38464K, reserved 1114112K
  class space    used 5310K, committed 6016K, reserved 1048576K
}
Event: 204.034 GC heap before
{Heap before GC invocations=11 (full 0):
 garbage-first heap   total 102400K, used 76635K [0x0000000600000000, 0x0000000800000000)
  region size 4096K, 13 young (53248K), 1 survivors (4096K)
 Metaspace       used 40518K, committed 42112K, reserved 1114112K
  class space    used 5905K, committed 6656K, reserved 1048576K
}
Event: 204.052 GC heap after
{Heap after GC invocations=12 (full 0):
 garbage-first heap   total 102400K, used 32820K [0x0000000600000000, 0x0000000800000000)
  region size 4096K, 1 young (4096K), 1 survivors (4096K)
 Metaspace       used 40518K, committed 42112K, reserved 1114112K
  class space    used 5905K, committed 6656K, reserved 1048576K
}
Event: 221.769 GC heap before
{Heap before GC invocations=12 (full 0):
 garbage-first heap   total 102400K, used 81972K [0x0000000600000000, 0x0000000800000000)
  region size 4096K, 13 young (53248K), 1 survivors (4096K)
 Metaspace       used 44196K, committed 45952K, reserved 1114112K
  class space    used 6534K, committed 7424K, reserved 1048576K
}
Event: 221.808 GC heap after
{Heap after GC invocations=13 (full 0):
 garbage-first heap   total 102400K, used 34715K [0x0000000600000000, 0x0000000800000000)
  region size 4096K, 2 young (8192K), 2 survivors (8192K)
 Metaspace       used 44196K, committed 45952K, reserved 1114112K
  class space    used 6534K, committed 7424K, reserved 1048576K
}
Event: 243.995 GC heap before
{Heap before GC invocations=13 (full 0):
 garbage-first heap   total 102400K, used 83867K [0x0000000600000000, 0x0000000800000000)
  region size 4096K, 14 young (57344K), 2 survivors (8192K)
 Metaspace       used 47686K, committed 49408K, reserved 1114112K
  class space    used 7079K, committed 7936K, reserved 1048576K
}
Event: 244.102 GC heap after
{Heap after GC invocations=14 (full 0):
 garbage-first heap   total 102400K, used 39559K [0x0000000600000000, 0x0000000800000000)
  region size 4096K, 2 young (8192K), 2 survivors (8192K)
 Metaspace       used 47686K, committed 49408K, reserved 1114112K
  class space    used 7079K, committed 7936K, reserved 1048576K
}
Event: 244.884 GC heap before
{Heap before GC invocations=14 (full 0):
 garbage-first heap   total 102400K, used 84615K [0x0000000600000000, 0x0000000800000000)
  region size 4096K, 14 young (57344K), 2 survivors (8192K)
 Metaspace       used 50139K, committed 52032K, reserved 1114112K
  class space    used 7475K, committed 8384K, reserved 1048576K
}
Event: 244.897 GC heap after
{Heap after GC invocations=15 (full 0):
 garbage-first heap   total 102400K, used 40133K [0x0000000600000000, 0x0000000800000000)
  region size 4096K, 1 young (4096K), 1 survivors (4096K)
 Metaspace       used 50139K, committed 52032K, reserved 1114112K
  class space    used 7475K, committed 8384K, reserved 1048576K
}
Event: 246.855 GC heap before
{Heap before GC invocations=15 (full 0):
 garbage-first heap   total 102400K, used 81093K [0x0000000600000000, 0x0000000800000000)
  region size 4096K, 12 young (49152K), 1 survivors (4096K)
 Metaspace       used 54135K, committed 56000K, reserved 1114112K
  class space    used 8053K, committed 8960K, reserved 1048576K
}
Event: 246.858 GC heap after
{Heap after GC invocations=16 (full 0):
 garbage-first heap   total 102400K, used 46129K [0x0000000600000000, 0x0000000800000000)
  region size 4096K, 2 young (8192K), 2 survivors (8192K)
 Metaspace       used 54135K, committed 56000K, reserved 1114112K
  class space    used 8053K, committed 8960K, reserved 1048576K
}
Event: 247.898 GC heap before
{Heap before GC invocations=16 (full 0):
 garbage-first heap   total 102400K, used 78897K [0x0000000600000000, 0x0000000800000000)
  region size 4096K, 11 young (45056K), 2 survivors (8192K)
 Metaspace       used 58223K, committed 60096K, reserved 1114112K
  class space    used 8576K, committed 9472K, reserved 1048576K
}
Event: 247.916 GC heap after
{Heap after GC invocations=17 (full 0):
 garbage-first heap   total 102400K, used 49067K [0x0000000600000000, 0x0000000800000000)
  region size 4096K, 1 young (4096K), 1 survivors (4096K)
 Metaspace       used 58223K, committed 60096K, reserved 1114112K
  class space    used 8576K, committed 9472K, reserved 1048576K
}

