# JRE version: OpenJDK Runtime Environment Temurin-21.0.12.1+1 (21.0.12.1+1) (build 21.0.12.1+1-LTS)
# Java VM: OpenJDK 64-Bit Server VM Temurin-21.0.12.1+1 (21.0.12.1+1-LTS, mixed mode, sharing, tiered, compressed oops, compressed class ptrs, g1 gc, windows-amd64)
GC Precious Log:
 CardTable entry size: 512
 Card Set container configuration: InlinePtr #cards 4 size 8 Array Of Cards #cards 32 size 80 Howl #buckets 8 coarsen threshold 7372 Howl Bitmap #cards 1024 size 144 coarsen threshold 921 Card regions per heap region 1 cards per card region 8192
 CPUs: 20 total, 20 available
 Memory: 16068M
 Large Page Support: Disabled
 NUMA Support: Disabled
 Compressed Oops: Enabled (Zero based)
 Heap Region Size: 4M
 Heap Min Capacity: 8M
 Heap Initial Capacity: 252M
 Heap Max Capacity: 8G
 Pre-touch: Disabled
 Parallel Workers: 15
 Concurrent Workers: 4
 Concurrent Refinement Workers: 15
 Periodic GC: Disabled
Heap:
 garbage-first heap   total 221184K, used 163606K [0x0000000600000000, 0x0000000800000000)
  region size 4096K, 11 young (45056K), 3 survivors (12288K)
 Metaspace       used 122161K, committed 124608K, reserved 1179648K
  class space    used 16820K, committed 18048K, reserved 1048576K
GC Heap History (20 events):
Event: 251.260 GC heap before
{Heap before GC invocations=44 (full 0):
 garbage-first heap   total 172032K, used 145048K [0x0000000600000000, 0x0000000800000000)
  region size 4096K, 12 young (49152K), 1 survivors (4096K)
 Metaspace       used 99912K, committed 102272K, reserved 1179648K
  class space    used 14368K, committed 15552K, reserved 1048576K
}
Event: 251.264 GC heap after
{Heap after GC invocations=45 (full 0):
 garbage-first heap   total 172032K, used 101097K [0x0000000600000000, 0x0000000800000000)
  region size 4096K, 2 young (8192K), 2 survivors (8192K)
 Metaspace       used 99912K, committed 102272K, reserved 1179648K
  class space    used 14368K, committed 15552K, reserved 1048576K
}
Event: 253.671 GC heap before
{Heap before GC invocations=45 (full 0):
 garbage-first heap   total 172032K, used 154345K [0x0000000600000000, 0x0000000800000000)
  region size 4096K, 15 young (61440K), 2 survivors (8192K)
 Metaspace       used 103483K, committed 105792K, reserved 1179648K
  class space    used 14851K, committed 16000K, reserved 1048576K
}
Event: 253.684 GC heap after
{Heap after GC invocations=46 (full 0):
 garbage-first heap   total 172032K, used 102898K [0x0000000600000000, 0x0000000800000000)
  region size 4096K, 2 young (8192K), 2 survivors (8192K)
 Metaspace       used 103483K, committed 105792K, reserved 1179648K
  class space    used 14851K, committed 16000K, reserved 1048576K
}
Event: 256.223 GC heap before
{Heap before GC invocations=46 (full 0):
 garbage-first heap   total 172032K, used 152050K [0x0000000600000000, 0x0000000800000000)
  region size 4096K, 15 young (61440K), 2 survivors (8192K)
 Metaspace       used 107588K, committed 109952K, reserved 1179648K
  class space    used 15198K, committed 16384K, reserved 1048576K
}
Event: 256.235 GC heap after
{Heap after GC invocations=47 (full 0):
 garbage-first heap   total 172032K, used 108272K [0x0000000600000000, 0x0000000800000000)
  region size 4096K, 2 young (8192K), 2 survivors (8192K)
 Metaspace       used 107588K, committed 109952K, reserved 1179648K
  class space    used 15198K, committed 16384K, reserved 1048576K
}
Event: 257.332 GC heap before
{Heap before GC invocations=48 (full 0):
 garbage-first heap   total 184320K, used 153328K [0x0000000600000000, 0x0000000800000000)
  region size 4096K, 14 young (57344K), 2 survivors (8192K)
 Metaspace       used 109886K, committed 112256K, reserved 1179648K
  class space    used 15528K, committed 16704K, reserved 1048576K
}
Event: 257.340 GC heap after
{Heap after GC invocations=49 (full 0):
 garbage-first heap   total 184320K, used 113954K [0x0000000600000000, 0x0000000800000000)
  region size 4096K, 2 young (8192K), 2 survivors (8192K)
 Metaspace       used 109886K, committed 112256K, reserved 1179648K
  class space    used 15528K, committed 16704K, reserved 1048576K
}
Event: 258.209 GC heap before
{Heap before GC invocations=49 (full 0):
 garbage-first heap   total 184320K, used 163106K [0x0000000600000000, 0x0000000800000000)
  region size 4096K, 14 young (57344K), 2 survivors (8192K)
 Metaspace       used 112667K, committed 115008K, reserved 1179648K
  class space    used 15900K, committed 17088K, reserved 1048576K
}
Event: 258.215 GC heap after
{Heap after GC invocations=50 (full 0):
 garbage-first heap   total 184320K, used 117542K [0x0000000600000000, 0x0000000800000000)
  region size 4096K, 2 young (8192K), 2 survivors (8192K)
 Metaspace       used 112667K, committed 115008K, reserved 1179648K
  class space    used 15900K, committed 17088K, reserved 1048576K
}
Event: 261.268 GC heap before
{Heap before GC invocations=50 (full 0):
 garbage-first heap   total 184320K, used 158502K [0x0000000600000000, 0x0000000800000000)
  region size 4096K, 13 young (53248K), 2 survivors (8192K)
 Metaspace       used 115727K, committed 118080K, reserved 1179648K
  class space    used 16278K, committed 17472K, reserved 1048576K
}
Event: 261.273 GC heap after
{Heap after GC invocations=51 (full 0):
 garbage-first heap   total 184320K, used 119047K [0x0000000600000000, 0x0000000800000000)
  region size 4096K, 2 young (8192K), 2 survivors (8192K)
 Metaspace       used 115727K, committed 118080K, reserved 1179648K
  class space    used 16278K, committed 17472K, reserved 1048576K
}
Event: 265.000 GC heap before
{Heap before GC invocations=52 (full 0):
 garbage-first heap   total 204800K, used 164103K [0x0000000600000000, 0x0000000800000000)
  region size 4096K, 14 young (57344K), 2 survivors (8192K)
 Metaspace       used 121189K, committed 123584K, reserved 1179648K
  class space    used 16807K, committed 17984K, reserved 1048576K
}
Event: 265.003 GC heap after
{Heap after GC invocations=53 (full 0):
 garbage-first heap   total 204800K, used 120423K [0x0000000600000000, 0x0000000800000000)
  region size 4096K, 1 young (4096K), 1 survivors (4096K)
 Metaspace       used 121189K, committed 123584K, reserved 1179648K
  class space    used 16807K, committed 17984K, reserved 1048576K
}
Event: 460.188 GC heap before
{Heap before GC invocations=53 (full 0):
 garbage-first heap   total 204800K, used 185959K [0x0000000600000000, 0x0000000800000000)
  region size 4096K, 17 young (69632K), 1 survivors (4096K)
 Metaspace       used 121456K, committed 123840K, reserved 1179648K
  class space    used 16811K, committed 17984K, reserved 1048576K
}
Event: 460.520 GC heap after
{Heap after GC invocations=54 (full 0):
 garbage-first heap   total 204800K, used 123419K [0x0000000600000000, 0x0000000800000000)
  region size 4096K, 2 young (8192K), 2 survivors (8192K)
 Metaspace       used 121456K, committed 123840K, reserved 1179648K
  class space    used 16811K, committed 17984K, reserved 1048576K
}
Event: 464.663 GC heap before
{Heap before GC invocations=54 (full 0):
 garbage-first heap   total 204800K, used 188955K [0x0000000600000000, 0x0000000800000000)
  region size 4096K, 18 young (73728K), 2 survivors (8192K)
 Metaspace       used 121716K, committed 124096K, reserved 1179648K
  class space    used 16812K, committed 17984K, reserved 1048576K
}
Event: 464.857 GC heap after
{Heap after GC invocations=55 (full 0):
 garbage-first heap   total 204800K, used 127810K [0x0000000600000000, 0x0000000800000000)
  region size 4096K, 3 young (12288K), 3 survivors (12288K)
 Metaspace       used 121716K, committed 124096K, reserved 1179648K
  class space    used 16812K, committed 17984K, reserved 1048576K
}
Event: 477.758 GC heap before
{Heap before GC invocations=56 (full 0):
 garbage-first heap   total 221184K, used 185154K [0x0000000600000000, 0x0000000800000000)
  region size 4096K, 17 young (69632K), 3 survivors (12288K)
 Metaspace       used 122023K, committed 124480K, reserved 1179648K
  class space    used 16818K, committed 18048K, reserved 1048576K
}
Event: 477.773 GC heap after
{Heap after GC invocations=57 (full 0):
 garbage-first heap   total 221184K, used 134934K [0x0000000600000000, 0x0000000800000000)
  region size 4096K, 3 young (12288K), 3 survivors (12288K)
 Metaspace       used 122023K, committed 124480K, reserved 1179648K
  class space    used 16818K, committed 18048K, reserved 1048576K
}

